ERROR: getresource TypeError: type=aws_glue_workflow key=Name descfn=list_workflows
['tpc-workflow']
ERROR: getresource TypeError: type=aws_guardduty_detector key=DetectorId descfn=list_detectors
['d4b6957e13373a8ba6cddf1968e8fd33']
type=aws_lex_bot_alias clfn=lex-models descfn=get_bot_aliases topkey=aliases id=None
type=aws_lexv2models_bot_locale clfn=lexv2-models descfn=list_bot_locales topkey=botLocales id=None
e=ParamValidationError('Parameter validation failed:\nMissing required parameter in input: "botId"\nMissing required parameter in input: "botVersion"') [pv2] common.py 929
-----------------------------------------------------------------------------
type=aws_lexv2models_bot_version clfn=lexv2-models descfn=list_bot_versions topkey=botVersions id=None
e=ParamValidationError('Parameter validation failed:\nMissing required parameter in input: "botId"') [pv2] common.py 929
-----------------------------------------------------------------------------
type=aws_msk_scram_secret_association clfn=kafka descfn=list_scram_secrets topkey=ScramSecrets id=None
ERROR: getresource TypeError: type=aws_organizations_organization key=Id descfn=describe_organization
{'Id': 'o-alvwg80ts9', 'Arn': 'arn:aws:organizations::566972129213:organization/o-alvwg80ts9', 'FeatureSet': 'ALL', 'MasterAccountArn': 'arn:aws:organizations::566972129213:account/o-alvwg80ts9/566972129213', 'MasterAccountId': '566972129213', 'MasterAccountEmail': 'awsandy+Net1@amazon.co.uk', 'AvailablePolicyTypes': [{'Type': 'SERVICE_CONTROL_POLICY', 'Status': 'ENABLED'}]}
ERROR: getresource TypeError: type=aws_organizations_organization key=Id descfn=describe_organization
{'Id': 'o-alvwg80ts9', 'Arn': 'arn:aws:organizations::566972129213:organization/o-alvwg80ts9', 'FeatureSet': 'ALL', 'MasterAccountArn': 'arn:aws:organizations::566972129213:account/o-alvwg80ts9/566972129213', 'MasterAccountId': '566972129213', 'MasterAccountEmail': 'awsandy+Net1@amazon.co.uk', 'AvailablePolicyTypes': [{'Type': 'SERVICE_CONTROL_POLICY', 'Status': 'ENABLED'}]}
ERROR: getresource TypeError: type=aws_organizations_organization key=Id descfn=describe_organization
{'Id': 'o-alvwg80ts9', 'Arn': 'arn:aws:organizations::566972129213:organization/o-alvwg80ts9', 'FeatureSet': 'ALL', 'MasterAccountArn': 'arn:aws:organizations::566972129213:account/o-alvwg80ts9/566972129213', 'MasterAccountId': '566972129213', 'MasterAccountEmail': 'awsandy+Net1@amazon.co.uk', 'AvailablePolicyTypes': [{'Type': 'SERVICE_CONTROL_POLICY', 'Status': 'ENABLED'}]}
ERROR: getresource TypeError: type=aws_organizations_organization key=Id descfn=describe_organization
{'Id': 'o-alvwg80ts9', 'Arn': 'arn:aws:organizations::566972129213:organization/o-alvwg80ts9', 'FeatureSet': 'ALL', 'MasterAccountArn': 'arn:aws:organizations::566972129213:account/o-alvwg80ts9/566972129213', 'MasterAccountId': '566972129213', 'MasterAccountEmail': 'awsandy+Net1@amazon.co.uk', 'AvailablePolicyTypes': [{'Type': 'SERVICE_CONTROL_POLICY', 'Status': 'ENABLED'}]}
ERROR: getresource TypeError: type=aws_organizations_organization key=Id descfn=describe_organization
{'Id': 'o-alvwg80ts9', 'Arn': 'arn:aws:organizations::566972129213:organization/o-alvwg80ts9', 'FeatureSet': 'ALL', 'MasterAccountArn': 'arn:aws:organizations::566972129213:account/o-alvwg80ts9/566972129213', 'MasterAccountId': '566972129213', 'MasterAccountEmail': 'awsandy+Net1@amazon.co.uk', 'AvailablePolicyTypes': [{'Type': 'SERVICE_CONTROL_POLICY', 'Status': 'ENABLED'}]}
ERROR: getresource TypeError: type=aws_organizations_organization key=Id descfn=describe_organization
{'Id': 'o-alvwg80ts9', 'Arn': 'arn:aws:organizations::566972129213:organization/o-alvwg80ts9', 'FeatureSet': 'ALL', 'MasterAccountArn': 'arn:aws:organizations::566972129213:account/o-alvwg80ts9/566972129213', 'MasterAccountId': '566972129213', 'MasterAccountEmail': 'awsandy+Net1@amazon.co.uk', 'AvailablePolicyTypes': [{'Type': 'SERVICE_CONTROL_POLICY', 'Status': 'ENABLED'}]}
ERROR: getresource TypeError: type=aws_organizations_organization key=Id descfn=describe_organization
{'Id': 'o-alvwg80ts9', 'Arn': 'arn:aws:organizations::566972129213:organization/o-alvwg80ts9', 'FeatureSet': 'ALL', 'MasterAccountArn': 'arn:aws:organizations::566972129213:account/o-alvwg80ts9/566972129213', 'MasterAccountId': '566972129213', 'MasterAccountEmail': 'awsandy+Net1@amazon.co.uk', 'AvailablePolicyTypes': [{'Type': 'SERVICE_CONTROL_POLICY', 'Status': 'ENABLED'}]}
type=aws_prometheus_rule_group_namespace clfn=amp descfn=list_rule_groups_namespaces topkey=ruleGroupsNamespaces id=None
type=aws_quicksight_group_membership clfn=quicksight descfn=list_group_memberships topkey=GroupMemberships id=None
type=aws_quicksight_refresh_schedule clfn=quicksight descfn=list_refresh_schedules topkey=RefreshSchedules id=None
e=ParamValidationError('Parameter validation failed:\nMissing required parameter in input: "AwsAccountId"\nMissing required parameter in input: "DataSetId"') [pv2] common.py 929
-----------------------------------------------------------------------------
type=aws_quicksight_vpc_connection clfn=quicksight descfn=list_vpc_connections topkey=VpcConnections id=None
e=ParamValidationError('Parameter validation failed:\nMissing required parameter in input: "AwsAccountId"') [pv2] common.py 929
-----------------------------------------------------------------------------
type=aws_route53recoverycontrolconfig_routing_control clfn=route53-recovery-control-config descfn=list_routing_controls topkey=RoutingControls id=None
type=aws_route53recoverycontrolconfig_safety_rule clfn=route53-recovery-control-config descfn=list_safety_rules topkey=SafetyRules id=None
type=aws_s3control_access_grant clfn=s3control descfn=list_access_grants topkey=AccessGrants id=None
e=ParamValidationError('Parameter validation failed:\nAccountId is required but not set') [pv2] common.py 929
-----------------------------------------------------------------------------
type=aws_s3control_access_grants_instance clfn=s3control descfn=list_access_grants topkey=AccessGrants id=None
e=ParamValidationError('Parameter validation failed:\nAccountId is required but not set') [pv2] common.py 929
-----------------------------------------------------------------------------
type=aws_s3control_access_grants_instance_resource_policy clfn=s3control descfn=list_access_grants topkey=AccessGrants id=None
e=ParamValidationError('Parameter validation failed:\nAccountId is required but not set') [pv2] common.py 929
-----------------------------------------------------------------------------
type=aws_s3control_access_grants_location clfn=s3control descfn=list_access_grants topkey=AccessGrants id=None
e=ParamValidationError('Parameter validation failed:\nAccountId is required but not set') [pv2] common.py 929
-----------------------------------------------------------------------------
type=aws_secretsmanager_secret_policy clfn=secretsmanager descfn=get_resource_policy topkey=ARN id=None
e=ParamValidationError('Parameter validation failed:\nMissing required parameter in input: "SecretId"') [pv2] common.py 929
-----------------------------------------------------------------------------
type=aws_servicequotas_service_quota clfn=service-quotas descfn=list_service_quotas topkey=Quotas id=None
type=aws_sfn_alias clfn=stepfunctions descfn=list_state_machine_aliases topkey=stateMachineAliases id=None
e=ParamValidationError('Parameter validation failed:\nMissing required parameter in input: "stateMachineArn"') [pv2] common.py 929
-----------------------------------------------------------------------------
type=aws_ssm_maintenance_window_target clfn=ssm descfn=describe_maintenance_window_targets topkey=Targets id=None
type=aws_ssm_maintenance_window_task clfn=ssm descfn=describe_maintenance_window_tasks topkey=Tasks id=None
type=aws_ssmcontacts_contact_channel clfn=ssm-contacts descfn=list_contact_channels topkey=ContactChannels id=None
type=aws_ssmcontacts_plan clfn=ssm-contacts descfn=get_contact topkey=Plan id=None
e=ParamValidationError('Parameter validation failed:\nMissing required parameter in input: "ContactId"') [pv2] common.py 929
-----------------------------------------------------------------------------
type=aws_ssoadmin_account_assignment clfn=sso-admin descfn=list_account_assignments topkey=AccountAssignments id=None
type=aws_ssoadmin_application clfn=sso-admin descfn=list_applications topkey=Applications id=None
type=aws_ssoadmin_application_assignment clfn=sso-admin descfn=list_application_assignments topkey=ApplicationAssignments id=None
type=aws_ssoadmin_permission_set clfn=sso-admin descfn=list_permission_sets topkey=PermissionSets id=None
type=aws_ssoadmin_trusted_token_issuer clfn=sso-admin descfn=list_trusted_token_issuers topkey=TrustedTokenIssuers id=None
type=aws_vpc_ipam_pool_cidr clfn=ec2 descfn=get_ipam_pool_cidrs topkey=IpamPoolCidrs id=None
type=aws_vpc_ipam_pool_cidr_allocation clfn=ec2 descfn=get_ipam_pool_allocations topkey=IpamPoolAllocations id=None
type=aws_vpc_ipv6_cidr_block_association clfn=ec2 descfn=get_associated_ipv6_pool_cidrs topkey=Ipv6CidrAssociations id=None
type=aws_wafv2_web_acl_association clfn=wafv2 descfn=get_web_acl topkey=WebACL id=None
e=ParamValidationError('Parameter validation failed:\nMissing required parameter in input: "Name"\nMissing required parameter in input: "Scope"\nMissing required parameter in input: "Id"') [pv2] common.py 929
-----------------------------------------------------------------------------
type=aws_wafv2_web_acl_logging_configuration clfn=wafv2 descfn=get_logging_configuration topkey=LoggingConfiguration id=None
e=ParamValidationError('Parameter validation failed:\nMissing required parameter in input: "ResourceArn"') [pv2] common.py 929
-----------------------------------------------------------------------------
type=aws_worklink_website_certificate_authority_association clfn=worklink descfn=list_website_certificate_authorities topkey=WebsiteCertificateAuthorities id=None
e=ParamValidationError('Parameter validation failed:\nMissing required parameter in input: "FleetArn"') [pv2] common.py 929
-----------------------------------------------------------------------------
ERROR: getresource TypeError: type=aws_xray_encryption_config key=EncryptionConfigId descfn=get_encryption_config
{'Status': 'ACTIVE', 'Type': 'NONE'}
ERROR: getresource TypeError: type=aws_xray_encryption_config key=EncryptionConfigId descfn=get_encryption_config
{'Status': 'ACTIVE', 'Type': 'NONE'}
