region set from aws cli as eu-west-2
args.merge=False
Using region: eu-west-2 account: 566972129213

skipping terraform init
No merge - removing terraform.tfstate* and aws_*.tf *.out
---<><>aws_kms_key None
add_dependancy: aws_kms_alias.k-00495339-0eca-4956-b4e5-76662a8320d0
add_dependancy: aws_kms_alias.k-08fae563-02ed-4854-88ae-aebb202e04af
add_dependancy: aws_kms_alias.k-0b332548-46fd-47fa-88d6-0a937fcf41be
add_dependancy: aws_kms_alias.k-0c054c29-b892-4990-b58a-979245498f07
add_dependancy: aws_kms_alias.k-0c0cdea0-8c40-4666-a201-b5325582bd86
add_dependancy: aws_kms_alias.k-0cbdb8d5-9a1e-4cf8-9c9d-5cc0a050ea47
add_dependancy: aws_kms_alias.k-21b42c4d-462c-46a0-8b01-a18a871d8877
add_dependancy: aws_kms_alias.k-253e95e0-240b-46c2-aa1c-62df98a77f17
add_dependancy: aws_kms_alias.k-26c148d5-197e-4c12-b4cd-42cd01a29965
add_dependancy: aws_kms_alias.k-2af1a278-dbbc-4717-8e53-28e43145a50a
add_dependancy: aws_kms_alias.k-2b45381b-d386-4bf2-bd3a-a26ed2725828
add_dependancy: aws_kms_alias.k-35b8efbb-680a-446d-88e9-9635c0360f48
add_dependancy: aws_kms_alias.k-36c865ff-519d-4734-8eec-edbc5946553a
add_dependancy: aws_kms_alias.k-4023a5df-5609-4d19-b0b6-622a0464fa70
add_dependancy: aws_kms_alias.k-41ed14e4-82c5-4d67-93fa-a7b9d16f8244
add_dependancy: aws_kms_alias.k-42e4f7d3-5aa8-465c-b3da-7b93d97b3841
add_dependancy: aws_kms_alias.k-43ed881c-a891-41e2-95c2-598899242e65
add_dependancy: aws_kms_alias.k-46cb19a3-aad2-4423-88cd-0e0f6228fc6a
add_dependancy: aws_kms_alias.k-4737ccd6-9530-491b-a820-80a14569ff21
add_dependancy: aws_kms_alias.k-478b9394-58bb-4fc7-90a5-1b38156d321d
add_dependancy: aws_kms_alias.k-48945a34-55a3-4550-89a1-694d21a000ca
add_dependancy: aws_kms_alias.k-49bb3268-e6a7-4a5e-adb1-0ff0cf2f1f42
add_dependancy: aws_kms_alias.k-4d854131-c39b-4c91-824e-28f63fe9f56e
add_dependancy: aws_kms_alias.k-51cd5562-b559-4a3a-a296-e5796f569d14
add_dependancy: aws_kms_alias.k-537d3f5f-aedc-4df3-b822-09217db2e95d
add_dependancy: aws_kms_alias.k-5bedfcde-836c-4e8c-8fe2-24d627995a91
add_dependancy: aws_kms_alias.k-623bfa5b-5ee5-41ba-b119-4c56c7de99d5
add_dependancy: aws_kms_alias.k-649599bd-8a4f-4331-95a1-54ecaa15ff54
add_dependancy: aws_kms_alias.k-815272b3-1254-4e82-9860-515b5d4af7a4
WARNING: can't access key
e=TypeError("handle_error() missing 2 required positional arguments: 'topkey' and 'id'")
<class 'TypeError'> aws_kms.py 52
add_dependancy: aws_kms_alias.k-8263ac3a-af0a-4228-b60e-7830969c9786
add_dependancy: aws_kms_alias.k-85aab31b-7d6d-4b17-aa52-a15fca4bf972
add_dependancy: aws_kms_alias.k-86271421-0143-4a7d-9637-bf4d92ff17f7
add_dependancy: aws_kms_alias.k-864434b5-ed02-4038-aeff-f4b0bb9117c3
add_dependancy: aws_kms_alias.k-8d110eb1-c9fb-47e7-a31b-68c0cce330d5
add_dependancy: aws_kms_alias.k-8da3ccc3-0da4-490e-a8ed-777a616565f5
add_dependancy: aws_kms_alias.k-9734b81f-cda4-40dc-bf7a-44581ebf2808
add_dependancy: aws_kms_alias.k-9b699b25-1c57-45a5-8fe9-7a8c1a2d2327
add_dependancy: aws_kms_alias.k-a3a8e1b0-782b-42a5-ad81-b4f9a0243de2
add_dependancy: aws_kms_alias.k-a4c6ba9a-b250-4dd1-a439-f0ee665b6a0c
add_dependancy: aws_kms_alias.k-a505f012-0dd8-4302-a13c-74e4f6df46f4
add_dependancy: aws_kms_alias.k-af6d8c0d-daa0-478f-8db8-f0bc86477f5e
add_dependancy: aws_kms_alias.k-b7840db1-03cb-4383-916c-97a491e1c5cc
add_dependancy: aws_kms_alias.k-b9442d0a-9571-4f68-9777-eec935c3e421
add_dependancy: aws_kms_alias.k-bf963bc3-c798-4131-9909-2e4289915f07
add_dependancy: aws_kms_alias.k-c2d7fd04-e746-4ce3-83cb-13380d649408
add_dependancy: aws_kms_alias.k-c7962226-5f1d-409f-af38-3cd23580da38
add_dependancy: aws_kms_alias.k-c9fc3537-7652-4bcc-9829-5b39736c46f9
add_dependancy: aws_kms_alias.k-cefa9ce5-d71d-48eb-9a72-6dbcabbcd380
add_dependancy: aws_kms_alias.k-d894c17c-0404-44c4-95bf-b8cbd75def65
add_dependancy: aws_kms_alias.k-deb04e86-2a15-4235-9cf0-cea0745ef1bc
add_dependancy: aws_kms_alias.k-e1fed1d0-6f1b-4333-a484-d9aa119e1262
add_dependancy: aws_kms_alias.k-e84309dc-cb34-4ab1-84a2-50144691de35
Terraform Plan Loop ... 
terraform plan -generate-config-out=resources.out -out tfplan -json | jq . > plan1.json
ERROR: Removing 817bb810-7154-4d9b-b582-7dbb62e77876 files - plan errors see plan1.json [p3]
split file:resources.out
ERROR: Removing 817bb810-7154-4d9b-b582-7dbb62e77876 files - plan errors see plan1.json [p4]
e=FileNotFoundError(2, 'No such file or directory')
Detected Dependancies -----------------------
aws_kms_alias.k-00495339-0eca-4956-b4e5-76662a8320d0
aws_kms_alias.k-08fae563-02ed-4854-88ae-aebb202e04af
aws_kms_alias.k-0b332548-46fd-47fa-88d6-0a937fcf41be
aws_kms_alias.k-0c054c29-b892-4990-b58a-979245498f07
aws_kms_alias.k-0c0cdea0-8c40-4666-a201-b5325582bd86
aws_kms_alias.k-0cbdb8d5-9a1e-4cf8-9c9d-5cc0a050ea47
aws_kms_alias.k-21b42c4d-462c-46a0-8b01-a18a871d8877
aws_kms_alias.k-253e95e0-240b-46c2-aa1c-62df98a77f17
aws_kms_alias.k-26c148d5-197e-4c12-b4cd-42cd01a29965
aws_kms_alias.k-2af1a278-dbbc-4717-8e53-28e43145a50a
aws_kms_alias.k-2b45381b-d386-4bf2-bd3a-a26ed2725828
aws_kms_alias.k-35b8efbb-680a-446d-88e9-9635c0360f48
aws_kms_alias.k-36c865ff-519d-4734-8eec-edbc5946553a
aws_kms_alias.k-4023a5df-5609-4d19-b0b6-622a0464fa70
aws_kms_alias.k-41ed14e4-82c5-4d67-93fa-a7b9d16f8244
aws_kms_alias.k-42e4f7d3-5aa8-465c-b3da-7b93d97b3841
aws_kms_alias.k-43ed881c-a891-41e2-95c2-598899242e65
aws_kms_alias.k-46cb19a3-aad2-4423-88cd-0e0f6228fc6a
aws_kms_alias.k-4737ccd6-9530-491b-a820-80a14569ff21
aws_kms_alias.k-478b9394-58bb-4fc7-90a5-1b38156d321d
aws_kms_alias.k-48945a34-55a3-4550-89a1-694d21a000ca
aws_kms_alias.k-49bb3268-e6a7-4a5e-adb1-0ff0cf2f1f42
aws_kms_alias.k-4d854131-c39b-4c91-824e-28f63fe9f56e
aws_kms_alias.k-51cd5562-b559-4a3a-a296-e5796f569d14
aws_kms_alias.k-537d3f5f-aedc-4df3-b822-09217db2e95d
aws_kms_alias.k-5bedfcde-836c-4e8c-8fe2-24d627995a91
aws_kms_alias.k-623bfa5b-5ee5-41ba-b119-4c56c7de99d5
aws_kms_alias.k-649599bd-8a4f-4331-95a1-54ecaa15ff54
aws_kms_alias.k-815272b3-1254-4e82-9860-515b5d4af7a4
aws_kms_alias.k-8263ac3a-af0a-4228-b60e-7830969c9786
aws_kms_alias.k-85aab31b-7d6d-4b17-aa52-a15fca4bf972
aws_kms_alias.k-86271421-0143-4a7d-9637-bf4d92ff17f7
aws_kms_alias.k-864434b5-ed02-4038-aeff-f4b0bb9117c3
aws_kms_alias.k-8d110eb1-c9fb-47e7-a31b-68c0cce330d5
aws_kms_alias.k-8da3ccc3-0da4-490e-a8ed-777a616565f5
aws_kms_alias.k-9734b81f-cda4-40dc-bf7a-44581ebf2808
aws_kms_alias.k-9b699b25-1c57-45a5-8fe9-7a8c1a2d2327
aws_kms_alias.k-a3a8e1b0-782b-42a5-ad81-b4f9a0243de2
aws_kms_alias.k-a4c6ba9a-b250-4dd1-a439-f0ee665b6a0c
aws_kms_alias.k-a505f012-0dd8-4302-a13c-74e4f6df46f4
aws_kms_alias.k-af6d8c0d-daa0-478f-8db8-f0bc86477f5e
aws_kms_alias.k-b7840db1-03cb-4383-916c-97a491e1c5cc
aws_kms_alias.k-b9442d0a-9571-4f68-9777-eec935c3e421
aws_kms_alias.k-bf963bc3-c798-4131-9909-2e4289915f07
aws_kms_alias.k-c2d7fd04-e746-4ce3-83cb-13380d649408
aws_kms_alias.k-c7962226-5f1d-409f-af38-3cd23580da38
aws_kms_alias.k-c9fc3537-7652-4bcc-9829-5b39736c46f9
aws_kms_alias.k-cefa9ce5-d71d-48eb-9a72-6dbcabbcd380
aws_kms_alias.k-d894c17c-0404-44c4-95bf-b8cbd75def65
aws_kms_alias.k-deb04e86-2a15-4235-9cf0-cea0745ef1bc
aws_kms_alias.k-e1fed1d0-6f1b-4333-a484-d9aa119e1262
aws_kms_alias.k-e84309dc-cb34-4ab1-84a2-50144691de35
KMS ALAIS: Id match importing  k-00495339-0eca-4956-b4e5-76662a8320d0
KMS ALAIS: Id match importing  k-0c0cdea0-8c40-4666-a201-b5325582bd86
KMS ALAIS: Id match importing  k-26c148d5-197e-4c12-b4cd-42cd01a29965
KMS ALAIS: Id match importing  k-2af1a278-dbbc-4717-8e53-28e43145a50a
KMS ALAIS: Id match importing  k-36c865ff-519d-4734-8eec-edbc5946553a
KMS ALAIS: Id match importing  k-41ed14e4-82c5-4d67-93fa-a7b9d16f8244
KMS ALAIS: Id match importing  k-43ed881c-a891-41e2-95c2-598899242e65
KMS ALAIS: Id match importing  k-46cb19a3-aad2-4423-88cd-0e0f6228fc6a
KMS ALAIS: Id match importing  k-4d854131-c39b-4c91-824e-28f63fe9f56e
KMS ALAIS: Id match importing  k-537d3f5f-aedc-4df3-b822-09217db2e95d
KMS ALAIS: Id match importing  k-815272b3-1254-4e82-9860-515b5d4af7a4
KMS ALAIS: Id match importing  k-85aab31b-7d6d-4b17-aa52-a15fca4bf972
KMS ALAIS: Id match importing  k-8da3ccc3-0da4-490e-a8ed-777a616565f5
KMS ALAIS: Id match importing  k-a505f012-0dd8-4302-a13c-74e4f6df46f4
KMS ALAIS: Id match importing  k-af6d8c0d-daa0-478f-8db8-f0bc86477f5e
KMS ALAIS: Id match importing  k-b7840db1-03cb-4383-916c-97a491e1c5cc
KMS ALAIS: Id match importing  k-cefa9ce5-d71d-48eb-9a72-6dbcabbcd380
KMS ALAIS: Id match importing  k-deb04e86-2a15-4235-9cf0-cea0745ef1bc
Terraform Plan Loop ... 
terraform plan -generate-config-out=resources.out -out tfplan -json | jq . > plan1.json
ERROR: Removing 817bb810-7154-4d9b-b582-7dbb62e77876 files - plan errors see plan1.json [p3]
split file:resources.out
ERROR: Removing 817bb810-7154-4d9b-b582-7dbb62e77876 files - plan errors see plan1.json [p4]
e=FileNotFoundError(2, 'No such file or directory')
ERROR: Removing 817bb810-7154-4d9b-b582-7dbb62e77876 files - plan errors see plan1.json [p4]
e=FileNotFoundError(2, 'No such file or directory')
aws_kms_key.k-00495339-0eca-4956-b4e5-76662a8320d0 is False
aws_kms_key.k-0c0cdea0-8c40-4666-a201-b5325582bd86 is False
aws_kms_key.k-26c148d5-197e-4c12-b4cd-42cd01a29965 is False
aws_kms_key.k-2af1a278-dbbc-4717-8e53-28e43145a50a is False
aws_kms_key.k-36c865ff-519d-4734-8eec-edbc5946553a is False
aws_kms_key.k-41ed14e4-82c5-4d67-93fa-a7b9d16f8244 is False
aws_kms_key.k-43ed881c-a891-41e2-95c2-598899242e65 is False
aws_kms_key.k-46cb19a3-aad2-4423-88cd-0e0f6228fc6a is False
aws_kms_key.k-4d854131-c39b-4c91-824e-28f63fe9f56e is False
aws_kms_key.k-537d3f5f-aedc-4df3-b822-09217db2e95d is False
aws_kms_key.k-815272b3-1254-4e82-9860-515b5d4af7a4 is False
aws_kms_key.k-85aab31b-7d6d-4b17-aa52-a15fca4bf972 is False
aws_kms_key.k-8da3ccc3-0da4-490e-a8ed-777a616565f5 is False
aws_kms_key.k-a505f012-0dd8-4302-a13c-74e4f6df46f4 is False
aws_kms_key.k-af6d8c0d-daa0-478f-8db8-f0bc86477f5e is False
aws_kms_key.k-b7840db1-03cb-4383-916c-97a491e1c5cc is False
aws_kms_key.k-cefa9ce5-d71d-48eb-9a72-6dbcabbcd380 is False
aws_kms_key.k-deb04e86-2a15-4235-9cf0-cea0745ef1bc is False
----------- Completed 1 dependancy check loops --------------
KMS ALAIS: Id match importing  k-00495339-0eca-4956-b4e5-76662a8320d0
KMS ALAIS: Id match importing  k-0c0cdea0-8c40-4666-a201-b5325582bd86
KMS ALAIS: Id match importing  k-26c148d5-197e-4c12-b4cd-42cd01a29965
KMS ALAIS: Id match importing  k-2af1a278-dbbc-4717-8e53-28e43145a50a
KMS ALAIS: Id match importing  k-36c865ff-519d-4734-8eec-edbc5946553a
KMS ALAIS: Id match importing  k-41ed14e4-82c5-4d67-93fa-a7b9d16f8244
KMS ALAIS: Id match importing  k-43ed881c-a891-41e2-95c2-598899242e65
KMS ALAIS: Id match importing  k-46cb19a3-aad2-4423-88cd-0e0f6228fc6a
KMS ALAIS: Id match importing  k-4d854131-c39b-4c91-824e-28f63fe9f56e
KMS ALAIS: Id match importing  k-537d3f5f-aedc-4df3-b822-09217db2e95d
KMS ALAIS: Id match importing  k-815272b3-1254-4e82-9860-515b5d4af7a4
KMS ALAIS: Id match importing  k-85aab31b-7d6d-4b17-aa52-a15fca4bf972
KMS ALAIS: Id match importing  k-8da3ccc3-0da4-490e-a8ed-777a616565f5
KMS ALAIS: Id match importing  k-a505f012-0dd8-4302-a13c-74e4f6df46f4
KMS ALAIS: Id match importing  k-af6d8c0d-daa0-478f-8db8-f0bc86477f5e
KMS ALAIS: Id match importing  k-b7840db1-03cb-4383-916c-97a491e1c5cc
KMS ALAIS: Id match importing  k-cefa9ce5-d71d-48eb-9a72-6dbcabbcd380
KMS ALAIS: Id match importing  k-deb04e86-2a15-4235-9cf0-cea0745ef1bc
Terraform Plan Loop ... 
terraform plan -generate-config-out=resources.out -out tfplan -json | jq . > plan1.json
ERROR: Removing 817bb810-7154-4d9b-b582-7dbb62e77876 files - plan errors see plan1.json [p3]
split file:resources.out
ERROR: Removing 817bb810-7154-4d9b-b582-7dbb62e77876 files - plan errors see plan1.json [p4]
e=FileNotFoundError(2, 'No such file or directory')
ERROR: Removing 817bb810-7154-4d9b-b582-7dbb62e77876 files - plan errors see plan1.json [p4]
e=FileNotFoundError(2, 'No such file or directory')
ERROR: Removing 817bb810-7154-4d9b-b582-7dbb62e77876 files - plan errors see plan1.json [p4]
e=FileNotFoundError(2, 'No such file or directory')
----------- Completed 2 dependancy check loops --------------
Validate and Test Plan  ... 
Valid Configuration.
Penultimate Terraform Plan ... 
rm -f resources.out tfplan
terraform plan -generate-config-out=resources.out -out tfplan -json > plan2.json
-->> Plan 2 errors exiting - check plan2.json - or run terraform plan
