e=UnknownServiceError("Unknown service: 'bedrock'. Valid service names are
e=UnknownServiceError("Unknown service: 'codegurureviewer'. Valid service names are
e=UnknownServiceError("Unknown service: 'codestarconnections'. Valid service names are
e=UnknownServiceError("Unknown service: 'codestarconnections'. Valid service names are
e=UnknownServiceError("Unknown service: 'codestarnotifications'. Valid service names are
e=UnknownServiceError("Unknown service: 'customerprofiles'. Valid service names are
e=UnknownServiceError("Unknown service: 'customerprofiles'. Valid service names are
e=UnknownServiceError("Unknown service: 'docdbelastic'. Valid service names are
e=UnknownServiceError("Unknown service: 'emrcontainers'. Valid service names are
e=UnknownServiceError("Unknown service: 'emrcontainers'. Valid service names are
e=UnknownServiceError("Unknown service: 'emrserverless'. Valid service names are
e=UnknownServiceError("Unknown service: 'internetmonitor'. Valid service names are
e=UnknownServiceError("Unknown service: 'lex'. Valid service names are
e=UnknownServiceError("Unknown service: 'lex'. Valid service names are
e=UnknownServiceError("Unknown service: 'lex'. Valid service names are
e=UnknownServiceError("Unknown service: 'lex'. Valid service names are
e=UnknownServiceError("Unknown service: 'lexv2'. Valid service names are
e=UnknownServiceError("Unknown service: 'lexv2'. Valid service names are
e=UnknownServiceError("Unknown service: 'lexv2'. Valid service names are
e=UnknownServiceError("Unknown service: 'resource-explorer2'. Valid service names are
e=UnknownServiceError("Unknown service: 'resource-explorer2'. Valid service names are
e=UnknownServiceError("Unknown service: 'route53recoverycontrolconfig'. Valid service names are
e=UnknownServiceError("Unknown service: 'route53recoverycontrolconfig'. Valid service names are
e=UnknownServiceError("Unknown service: 'route53recoverycontrolconfig'. Valid service names are
e=UnknownServiceError("Unknown service: 'route53recoverycontrolconfig'. Valid service names are
e=UnknownServiceError("Unknown service: 'route53recoveryreadiness'. Valid service names are
e=UnknownServiceError("Unknown service: 'route53recoveryreadiness'. Valid service names are
e=UnknownServiceError("Unknown service: 'route53recoveryreadiness'. Valid service names are
e=UnknownServiceError("Unknown service: 'route53recoveryreadiness'. Valid service names are
e=UnknownServiceError("Unknown service: 'simpledb'. Valid service names are




