resource "aws_vpc" "vpc-031846ac5e4b45f46" {
  assign_generated_ipv6_cidr_block     = false
  cidr_block                           = "192.168.0.0/16"
  enable_dns_hostnames                 = true
  enable_dns_support                   = true
  enable_network_address_usage_metrics = false
  instance_tenancy                     = "default"
  ipv4_ipam_pool_id                    = null
  ipv4_netmask_length                  = null
  ipv6_cidr_block                      = null
  ipv6_cidr_block_network_border_group = null
  ipv6_ipam_pool_id                    = null
  ipv6_netmask_length                  = 0
  tags = {
    Name                                          = "eksctl-multitenant-chatapp-cluster/VPC"
    "alpha.eksctl.io/cluster-name"                = "multitenant-chatapp"
    "alpha.eksctl.io/cluster-oidc-enabled"        = "true"
    "alpha.eksctl.io/eksctl-version"              = "0.164.0"
    "eksctl.cluster.k8s.io/v1alpha1/cluster-name" = "multitenant-chatapp"
  }
  tags_all = {
    Name                                          = "eksctl-multitenant-chatapp-cluster/VPC"
    "alpha.eksctl.io/cluster-name"                = "multitenant-chatapp"
    "alpha.eksctl.io/cluster-oidc-enabled"        = "true"
    "alpha.eksctl.io/eksctl-version"              = "0.164.0"
    "eksctl.cluster.k8s.io/v1alpha1/cluster-name" = "multitenant-chatapp"
  }
}

