# __generated__ by Terraform
# Please review these resources and move them into your main configuration files.

# __generated__ by Terraform from "ATElasticBean"
resource "aws_iam_role" "ATElasticBean" {
  assume_role_policy    = "{\"Statement\":[{\"Action\":\"sts:AssumeRole\",\"Condition\":{\"StringEquals\":{\"sts:ExternalId\":\"elasticbeanstalk\"}},\"Effect\":\"Allow\",\"Principal\":{\"Service\":\"elasticbeanstalk.amazonaws.com\"},\"Sid\":\"\"}],\"Version\":\"2012-10-17\"}"
  description           = "Allows Elastic Beanstalk to create and manage AWS resources on your behalf."
  force_detach_policies = false
  managed_policy_arns   = ["arn:aws:iam::aws:policy/service-role/AWSElasticBeanstalkEnhancedHealth", "arn:aws:iam::aws:policy/service-role/AWSElasticBeanstalkService"]
  max_session_duration  = 3600
  name                  = "ATElasticBean"
  name_prefix           = null
  path                  = "/"
  permissions_boundary  = null
  tags                  = {}
  tags_all              = {}
}

# __generated__ by Terraform from "aws-elasticbeanstalk-service-role"
resource "aws_iam_role" "aws-elasticbeanstalk-service-role" {
  assume_role_policy    = "{\"Statement\":[{\"Action\":\"sts:AssumeRole\",\"Condition\":{\"StringEquals\":{\"sts:ExternalId\":\"elasticbeanstalk\"}},\"Effect\":\"Allow\",\"Principal\":{\"Service\":\"elasticbeanstalk.amazonaws.com\"}}],\"Version\":\"2012-10-17\"}"
  description           = null
  force_detach_policies = false
  managed_policy_arns   = ["arn:aws:iam::aws:policy/service-role/AWSElasticBeanstalkEnhancedHealth", "arn:aws:iam::aws:policy/service-role/AWSElasticBeanstalkService"]
  max_session_duration  = 3600
  name                  = "aws-elasticbeanstalk-service-role"
  name_prefix           = null
  path                  = "/"
  permissions_boundary  = null
  tags                  = {}
  tags_all              = {}
}

# __generated__ by Terraform from "Admin-andyt.work"
resource "aws_iam_role" "Admin-andyt__work" {
  assume_role_policy    = "{\"Statement\":[{\"Action\":\"sts:AssumeRoleWithSAML\",\"Condition\":{\"StringEquals\":{\"SAML:aud\":\"https://signin.aws.amazon.com/saml\"}},\"Effect\":\"Allow\",\"Principal\":{\"Federated\":\"arn:aws:iam::566972129213:saml-provider/AAD-andyt.work\"}}],\"Version\":\"2012-10-17\"}"
  description           = null
  force_detach_policies = false
  managed_policy_arns   = ["arn:aws:iam::566972129213:policy/my-sso-policy", "arn:aws:iam::aws:policy/ReadOnlyAccess"]
  max_session_duration  = 28800
  name                  = "Admin-andyt.work"
  name_prefix           = null
  path                  = "/"
  permissions_boundary  = null
  tags = {
    group = "red"
  }
  tags_all = {
    group = "red"
  }
}

# __generated__ by Terraform from "at-rosa-2-ppp4-openshift-ingress-operator-cloud-credentials"
resource "aws_iam_role" "at-rosa-2-ppp4-openshift-ingress-operator-cloud-credentials" {
  assume_role_policy    = "{\"Statement\":[{\"Action\":\"sts:AssumeRoleWithWebIdentity\",\"Condition\":{\"StringEquals\":{\"rh-oidc.s3.us-east-1.amazonaws.com/2054p508id3akcb336pavotltbkud5d7:sub\":\"system:serviceaccount:openshift-ingress-operator:ingress-operator\"}},\"Effect\":\"Allow\",\"Principal\":{\"Federated\":\"arn:aws:iam::566972129213:oidc-provider/rh-oidc.s3.us-east-1.amazonaws.com/2054p508id3akcb336pavotltbkud5d7\"}}],\"Version\":\"2012-10-17\"}"
  description           = null
  force_detach_policies = false
  managed_policy_arns   = ["arn:aws:iam::566972129213:policy/ManagedOpenShift-openshift-ingress-operator-cloud-credentials"]
  max_session_duration  = 3600
  name                  = "at-rosa-2-ppp4-openshift-ingress-operator-cloud-credentials"
  name_prefix           = null
  path                  = "/"
  permissions_boundary  = null
  tags = {
    operator_name      = "cloud-credentials"
    operator_namespace = "openshift-ingress-operator"
    rosa_cluster_id    = "2054p508id3akcb336pavotltbkud5d7"
  }
  tags_all = {
    operator_name      = "cloud-credentials"
    operator_namespace = "openshift-ingress-operator"
    rosa_cluster_id    = "2054p508id3akcb336pavotltbkud5d7"
  }
}

# __generated__ by Terraform from "aws-preprod-dev-eks-managed-ondemand"
resource "aws_iam_role" "aws-preprod-dev-eks-managed-ondemand" {
  assume_role_policy    = "{\"Statement\":[{\"Action\":\"sts:AssumeRole\",\"Effect\":\"Allow\",\"Principal\":{\"Service\":\"ec2.amazonaws.com\"},\"Sid\":\"EKSWorkerAssumeRole\"}],\"Version\":\"2012-10-17\"}"
  description           = "EKS Managed Node group IAM Role"
  force_detach_policies = false
  managed_policy_arns   = ["arn:aws:iam::aws:policy/AmazonEC2ContainerRegistryReadOnly", "arn:aws:iam::aws:policy/AmazonEKSWorkerNodePolicy", "arn:aws:iam::aws:policy/AmazonEKS_CNI_Policy", "arn:aws:iam::aws:policy/AmazonSSMManagedInstanceCore"]
  max_session_duration  = 3600
  name                  = "aws-preprod-dev-eks-managed-ondemand"
  name_prefix           = null
  path                  = "/"
  permissions_boundary  = null
  tags = {
    created-by  = "Terraform"
    environment = "preprod"
    name        = "aws-preprod-dev-eks"
    org         = ""
    resource    = "eks"
    tenant      = "aws"
    zone        = "dev"
  }
  tags_all = {
    created-by  = "Terraform"
    environment = "preprod"
    name        = "aws-preprod-dev-eks"
    org         = ""
    resource    = "eks"
    tenant      = "aws"
    zone        = "dev"
  }
}

# __generated__ by Terraform from "aws-event-driven-architectures-w-DodgyFunctionRole-O4RC48ECANLX"
resource "aws_iam_role" "aws-event-driven-architectures-w-DodgyFunctionRole-O4RC48ECANLX" {
  assume_role_policy    = "{\"Statement\":[{\"Action\":\"sts:AssumeRole\",\"Effect\":\"Allow\",\"Principal\":{\"Service\":\"lambda.amazonaws.com\"}}],\"Version\":\"2012-10-17\"}"
  description           = null
  force_detach_policies = false
  managed_policy_arns   = ["arn:aws:iam::aws:policy/service-role/AWSLambdaBasicExecutionRole"]
  max_session_duration  = 3600
  name                  = "aws-event-driven-architectures-w-DodgyFunctionRole-O4RC48ECANLX"
  name_prefix           = null
  path                  = "/"
  permissions_boundary  = null
  tags = {
    "lambda:createdBy" = "SAM"
  }
  tags_all = {
    "lambda:createdBy" = "SAM"
  }
}

# __generated__ by Terraform from "AWSCloudFormationStackSetAdministrationRole2"
resource "aws_iam_role" "AWSCloudFormationStackSetAdministrationRole2" {
  assume_role_policy    = "{\"Statement\":[{\"Action\":\"sts:AssumeRole\",\"Effect\":\"Allow\",\"Principal\":{\"Service\":\"cloudformation.amazonaws.com\"}}],\"Version\":\"2012-10-17\"}"
  description           = null
  force_detach_policies = false
  managed_policy_arns   = []
  max_session_duration  = 3600
  name                  = "AWSCloudFormationStackSetAdministrationRole2"
  name_prefix           = null
  path                  = "/"
  permissions_boundary  = null
  tags                  = {}
  tags_all              = {}
  inline_policy {
    name   = "AssumeRole-AWSCloudFormationStackSetExecutionRole2"
    policy = "{\"Version\":\"2012-10-17\",\"Statement\":[{\"Action\":[\"sts:AssumeRole\"],\"Effect\":\"Allow\",\"Resource\":[\"arn:aws:iam::*:role/AWSCloudFormationStackSetExecutionRole2\"]}]}"
  }
}

# __generated__ by Terraform from "at-sechub-demo-SecretsTem-SecretRotationCompliance-UCC27UDNJI1N"
resource "aws_iam_role" "at-sechub-demo-SecretsTem-SecretRotationCompliance-UCC27UDNJI1N" {
  assume_role_policy    = "{\"Statement\":[{\"Action\":\"sts:AssumeRole\",\"Effect\":\"Allow\",\"Principal\":{\"Service\":\"lambda.amazonaws.com\"}}],\"Version\":\"2012-10-17\"}"
  description           = null
  force_detach_policies = false
  managed_policy_arns   = []
  max_session_duration  = 3600
  name                  = "at-sechub-demo-SecretsTem-SecretRotationCompliance-UCC27UDNJI1N"
  name_prefix           = null
  path                  = "/"
  permissions_boundary  = null
  tags                  = {}
  tags_all              = {}
  inline_policy {
    name   = "LambdaPolicyName"
    policy = "{\"Version\":\"2012-10-17\",\"Statement\":[{\"Action\":\"logs:CreateLogGroup\",\"Effect\":\"Allow\",\"Resource\":\"arn:aws:logs:eu-west-2:566972129213:*\"},{\"Action\":[\"logs:CreateLogStream\",\"logs:PutLogEvents\"],\"Effect\":\"Allow\",\"Resource\":\"arn:aws:logs:eu-west-2:566972129213:log-group:/aws/lambda/find-secrets-without-rotation:*\"},{\"Action\":[\"securityhub:UpdateFindings\",\"securityhub:BatchImportFindings\",\"securityhub:GetFindings\",\"secretsmanager:ListSecrets\",\"secretsmanager:DescribeSecret\"],\"Effect\":\"Allow\",\"Resource\":\"*\"}]}"
  }
}

# __generated__ by Terraform from "AccessAnalyzerTrustedService"
resource "aws_iam_role" "AccessAnalyzerTrustedService" {
  assume_role_policy    = "{\"Statement\":[{\"Action\":\"sts:AssumeRole\",\"Condition\":{\"StringEquals\":{\"sts:ExternalId\":\"AccessAnalyzerTrustedService7OucgmbmU0j0\"}},\"Effect\":\"Allow\",\"Principal\":{\"AWS\":\"arn:aws:iam::121925031476:root\"},\"Sid\":\"\"}],\"Version\":\"2012-10-17\"}"
  description           = null
  force_detach_policies = false
  managed_policy_arns   = []
  max_session_duration  = 3600
  name                  = "AccessAnalyzerTrustedService"
  name_prefix           = null
  path                  = "/"
  permissions_boundary  = null
  tags                  = {}
  tags_all              = {}
  inline_policy {
    name   = "AccessAnalyzerTrustedServicePolicy"
    policy = "{\"Version\":\"2012-10-17\",\"Statement\":[{\"Action\":[\"access-analyzer:ListAnalyzers\",\"access-analyzer:GetAnalyzer\",\"access-analyzer:CreateAnalyzer\",\"ec2:DescribeRegions\"],\"Effect\":\"Allow\",\"Resource\":\"*\",\"Sid\":\"A2CreateAnalyzer\"},{\"Action\":\"iam:CreateServiceLinkedRole\",\"Condition\":{\"StringEquals\":{\"iam:AWSServiceName\":\"access-analyzer.amazonaws.com\"}},\"Effect\":\"Allow\",\"Resource\":\"*\",\"Sid\":\"CreateSLR\"}]}"
  }
}

# __generated__ by Terraform from "at_assume_test_role"
resource "aws_iam_role" "at_assume_test_role" {
  assume_role_policy    = "{\"Statement\":[{\"Action\":\"sts:AssumeRole\",\"Condition\":{},\"Effect\":\"Allow\",\"Principal\":{\"AWS\":\"arn:aws:iam::566972129213:root\"}}],\"Version\":\"2012-10-17\"}"
  description           = null
  force_detach_policies = false
  managed_policy_arns   = ["arn:aws:iam::566972129213:policy/at_assume_role_test_star", "arn:aws:iam::aws:policy/AdministratorAccess"]
  max_session_duration  = 3600
  name                  = "at_assume_test_role"
  name_prefix           = null
  path                  = "/"
  permissions_boundary  = null
  tags                  = {}
  tags_all              = {}
  inline_policy {
    name   = "AWSRevokeOlderSessions"
    policy = "{\"Version\":\"2012-10-17\",\"Statement\":[{\"Action\":[\"*\"],\"Condition\":{\"DateLessThan\":{\"aws:TokenIssueTime\":\"2020-11-13T15:30:18.061Z\"}},\"Effect\":\"Deny\",\"Resource\":[\"*\"]}]}"
  }
}

# __generated__ by Terraform from "AccountGuardian-SSMRole-DO-NOT-DELETE"
resource "aws_iam_role" "AccountGuardian-SSMRole-DO-NOT-DELETE" {
  assume_role_policy    = "{\"Statement\":[{\"Action\":\"sts:AssumeRole\",\"Effect\":\"Allow\",\"Principal\":{\"Service\":\"ec2.amazonaws.com\"}}],\"Version\":\"2012-10-17\"}"
  description           = "AccountGuardian created role for SSM to work on EC2 instances"
  force_detach_policies = false
  managed_policy_arns   = ["arn:aws:iam::aws:policy/AmazonSSMManagedInstanceCore"]
  max_session_duration  = 3600
  name                  = "AccountGuardian-SSMRole-DO-NOT-DELETE"
  name_prefix           = null
  path                  = "/"
  permissions_boundary  = null
  tags                  = {}
  tags_all              = {}
}

# __generated__ by Terraform from "aws-elasticbeanstalk-ec2-role"
resource "aws_iam_role" "aws-elasticbeanstalk-ec2-role" {
  assume_role_policy    = "{\"Statement\":[{\"Action\":\"sts:AssumeRole\",\"Effect\":\"Allow\",\"Principal\":{\"Service\":\"ec2.amazonaws.com\"}}],\"Version\":\"2008-10-17\"}"
  description           = null
  force_detach_policies = false
  managed_policy_arns   = ["arn:aws:iam::aws:policy/AWSElasticBeanstalkMulticontainerDocker", "arn:aws:iam::aws:policy/AWSElasticBeanstalkWebTier", "arn:aws:iam::aws:policy/AWSElasticBeanstalkWorkerTier", "arn:aws:iam::aws:policy/AmazonSSMManagedInstanceCore"]
  max_session_duration  = 3600
  name                  = "aws-elasticbeanstalk-ec2-role"
  name_prefix           = null
  path                  = "/"
  permissions_boundary  = null
  tags                  = {}
  tags_all              = {}
}

# __generated__ by Terraform from "at-rosa1-ayhm-openshift-cluster-csi-drivers-ebs-cloud-credential"
resource "aws_iam_role" "at-rosa1-ayhm-openshift-cluster-csi-drivers-ebs-cloud-credential" {
  assume_role_policy    = "{\"Statement\":[{\"Action\":\"sts:AssumeRoleWithWebIdentity\",\"Condition\":{\"StringEquals\":{\"rh-oidc.s3.us-east-1.amazonaws.com/202jnbsonpg7cn6rdrknbu0u88d9feg7:sub\":[\"system:serviceaccount:openshift-cluster-csi-drivers:aws-ebs-csi-driver-operator\",\"system:serviceaccount:openshift-cluster-csi-drivers:aws-ebs-csi-driver-controller-sa\"]}},\"Effect\":\"Allow\",\"Principal\":{\"Federated\":\"arn:aws:iam::566972129213:oidc-provider/rh-oidc.s3.us-east-1.amazonaws.com/202jnbsonpg7cn6rdrknbu0u88d9feg7\"}}],\"Version\":\"2012-10-17\"}"
  description           = null
  force_detach_policies = false
  managed_policy_arns   = ["arn:aws:iam::566972129213:policy/ManagedOpenShift-openshift-cluster-csi-drivers-ebs-cloud-credent"]
  max_session_duration  = 3600
  name                  = "at-rosa1-ayhm-openshift-cluster-csi-drivers-ebs-cloud-credential"
  name_prefix           = null
  path                  = "/"
  permissions_boundary  = null
  tags = {
    operator_name      = "ebs-cloud-credentials"
    operator_namespace = "openshift-cluster-csi-drivers"
    rosa_cluster_id    = "202jnbsonpg7cn6rdrknbu0u88d9feg7"
  }
  tags_all = {
    operator_name      = "ebs-cloud-credentials"
    operator_namespace = "openshift-cluster-csi-drivers"
    rosa_cluster_id    = "202jnbsonpg7cn6rdrknbu0u88d9feg7"
  }
}

# __generated__ by Terraform from "at-sechub-demo-AMIComplianceLambdaRole-KU6YKACPSI8C"
resource "aws_iam_role" "at-sechub-demo-AMIComplianceLambdaRole-KU6YKACPSI8C" {
  assume_role_policy    = "{\"Statement\":[{\"Action\":\"sts:AssumeRole\",\"Effect\":\"Allow\",\"Principal\":{\"Service\":\"lambda.amazonaws.com\"}}],\"Version\":\"2012-10-17\"}"
  description           = null
  force_detach_policies = false
  managed_policy_arns   = []
  max_session_duration  = 3600
  name                  = "at-sechub-demo-AMIComplianceLambdaRole-KU6YKACPSI8C"
  name_prefix           = null
  path                  = "/"
  permissions_boundary  = null
  tags                  = {}
  tags_all              = {}
  inline_policy {
    name   = "LambdaPolicyName"
    policy = "{\"Version\":\"2012-10-17\",\"Statement\":[{\"Action\":\"logs:CreateLogGroup\",\"Effect\":\"Allow\",\"Resource\":\"arn:aws:logs:eu-west-2:566972129213:*\"},{\"Action\":[\"logs:CreateLogStream\",\"logs:PutLogEvents\"],\"Effect\":\"Allow\",\"Resource\":\"arn:aws:logs:eu-west-2:566972129213:log-group:/aws/lambda/ec2-non-compliant-ami-sechub:*\"},{\"Action\":[\"securityhub:UpdateFindings\",\"securityhub:BatchImportFindings\",\"securityhub:GetFindings\"],\"Effect\":\"Allow\",\"Resource\":\"*\"}]}"
  }
}

# __generated__ by Terraform from "AWS-SystemsManager-AutomationAdministrationRole"
resource "aws_iam_role" "AWS-SystemsManager-AutomationAdministrationRole" {
  assume_role_policy    = "{\"Statement\":[{\"Action\":\"sts:AssumeRole\",\"Effect\":\"Allow\",\"Principal\":{\"Service\":\"ssm.amazonaws.com\"}}],\"Version\":\"2012-10-17\"}"
  description           = null
  force_detach_policies = false
  managed_policy_arns   = []
  max_session_duration  = 3600
  name                  = "AWS-SystemsManager-AutomationAdministrationRole"
  name_prefix           = null
  path                  = "/"
  permissions_boundary  = null
  tags                  = {}
  tags_all              = {}
  inline_policy {
    name   = "AssumeRole-AWSSystemsManagerAutomationExecutionRole"
    policy = "{\"Version\":\"2012-10-17\",\"Statement\":[{\"Action\":[\"sts:AssumeRole\"],\"Effect\":\"Allow\",\"Resource\":\"arn:aws:iam::*:role/AWS-SystemsManager-AutomationExecutionRole\"},{\"Action\":[\"organizations:ListAccountsForParent\"],\"Effect\":\"Allow\",\"Resource\":[\"*\"]}]}"
  }
}

# __generated__ by Terraform from "aws-ec2-spot-fleet-autoscale-role"
resource "aws_iam_role" "aws-ec2-spot-fleet-autoscale-role" {
  assume_role_policy    = "{\"Statement\":[{\"Action\":\"sts:AssumeRole\",\"Effect\":\"Allow\",\"Principal\":{\"Service\":\"application-autoscaling.amazonaws.com\"},\"Sid\":\"\"}],\"Version\":\"2012-10-17\"}"
  description           = null
  force_detach_policies = false
  managed_policy_arns   = ["arn:aws:iam::aws:policy/service-role/AmazonEC2SpotFleetAutoscaleRole"]
  max_session_duration  = 3600
  name                  = "aws-ec2-spot-fleet-autoscale-role"
  name_prefix           = null
  path                  = "/"
  permissions_boundary  = null
  tags                  = {}
  tags_all              = {}
}

# __generated__ by Terraform from "at-rosa-2-ppp4-openshift-cloud-credential-operator-cloud-credent"
resource "aws_iam_role" "at-rosa-2-ppp4-openshift-cloud-credential-operator-cloud-credent" {
  assume_role_policy    = "{\"Statement\":[{\"Action\":\"sts:AssumeRoleWithWebIdentity\",\"Condition\":{\"StringEquals\":{\"rh-oidc.s3.us-east-1.amazonaws.com/2054p508id3akcb336pavotltbkud5d7:sub\":\"system:serviceaccount:openshift-cloud-credential-operator:cloud-credential-operator\"}},\"Effect\":\"Allow\",\"Principal\":{\"Federated\":\"arn:aws:iam::566972129213:oidc-provider/rh-oidc.s3.us-east-1.amazonaws.com/2054p508id3akcb336pavotltbkud5d7\"}}],\"Version\":\"2012-10-17\"}"
  description           = null
  force_detach_policies = false
  managed_policy_arns   = ["arn:aws:iam::566972129213:policy/ManagedOpenShift-openshift-cloud-credential-operator-cloud-crede"]
  max_session_duration  = 3600
  name                  = "at-rosa-2-ppp4-openshift-cloud-credential-operator-cloud-credent"
  name_prefix           = null
  path                  = "/"
  permissions_boundary  = null
  tags = {
    operator_name      = "cloud-credential-operator-iam-ro-creds"
    operator_namespace = "openshift-cloud-credential-operator"
    rosa_cluster_id    = "2054p508id3akcb336pavotltbkud5d7"
  }
  tags_all = {
    operator_name      = "cloud-credential-operator-iam-ro-creds"
    operator_namespace = "openshift-cloud-credential-operator"
    rosa_cluster_id    = "2054p508id3akcb336pavotltbkud5d7"
  }
}

# __generated__ by Terraform from "ack-rds-controller-production-n2"
resource "aws_iam_role" "ack-rds-controller-production-n2" {
  assume_role_policy    = "{\"Statement\":[{\"Action\":\"sts:AssumeRoleWithWebIdentity\",\"Condition\":{\"StringEquals\":{\"oidc.eks.eu-west-2.amazonaws.com/id/396AD637998A7E9A00E04F03FEE30CB1:sub\":\"system:serviceaccount:production-n2:ack-rds-controller\"}},\"Effect\":\"Allow\",\"Principal\":{\"Federated\":\"arn:aws:iam::566972129213:oidc-provider/oidc.eks.eu-west-2.amazonaws.com/id/396AD637998A7E9A00E04F03FEE30CB1\"}}],\"Version\":\"2012-10-17\"}"
  description           = "IRSA role for ACK $SERVICE controller deployment on EKS cluster in $ACK_WATCH_NAMESPACE namespace"
  force_detach_policies = false
  managed_policy_arns   = ["arn:aws:iam::aws:policy/AmazonRDSFullAccess"]
  max_session_duration  = 3600
  name                  = "ack-rds-controller-production-n2"
  name_prefix           = null
  path                  = "/"
  permissions_boundary  = null
  tags                  = {}
  tags_all              = {}
}

# __generated__ by Terraform from "at-sechub-demo-SSMInstanceRole-L0U0NB8O3UWE"
resource "aws_iam_role" "at-sechub-demo-SSMInstanceRole-L0U0NB8O3UWE" {
  assume_role_policy    = "{\"Statement\":[{\"Action\":\"sts:AssumeRole\",\"Effect\":\"Allow\",\"Principal\":{\"Service\":[\"ssm.amazonaws.com\",\"ec2.amazonaws.com\"]}}],\"Version\":\"2012-10-17\"}"
  description           = null
  force_detach_policies = false
  managed_policy_arns   = []
  max_session_duration  = 3600
  name                  = "at-sechub-demo-SSMInstanceRole-L0U0NB8O3UWE"
  name_prefix           = null
  path                  = "/"
  permissions_boundary  = null
  tags                  = {}
  tags_all              = {}
  inline_policy {
    name   = "S3andSSMAccess"
    policy = "{\"Statement\":[{\"Action\":[\"ssm:DescribeAssociation\",\"ssm:GetDeployablePatchSnapshotForInstance\",\"ssm:GetDocument\",\"ssm:DescribeDocument\",\"ssm:GetManifest\",\"ssm:GetParameters\",\"ssm:GetParameter\",\"ssm:ListAssociations\",\"ssm:ListInstanceAssociations\",\"ssm:PutInventory\",\"ssm:PutComplianceItems\",\"ssm:PutConfigurePackageResult\",\"ssm:UpdateAssociationStatus\",\"ssm:UpdateInstanceAssociationStatus\",\"ssm:UpdateInstanceInformation\"],\"Effect\":\"Allow\",\"Resource\":\"*\"},{\"Action\":[\"ssmmessages:CreateControlChannel\",\"ssmmessages:CreateDataChannel\",\"ssmmessages:OpenControlChannel\",\"ssmmessages:OpenDataChannel\"],\"Effect\":\"Allow\",\"Resource\":\"*\"},{\"Action\":[\"ec2messages:AcknowledgeMessage\",\"ec2messages:DeleteMessage\",\"ec2messages:FailMessage\",\"ec2messages:GetEndpoint\",\"ec2messages:GetMessages\",\"ec2messages:SendReply\"],\"Effect\":\"Allow\",\"Resource\":\"*\"},{\"Action\":[\"cloudwatch:PutMetricData\"],\"Effect\":\"Allow\",\"Resource\":\"*\"},{\"Action\":[\"ec2:DescribeInstanceStatus\"],\"Effect\":\"Allow\",\"Resource\":\"*\"},{\"Action\":[\"ds:CreateComputer\",\"ds:DescribeDirectories\"],\"Effect\":\"Allow\",\"Resource\":\"*\"},{\"Action\":[\"logs:CreateLogGroup\",\"logs:CreateLogStream\",\"logs:DescribeLogGroups\",\"logs:DescribeLogStreams\",\"logs:PutLogEvents\"],\"Effect\":\"Allow\",\"Resource\":\"*\"},{\"Action\":[\"s3:GetBucketLocation\",\"s3:PutObject\",\"s3:GetObject\",\"s3:GetEncryptionConfiguration\",\"s3:AbortMultipartUpload\",\"s3:ListMultipartUploadParts\",\"s3:ListBucket\",\"s3:ListBucketMultipartUploads\"],\"Effect\":\"Allow\",\"Resource\":\"*\"},{\"Action\":[\"s3:ListAllMyBuckets\"],\"Effect\":\"Allow\",\"Resource\":\"arn:aws:s3:::*\",\"Sid\":\"S3ListBuckets\"},{\"Action\":[\"s3:ListBucket\",\"s3:GetBucketLocation\",\"s3:GetObject\"],\"Effect\":\"Allow\",\"Resource\":\"arn:aws:s3:::agentbucket-566972129213/*\",\"Sid\":\"S3GetObjects\"}]}"
  }
}

# __generated__ by Terraform from "aws-event-driven-architec-StepFunctionsServiceRole-14WX4EUN4EDL7"
resource "aws_iam_role" "aws-event-driven-architec-StepFunctionsServiceRole-14WX4EUN4EDL7" {
  assume_role_policy    = "{\"Statement\":[{\"Action\":\"sts:AssumeRole\",\"Effect\":\"Allow\",\"Principal\":{\"Service\":\"states.eu-west-1.amazonaws.com\"}}],\"Version\":\"2012-10-17\"}"
  description           = null
  force_detach_policies = false
  managed_policy_arns   = ["arn:aws:iam::aws:policy/AWSStepFunctionsFullAccess"]
  max_session_duration  = 3600
  name                  = "aws-event-driven-architec-StepFunctionsServiceRole-14WX4EUN4EDL7"
  name_prefix           = null
  path                  = "/"
  permissions_boundary  = null
  tags                  = {}
  tags_all              = {}
  inline_policy {
    name   = "SnsServiceIntegration"
    policy = "{\"Version\":\"2012-10-17\",\"Statement\":[{\"Action\":[\"sns:Publish\"],\"Effect\":\"Allow\",\"Resource\":[\"arn:aws:sns:eu-west-1:566972129213:Inventory\"]}]}"
  }
}

# __generated__ by Terraform from "at-rosa1-ayhm-openshift-cloud-network-config-controller-cloud-cr"
resource "aws_iam_role" "at-rosa1-ayhm-openshift-cloud-network-config-controller-cloud-cr" {
  assume_role_policy    = "{\"Statement\":[{\"Action\":\"sts:AssumeRoleWithWebIdentity\",\"Condition\":{\"StringEquals\":{\"rh-oidc.s3.us-east-1.amazonaws.com/202jnbsonpg7cn6rdrknbu0u88d9feg7:sub\":\"system:serviceaccount:openshift-cloud-network-config-controller:cloud-network-config-controller\"}},\"Effect\":\"Allow\",\"Principal\":{\"Federated\":\"arn:aws:iam::566972129213:oidc-provider/rh-oidc.s3.us-east-1.amazonaws.com/202jnbsonpg7cn6rdrknbu0u88d9feg7\"}}],\"Version\":\"2012-10-17\"}"
  description           = null
  force_detach_policies = false
  managed_policy_arns   = ["arn:aws:iam::566972129213:policy/ManagedOpenShift-openshift-cloud-network-config-controller-cloud"]
  max_session_duration  = 3600
  name                  = "at-rosa1-ayhm-openshift-cloud-network-config-controller-cloud-cr"
  name_prefix           = null
  path                  = "/"
  permissions_boundary  = null
  tags = {
    operator_name      = "cloud-credentials"
    operator_namespace = "openshift-cloud-network-config-controller"
    rosa_cluster_id    = "202jnbsonpg7cn6rdrknbu0u88d9feg7"
  }
  tags_all = {
    operator_name      = "cloud-credentials"
    operator_namespace = "openshift-cloud-network-config-controller"
    rosa_cluster_id    = "202jnbsonpg7cn6rdrknbu0u88d9feg7"
  }
}

# __generated__ by Terraform from "at-rosa-2-ppp4-openshift-cloud-network-config-controller-cloud-c"
resource "aws_iam_role" "at-rosa-2-ppp4-openshift-cloud-network-config-controller-cloud-c" {
  assume_role_policy    = "{\"Statement\":[{\"Action\":\"sts:AssumeRoleWithWebIdentity\",\"Condition\":{\"StringEquals\":{\"rh-oidc.s3.us-east-1.amazonaws.com/2054p508id3akcb336pavotltbkud5d7:sub\":\"system:serviceaccount:openshift-cloud-network-config-controller:cloud-network-config-controller\"}},\"Effect\":\"Allow\",\"Principal\":{\"Federated\":\"arn:aws:iam::566972129213:oidc-provider/rh-oidc.s3.us-east-1.amazonaws.com/2054p508id3akcb336pavotltbkud5d7\"}}],\"Version\":\"2012-10-17\"}"
  description           = null
  force_detach_policies = false
  managed_policy_arns   = ["arn:aws:iam::566972129213:policy/ManagedOpenShift-openshift-cloud-network-config-controller-cloud"]
  max_session_duration  = 3600
  name                  = "at-rosa-2-ppp4-openshift-cloud-network-config-controller-cloud-c"
  name_prefix           = null
  path                  = "/"
  permissions_boundary  = null
  tags = {
    operator_name      = "cloud-credentials"
    operator_namespace = "openshift-cloud-network-config-controller"
    rosa_cluster_id    = "2054p508id3akcb336pavotltbkud5d7"
  }
  tags_all = {
    operator_name      = "cloud-credentials"
    operator_namespace = "openshift-cloud-network-config-controller"
    rosa_cluster_id    = "2054p508id3akcb336pavotltbkud5d7"
  }
}

# __generated__ by Terraform from "AmazonSSMRoleForInstancesQuickSetup"
resource "aws_iam_role" "AmazonSSMRoleForInstancesQuickSetup" {
  assume_role_policy    = "{\"Statement\":[{\"Action\":\"sts:AssumeRole\",\"Effect\":\"Allow\",\"Principal\":{\"Service\":\"ec2.amazonaws.com\"}}],\"Version\":\"2012-10-17\"}"
  description           = "EC2 role for SSM for Quick-Setup"
  force_detach_policies = false
  managed_policy_arns   = ["arn:aws:iam::aws:policy/AmazonSSMManagedInstanceCore", "arn:aws:iam::aws:policy/AmazonSSMPatchAssociation"]
  max_session_duration  = 3600
  name                  = "AmazonSSMRoleForInstancesQuickSetup"
  name_prefix           = null
  path                  = "/"
  permissions_boundary  = null
  tags                  = {}
  tags_all              = {}
}

# __generated__ by Terraform from "aws-patch-compliance"
resource "aws_iam_role" "aws-patch-compliance" {
  assume_role_policy    = "{\"Statement\":[{\"Action\":\"sts:AssumeRole\",\"Effect\":\"Allow\",\"Principal\":{\"Service\":\"ssm.amazonaws.com\"},\"Sid\":\"\"}],\"Version\":\"2012-10-17\"}"
  description           = "Allows SSM to call AWS services on your behalf"
  force_detach_policies = false
  managed_policy_arns   = ["arn:aws:iam::aws:policy/AdministratorAccess"]
  max_session_duration  = 3600
  name                  = "aws-patch-compliance"
  name_prefix           = null
  path                  = "/"
  permissions_boundary  = null
  tags                  = {}
  tags_all              = {}
}

# __generated__ by Terraform from "at-rosa-2-ppp4-openshift-cluster-csi-drivers-ebs-cloud-credentia"
resource "aws_iam_role" "at-rosa-2-ppp4-openshift-cluster-csi-drivers-ebs-cloud-credentia" {
  assume_role_policy    = "{\"Statement\":[{\"Action\":\"sts:AssumeRoleWithWebIdentity\",\"Condition\":{\"StringEquals\":{\"rh-oidc.s3.us-east-1.amazonaws.com/2054p508id3akcb336pavotltbkud5d7:sub\":[\"system:serviceaccount:openshift-cluster-csi-drivers:aws-ebs-csi-driver-operator\",\"system:serviceaccount:openshift-cluster-csi-drivers:aws-ebs-csi-driver-controller-sa\"]}},\"Effect\":\"Allow\",\"Principal\":{\"Federated\":\"arn:aws:iam::566972129213:oidc-provider/rh-oidc.s3.us-east-1.amazonaws.com/2054p508id3akcb336pavotltbkud5d7\"}}],\"Version\":\"2012-10-17\"}"
  description           = null
  force_detach_policies = false
  managed_policy_arns   = ["arn:aws:iam::566972129213:policy/ManagedOpenShift-openshift-cluster-csi-drivers-ebs-cloud-credent"]
  max_session_duration  = 3600
  name                  = "at-rosa-2-ppp4-openshift-cluster-csi-drivers-ebs-cloud-credentia"
  name_prefix           = null
  path                  = "/"
  permissions_boundary  = null
  tags = {
    operator_name      = "ebs-cloud-credentials"
    operator_namespace = "openshift-cluster-csi-drivers"
    rosa_cluster_id    = "2054p508id3akcb336pavotltbkud5d7"
  }
  tags_all = {
    operator_name      = "ebs-cloud-credentials"
    operator_namespace = "openshift-cluster-csi-drivers"
    rosa_cluster_id    = "2054p508id3akcb336pavotltbkud5d7"
  }
}

# __generated__ by Terraform from "at-sechub-demo-EnrichSecHubLambdaRole-1RGPJG8E9HA3F"
resource "aws_iam_role" "at-sechub-demo-EnrichSecHubLambdaRole-1RGPJG8E9HA3F" {
  assume_role_policy    = "{\"Statement\":[{\"Action\":\"sts:AssumeRole\",\"Effect\":\"Allow\",\"Principal\":{\"Service\":\"lambda.amazonaws.com\"}}],\"Version\":\"2012-10-17\"}"
  description           = null
  force_detach_policies = false
  managed_policy_arns   = ["arn:aws:iam::aws:policy/AWSSecurityHubFullAccess", "arn:aws:iam::aws:policy/AmazonEC2ReadOnlyAccess", "arn:aws:iam::aws:policy/service-role/AWSLambdaBasicExecutionRole"]
  max_session_duration  = 3600
  name                  = "at-sechub-demo-EnrichSecHubLambdaRole-1RGPJG8E9HA3F"
  name_prefix           = null
  path                  = "/"
  permissions_boundary  = null
  tags                  = {}
  tags_all              = {}
}

# __generated__ by Terraform from "AccountGuardian-EventsForward-DO-NOT-DELETE"
resource "aws_iam_role" "AccountGuardian-EventsForward-DO-NOT-DELETE" {
  assume_role_policy    = "{\"Statement\":[{\"Action\":\"sts:AssumeRole\",\"Effect\":\"Allow\",\"Principal\":{\"Service\":\"events.amazonaws.com\"}}],\"Version\":\"2012-10-17\"}"
  description           = "AccountGuardian role used by EventBridge events forwarding rule"
  force_detach_policies = false
  managed_policy_arns   = []
  max_session_duration  = 3600
  name                  = "AccountGuardian-EventsForward-DO-NOT-DELETE"
  name_prefix           = null
  path                  = "/"
  permissions_boundary  = null
  tags = {
    App     = "AccountGuardian"
    Segment = "AccountManager"
  }
  tags_all = {
    App     = "AccountGuardian"
    Segment = "AccountManager"
  }
  inline_policy {
    name   = "ForwardPolicy"
    policy = "{\"Version\":\"2012-10-17\",\"Statement\":[{\"Action\":\"events:PutEvents\",\"Effect\":\"Allow\",\"Resource\":\"arn:aws:events:us-west-2:427677067146:event-bus/ComplianceEventBus-16\"}]}"
  }
}

# __generated__ by Terraform from "aws-event-driven-architectures-worksh-DeliveryRole-2WILXB45XUF5"
resource "aws_iam_role" "aws-event-driven-architectures-worksh-DeliveryRole-2WILXB45XUF5" {
  assume_role_policy    = "{\"Statement\":[{\"Action\":\"sts:AssumeRole\",\"Condition\":{\"StringEquals\":{\"sts:ExternalId\":\"566972129213\"}},\"Effect\":\"Allow\",\"Principal\":{\"Service\":\"firehose.amazonaws.com\"}}],\"Version\":\"2012-10-17\"}"
  description           = null
  force_detach_policies = false
  managed_policy_arns   = []
  max_session_duration  = 3600
  name                  = "aws-event-driven-architectures-worksh-DeliveryRole-2WILXB45XUF5"
  name_prefix           = null
  path                  = "/"
  permissions_boundary  = null
  tags                  = {}
  tags_all              = {}
  inline_policy {
    name   = "firehose_delivery_policy"
    policy = "{\"Version\":\"2012-10-17\",\"Statement\":[{\"Action\":[\"s3:AbortMultipartUpload\",\"s3:GetBucketLocation\",\"s3:GetObject\",\"s3:ListBucket\",\"s3:ListBucketMultipartUploads\",\"s3:PutObject\"],\"Effect\":\"Allow\",\"Resource\":[\"arn:aws:s3:::orders-eu-west-1-566972129213\",\"arn:aws:s3:::orders-eu-west-1-566972129213/*\"]}]}"
  }
}

# __generated__ by Terraform from "AWS-SystemsManager-AutomationExecutionRole"
resource "aws_iam_role" "AWS-SystemsManager-AutomationExecutionRole" {
  assume_role_policy    = "{\"Statement\":[{\"Action\":\"sts:AssumeRole\",\"Effect\":\"Allow\",\"Principal\":{\"AWS\":\"arn:aws:iam::566972129213:root\"}},{\"Action\":\"sts:AssumeRole\",\"Effect\":\"Allow\",\"Principal\":{\"Service\":\"ssm.amazonaws.com\"}}],\"Version\":\"2012-10-17\"}"
  description           = null
  force_detach_policies = false
  managed_policy_arns   = ["arn:aws:iam::aws:policy/service-role/AmazonSSMAutomationRole"]
  max_session_duration  = 3600
  name                  = "AWS-SystemsManager-AutomationExecutionRole"
  name_prefix           = null
  path                  = "/"
  permissions_boundary  = null
  tags                  = {}
  tags_all              = {}
  inline_policy {
    name   = "ExecutionPolicy"
    policy = "{\"Version\":\"2012-10-17\",\"Statement\":[{\"Action\":[\"resource-groups:ListGroupResources\",\"tag:GetResources\",\"cloudformation:UpdateTerminationProtection\"],\"Effect\":\"Allow\",\"Resource\":\"*\"},{\"Action\":[\"iam:PassRole\"],\"Effect\":\"Allow\",\"Resource\":\"arn:aws:iam::566972129213:role/AWS-SystemsManager-AutomationExecutionRole\"},{\"Action\":[\"iam:ListRoles\",\"iam:AttachRolePolicy\"],\"Effect\":\"Allow\",\"Resource\":\"*\"}]}"
  }
}

# __generated__ by Terraform from "at-rosa-2-ppp4-openshift-image-registry-installer-cloud-credenti"
resource "aws_iam_role" "at-rosa-2-ppp4-openshift-image-registry-installer-cloud-credenti" {
  assume_role_policy    = "{\"Statement\":[{\"Action\":\"sts:AssumeRoleWithWebIdentity\",\"Condition\":{\"StringEquals\":{\"rh-oidc.s3.us-east-1.amazonaws.com/2054p508id3akcb336pavotltbkud5d7:sub\":[\"system:serviceaccount:openshift-image-registry:cluster-image-registry-operator\",\"system:serviceaccount:openshift-image-registry:registry\"]}},\"Effect\":\"Allow\",\"Principal\":{\"Federated\":\"arn:aws:iam::566972129213:oidc-provider/rh-oidc.s3.us-east-1.amazonaws.com/2054p508id3akcb336pavotltbkud5d7\"}}],\"Version\":\"2012-10-17\"}"
  description           = null
  force_detach_policies = false
  managed_policy_arns   = ["arn:aws:iam::566972129213:policy/ManagedOpenShift-openshift-image-registry-installer-cloud-creden"]
  max_session_duration  = 3600
  name                  = "at-rosa-2-ppp4-openshift-image-registry-installer-cloud-credenti"
  name_prefix           = null
  path                  = "/"
  permissions_boundary  = null
  tags = {
    operator_name      = "installer-cloud-credentials"
    operator_namespace = "openshift-image-registry"
    rosa_cluster_id    = "2054p508id3akcb336pavotltbkud5d7"
  }
  tags_all = {
    operator_name      = "installer-cloud-credentials"
    operator_namespace = "openshift-image-registry"
    rosa_cluster_id    = "2054p508id3akcb336pavotltbkud5d7"
  }
}

# __generated__ by Terraform from "aws-ec2-spot-fleet-tagging-role"
resource "aws_iam_role" "aws-ec2-spot-fleet-tagging-role" {
  assume_role_policy    = "{\"Statement\":[{\"Action\":\"sts:AssumeRole\",\"Effect\":\"Allow\",\"Principal\":{\"Service\":\"spotfleet.amazonaws.com\"},\"Sid\":\"\"}],\"Version\":\"2012-10-17\"}"
  description           = null
  force_detach_policies = false
  managed_policy_arns   = ["arn:aws:iam::aws:policy/service-role/AmazonEC2SpotFleetTaggingRole"]
  max_session_duration  = 3600
  name                  = "aws-ec2-spot-fleet-tagging-role"
  name_prefix           = null
  path                  = "/"
  permissions_boundary  = null
  tags                  = {}
  tags_all              = {}
}

# __generated__ by Terraform from "AWS-QuickSetup-StackSet-Local-ExecutionRole"
resource "aws_iam_role" "AWS-QuickSetup-StackSet-Local-ExecutionRole" {
  assume_role_policy    = "{\"Statement\":[{\"Action\":\"sts:AssumeRole\",\"Effect\":\"Allow\",\"Principal\":{\"AWS\":\"arn:aws:iam::566972129213:role/AWS-QuickSetup-StackSet-Local-AdministrationRole\"}}],\"Version\":\"2012-10-17\"}"
  description           = null
  force_detach_policies = false
  managed_policy_arns   = ["arn:aws:iam::aws:policy/AdministratorAccess"]
  max_session_duration  = 3600
  name                  = "AWS-QuickSetup-StackSet-Local-ExecutionRole"
  name_prefix           = null
  path                  = "/"
  permissions_boundary  = null
  tags                  = {}
  tags_all              = {}
}

# __generated__ by Terraform from "at-lambda-inspector-scan"
resource "aws_iam_role" "at-lambda-inspector-scan" {
  assume_role_policy    = "{\"Statement\":[{\"Action\":\"sts:AssumeRole\",\"Effect\":\"Allow\",\"Principal\":{\"Service\":\"lambda.amazonaws.com\"}}],\"Version\":\"2012-10-17\"}"
  description           = "Allows Lambda functions to call AWS services on your behalf."
  force_detach_policies = false
  managed_policy_arns   = ["arn:aws:iam::aws:policy/AmazonInspectorFullAccess", "arn:aws:iam::aws:policy/AmazonInspectorReadOnlyAccess", "arn:aws:iam::aws:policy/AmazonSSMFullAccess", "arn:aws:iam::aws:policy/service-role/AWSLambdaBasicExecutionRole"]
  max_session_duration  = 3600
  name                  = "at-lambda-inspector-scan"
  name_prefix           = null
  path                  = "/"
  permissions_boundary  = null
  tags                  = {}
  tags_all              = {}
}

# __generated__ by Terraform from "aws-preprod-dev-eks-cluster-role"
resource "aws_iam_role" "aws-preprod-dev-eks-cluster-role" {
  assume_role_policy    = "{\"Statement\":[{\"Action\":\"sts:AssumeRole\",\"Effect\":\"Allow\",\"Principal\":{\"Service\":\"eks.amazonaws.com\"},\"Sid\":\"EKSClusterAssumeRole\"}],\"Version\":\"2012-10-17\"}"
  description           = null
  force_detach_policies = false
  managed_policy_arns   = ["arn:aws:iam::aws:policy/AmazonEKSClusterPolicy", "arn:aws:iam::aws:policy/AmazonEKSVPCResourceController"]
  max_session_duration  = 3600
  name                  = "aws-preprod-dev-eks-cluster-role"
  name_prefix           = null
  path                  = "/"
  permissions_boundary  = null
  tags = {
    created-by  = "Terraform"
    environment = "preprod"
    name        = "aws-preprod-dev-eks"
    org         = ""
    resource    = "eks"
    tenant      = "aws"
    zone        = "dev"
  }
  tags_all = {
    created-by  = "Terraform"
    environment = "preprod"
    name        = "aws-preprod-dev-eks"
    org         = ""
    resource    = "eks"
    tenant      = "aws"
    zone        = "dev"
  }
}

# __generated__ by Terraform from "at-lambda-vpc-role"
resource "aws_iam_role" "at-lambda-vpc-role" {
  assume_role_policy    = "{\"Statement\":[{\"Action\":\"sts:AssumeRole\",\"Effect\":\"Allow\",\"Principal\":{\"Service\":\"lambda.amazonaws.com\"}}],\"Version\":\"2012-10-17\"}"
  description           = "Allows Lambda functions to call AWS services on your behalf."
  force_detach_policies = false
  managed_policy_arns   = ["arn:aws:iam::aws:policy/service-role/AWSLambdaVPCAccessExecutionRole"]
  max_session_duration  = 3600
  name                  = "at-lambda-vpc-role"
  name_prefix           = null
  path                  = "/"
  permissions_boundary  = null
  tags                  = {}
  tags_all              = {}
}

# __generated__ by Terraform from "AWSCloudFormationStackSetAdministrationRole"
resource "aws_iam_role" "AWSCloudFormationStackSetAdministrationRole" {
  assume_role_policy    = "{\"Statement\":[{\"Action\":\"sts:AssumeRole\",\"Effect\":\"Allow\",\"Principal\":{\"Service\":\"cloudformation.amazonaws.com\"}}],\"Version\":\"2012-10-17\"}"
  description           = null
  force_detach_policies = false
  managed_policy_arns   = []
  max_session_duration  = 3600
  name                  = "AWSCloudFormationStackSetAdministrationRole"
  name_prefix           = null
  path                  = "/"
  permissions_boundary  = null
  tags                  = {}
  tags_all              = {}
  inline_policy {
    name   = "AssumeRole-AWSCloudFormationStackSetExecutionRole"
    policy = "{\"Version\":\"2012-10-17\",\"Statement\":[{\"Action\":[\"sts:AssumeRole\"],\"Effect\":\"Allow\",\"Resource\":[\"arn:aws:iam::*:role/AWSCloudFormationStackSetExecutionRole\"]}]}"
  }
}

# __generated__ by Terraform from "aws-event-driven-architectures-OrdersFunctionRole-190ZY19BAT572"
resource "aws_iam_role" "aws-event-driven-architectures-OrdersFunctionRole-190ZY19BAT572" {
  assume_role_policy    = "{\"Statement\":[{\"Action\":\"sts:AssumeRole\",\"Effect\":\"Allow\",\"Principal\":{\"Service\":\"lambda.amazonaws.com\"}}],\"Version\":\"2012-10-17\"}"
  description           = null
  force_detach_policies = false
  managed_policy_arns   = ["arn:aws:iam::aws:policy/service-role/AWSLambdaBasicExecutionRole"]
  max_session_duration  = 3600
  name                  = "aws-event-driven-architectures-OrdersFunctionRole-190ZY19BAT572"
  name_prefix           = null
  path                  = "/"
  permissions_boundary  = null
  tags = {
    "lambda:createdBy" = "SAM"
  }
  tags_all = {
    "lambda:createdBy" = "SAM"
  }
  inline_policy {
    name   = "OrdersFunctionRolePolicy0"
    policy = "{\"Version\":\"2012-10-17\",\"Statement\":[{\"Action\":[\"events:PutEvents\"],\"Effect\":\"Allow\",\"Resource\":\"*\"},{\"Action\":[\"sqs:SendMessage\"],\"Effect\":\"Allow\",\"Resource\":\"*\"}]}"
  }
}

# __generated__ by Terraform from "at-rosa1-ayhm-openshift-cloud-credential-operator-cloud-credenti"
resource "aws_iam_role" "at-rosa1-ayhm-openshift-cloud-credential-operator-cloud-credenti" {
  assume_role_policy    = "{\"Statement\":[{\"Action\":\"sts:AssumeRoleWithWebIdentity\",\"Condition\":{\"StringEquals\":{\"rh-oidc.s3.us-east-1.amazonaws.com/202jnbsonpg7cn6rdrknbu0u88d9feg7:sub\":\"system:serviceaccount:openshift-cloud-credential-operator:cloud-credential-operator\"}},\"Effect\":\"Allow\",\"Principal\":{\"Federated\":\"arn:aws:iam::566972129213:oidc-provider/rh-oidc.s3.us-east-1.amazonaws.com/202jnbsonpg7cn6rdrknbu0u88d9feg7\"}}],\"Version\":\"2012-10-17\"}"
  description           = null
  force_detach_policies = false
  managed_policy_arns   = ["arn:aws:iam::566972129213:policy/ManagedOpenShift-openshift-cloud-credential-operator-cloud-crede"]
  max_session_duration  = 3600
  name                  = "at-rosa1-ayhm-openshift-cloud-credential-operator-cloud-credenti"
  name_prefix           = null
  path                  = "/"
  permissions_boundary  = null
  tags = {
    operator_name      = "cloud-credential-operator-iam-ro-creds"
    operator_namespace = "openshift-cloud-credential-operator"
    rosa_cluster_id    = "202jnbsonpg7cn6rdrknbu0u88d9feg7"
  }
  tags_all = {
    operator_name      = "cloud-credential-operator-iam-ro-creds"
    operator_namespace = "openshift-cloud-credential-operator"
    rosa_cluster_id    = "202jnbsonpg7cn6rdrknbu0u88d9feg7"
  }
}

# __generated__ by Terraform from "at-sechub-demo-InspectorTem-InspectorRunLambdaRole-1LCGU16FAZX0O"
resource "aws_iam_role" "at-sechub-demo-InspectorTem-InspectorRunLambdaRole-1LCGU16FAZX0O" {
  assume_role_policy    = "{\"Statement\":[{\"Action\":\"sts:AssumeRole\",\"Effect\":\"Allow\",\"Principal\":{\"Service\":\"lambda.amazonaws.com\"}}],\"Version\":\"2012-10-17\"}"
  description           = null
  force_detach_policies = false
  managed_policy_arns   = []
  max_session_duration  = 3600
  name                  = "at-sechub-demo-InspectorTem-InspectorRunLambdaRole-1LCGU16FAZX0O"
  name_prefix           = null
  path                  = "/"
  permissions_boundary  = null
  tags                  = {}
  tags_all              = {}
  inline_policy {
    name   = "LambdaPolicyName"
    policy = "{\"Version\":\"2012-10-17\",\"Statement\":[{\"Action\":\"logs:CreateLogGroup\",\"Effect\":\"Allow\",\"Resource\":\"arn:aws:logs:eu-west-2:566972129213:*\"},{\"Action\":[\"logs:CreateLogStream\",\"logs:PutLogEvents\"],\"Effect\":\"Allow\",\"Resource\":\"arn:aws:logs:eu-west-2:566972129213:log-group:/aws/lambda/inspector-run-assessment:*\"},{\"Action\":[\"ssm:GetParameter\",\"ssm:PutParameter\"],\"Effect\":\"Allow\",\"Resource\":\"arn:aws:ssm:eu-west-2:566972129213:parameter/CFN-InspectorAssessmentParam-myaD0P1Pj7i1\"},{\"Action\":[\"inspector:StartAssessmentRun\"],\"Effect\":\"Allow\",\"Resource\":\"*\"}]}"
  }
}

# __generated__ by Terraform from "aws-event-driven-architec-IdentityPoolAuthenticate-1N99WA4N6AV6P"
resource "aws_iam_role" "aws-event-driven-architec-IdentityPoolAuthenticate-1N99WA4N6AV6P" {
  assume_role_policy    = "{\"Statement\":[{\"Action\":\"sts:AssumeRoleWithWebIdentity\",\"Effect\":\"Allow\",\"Principal\":{\"Federated\":\"cognito-identity.amazonaws.com\"}}],\"Version\":\"2012-10-17\"}"
  description           = null
  force_detach_policies = false
  managed_policy_arns   = []
  max_session_duration  = 3600
  name                  = "aws-event-driven-architec-IdentityPoolAuthenticate-1N99WA4N6AV6P"
  name_prefix           = null
  path                  = "/"
  permissions_boundary  = null
  tags                  = {}
  tags_all              = {}
  inline_policy {
    name   = "eventBridgePolicy"
    policy = "{\"Version\":\"2012-10-17\",\"Statement\":[{\"Action\":[\"events:ListEventBuses\",\"events:PutEvents\"],\"Effect\":\"Allow\",\"Resource\":\"*\"}]}"
  }
  inline_policy {
    name   = "snsPolicy"
    policy = "{\"Version\":\"2012-10-17\",\"Statement\":[{\"Action\":[\"sns:ListTopics\",\"sns:Publish\"],\"Effect\":\"Allow\",\"Resource\":\"*\"}]}"
  }
}

# __generated__ by Terraform from "AccountGuardian-ServiceRole-DO-NOT-DELETE"
resource "aws_iam_role" "AccountGuardian-ServiceRole-DO-NOT-DELETE" {
  assume_role_policy    = "{\"Statement\":[{\"Action\":\"sts:AssumeRole\",\"Condition\":{},\"Effect\":\"Allow\",\"Principal\":{\"AWS\":\"arn:aws:iam::067057439974:root\"}}],\"Version\":\"2012-10-17\"}"
  description           = null
  force_detach_policies = false
  managed_policy_arns   = ["arn:aws:iam::aws:policy/ReadOnlyAccess"]
  max_session_duration  = 3600
  name                  = "AccountGuardian-ServiceRole-DO-NOT-DELETE"
  name_prefix           = null
  path                  = "/"
  permissions_boundary  = null
  tags                  = {}
  tags_all              = {}
  inline_policy {
    name   = "Config"
    policy = "{\"Version\":\"2012-10-17\",\"Statement\":[{\"Action\":[\"config:*\"],\"Effect\":\"Allow\",\"Resource\":[\"*\"],\"Sid\":\"Monitor\"}]}"
  }
  inline_policy {
    name   = "PitbullMonitor"
    policy = "{\"Version\":\"2012-10-17\",\"Statement\":[{\"Action\":[\"config:*\",\"ce:GetCostAndUsage\",\"iam:List*\",\"iam:Get*\"],\"Effect\":\"Allow\",\"Resource\":[\"*\"],\"Sid\":\"Monitor\"}]}"
  }
}

# __generated__ by Terraform from "AWS-QuickSetup-HostMgmtRole-eu-west-2-9yn3c"
resource "aws_iam_role" "AWS-QuickSetup-HostMgmtRole-eu-west-2-9yn3c" {
  assume_role_policy    = "{\"Statement\":[{\"Action\":\"sts:AssumeRole\",\"Effect\":\"Allow\",\"Principal\":{\"Service\":\"ssm.amazonaws.com\"}}],\"Version\":\"2012-10-17\"}"
  description           = null
  force_detach_policies = false
  managed_policy_arns   = []
  max_session_duration  = 3600
  name                  = "AWS-QuickSetup-HostMgmtRole-eu-west-2-9yn3c"
  name_prefix           = null
  path                  = "/"
  permissions_boundary  = null
  tags = {
    QuickSetupID      = "9yn3c"
    QuickSetupType    = "Host Management"
    QuickSetupVersion = "1.1"
  }
  tags_all = {
    QuickSetupID      = "9yn3c"
    QuickSetupType    = "Host Management"
    QuickSetupVersion = "1.1"
  }
  inline_policy {
    name   = "AWS-QuickSetup-SSMHostMgmt-CreateAndAttachRoleInlinePolicy-eu-west-2-9yn3c"
    policy = "{\"Version\":\"2012-10-17\",\"Statement\":[{\"Action\":[\"ssm:GetAutomationExecution\",\"ec2:DescribeIamInstanceProfileAssociations\",\"ec2:AssociateIamInstanceProfile\",\"ec2:DisassociateIamInstanceProfile\",\"ec2:DescribeInstances\",\"ssm:StartAutomationExecution\",\"iam:GetInstanceProfile\",\"iam:AddRoleToInstanceProfile\",\"iam:AttachRolePolicy\",\"iam:ListInstanceProfilesForRole\"],\"Effect\":\"Allow\",\"Resource\":\"*\"},{\"Action\":[\"iam:CreateInstanceProfile\"],\"Effect\":\"Allow\",\"Resource\":[\"arn:aws:iam::*:instance-profile/AmazonSSMRoleForInstancesQuickSetup\"]},{\"Action\":[\"iam:PassRole\",\"iam:GetRole\"],\"Effect\":\"Allow\",\"Resource\":[\"arn:aws:iam::*:role/AmazonSSMRoleForInstancesQuickSetup\",\"arn:aws:iam::*:role/AWS-QuickSetup-HostMgmtRole-eu-west-2-9yn3c\"]},{\"Action\":[\"iam:CreateRole\"],\"Effect\":\"Allow\",\"Resource\":[\"arn:aws:iam::*:role/AmazonSSMRoleForInstancesQuickSetup\"]}]}"
  }
  inline_policy {
    name   = "SSMQuickSetupEnableExplorerInlinePolicy"
    policy = "{\"Version\":\"2012-10-17\",\"Statement\":[{\"Action\":[\"iam:ListRoles\",\"config:DescribeConfigurationRecorders\",\"compute-optimizer:GetEnrollmentStatus\",\"support:DescribeTrustedAdvisorChecks\"],\"Effect\":\"Allow\",\"Resource\":\"*\"},{\"Action\":[\"ssm:UpdateServiceSetting\",\"ssm:GetServiceSetting\"],\"Effect\":\"Allow\",\"Resource\":[\"arn:aws:ssm:*:*:servicesetting/ssm/opsitem/ssm-patchmanager\",\"arn:aws:ssm:*:*:servicesetting/ssm/opsitem/EC2\",\"arn:aws:ssm:*:*:servicesetting/ssm/opsdata/ExplorerOnboarded\",\"arn:aws:ssm:*:*:servicesetting/ssm/opsdata/Association\",\"arn:aws:ssm:*:*:servicesetting/ssm/opsdata/ComputeOptimizer\",\"arn:aws:ssm:*:*:servicesetting/ssm/opsdata/ConfigCompliance\",\"arn:aws:ssm:*:*:servicesetting/ssm/opsdata/OpsData-TrustedAdvisor\",\"arn:aws:ssm:*:*:servicesetting/ssm/opsdata/SupportCenterCase\"]},{\"Action\":[\"iam:CreateServiceLinkedRole\"],\"Condition\":{\"StringEquals\":{\"iam:AWSServiceName\":\"ssm.amazonaws.com\"}},\"Effect\":\"Allow\",\"Resource\":\"arn:aws:iam::*:role/aws-service-role/ssm.amazonaws.com/AWSServiceRoleForAmazonSSM\"}]}"
  }
}

# __generated__ by Terraform from "AmazonSageMaker-ExecutionRole-andyt"
resource "aws_iam_role" "AmazonSageMaker-ExecutionRole-andyt" {
  assume_role_policy    = "{\"Statement\":[{\"Action\":\"sts:AssumeRole\",\"Effect\":\"Allow\",\"Principal\":{\"Service\":\"sagemaker.amazonaws.com\"},\"Sid\":\"\"}],\"Version\":\"2012-10-17\"}"
  description           = "Allows SageMaker notebook instances, training jobs, and models to access S3, ECR, and CloudWatch on your behalf."
  force_detach_policies = false
  managed_policy_arns   = ["arn:aws:iam::aws:policy/AdministratorAccess", "arn:aws:iam::aws:policy/AmazonSageMakerFullAccess", "arn:aws:iam::aws:policy/CloudWatchFullAccess"]
  max_session_duration  = 3600
  name                  = "AmazonSageMaker-ExecutionRole-andyt"
  name_prefix           = null
  path                  = "/"
  permissions_boundary  = null
  tags                  = {}
  tags_all              = {}
  inline_policy {
    name   = "sm-inline-s3"
    policy = "{\"Version\":\"2012-10-17\",\"Statement\":[{\"Action\":[\"s3:GetObject\",\"s3:PutObject\",\"s3:DeleteObject\",\"s3:ListBucket\"],\"Effect\":\"Allow\",\"Resource\":[\"arn:aws:s3:::*\"]}]}"
  }
}

# __generated__ by Terraform from "at-rosa1-ayhm-openshift-machine-api-aws-cloud-credentials"
resource "aws_iam_role" "at-rosa1-ayhm-openshift-machine-api-aws-cloud-credentials" {
  assume_role_policy    = "{\"Statement\":[{\"Action\":\"sts:AssumeRoleWithWebIdentity\",\"Condition\":{\"StringEquals\":{\"rh-oidc.s3.us-east-1.amazonaws.com/202jnbsonpg7cn6rdrknbu0u88d9feg7:sub\":\"system:serviceaccount:openshift-machine-api:machine-api-controllers\"}},\"Effect\":\"Allow\",\"Principal\":{\"Federated\":\"arn:aws:iam::566972129213:oidc-provider/rh-oidc.s3.us-east-1.amazonaws.com/202jnbsonpg7cn6rdrknbu0u88d9feg7\"}}],\"Version\":\"2012-10-17\"}"
  description           = null
  force_detach_policies = false
  managed_policy_arns   = ["arn:aws:iam::566972129213:policy/ManagedOpenShift-openshift-machine-api-aws-cloud-credentials"]
  max_session_duration  = 3600
  name                  = "at-rosa1-ayhm-openshift-machine-api-aws-cloud-credentials"
  name_prefix           = null
  path                  = "/"
  permissions_boundary  = null
  tags = {
    operator_name      = "aws-cloud-credentials"
    operator_namespace = "openshift-machine-api"
    rosa_cluster_id    = "202jnbsonpg7cn6rdrknbu0u88d9feg7"
  }
  tags_all = {
    operator_name      = "aws-cloud-credentials"
    operator_namespace = "openshift-machine-api"
    rosa_cluster_id    = "202jnbsonpg7cn6rdrknbu0u88d9feg7"
  }
}

# __generated__ by Terraform from "amazon-ecs-cli-setup-fluent-bit-de-EcsInstanceRole-69BV64LKH9H3"
resource "aws_iam_role" "amazon-ecs-cli-setup-fluent-bit-de-EcsInstanceRole-69BV64LKH9H3" {
  assume_role_policy    = "{\"Statement\":[{\"Action\":\"sts:AssumeRole\",\"Effect\":\"Allow\",\"Principal\":{\"Service\":\"ec2.amazonaws.com\"}}],\"Version\":\"2012-10-17\"}"
  description           = null
  force_detach_policies = false
  managed_policy_arns   = ["arn:aws:iam::aws:policy/service-role/AmazonEC2ContainerServiceforEC2Role"]
  max_session_duration  = 3600
  name                  = "amazon-ecs-cli-setup-fluent-bit-de-EcsInstanceRole-69BV64LKH9H3"
  name_prefix           = null
  path                  = "/"
  permissions_boundary  = null
  tags                  = {}
  tags_all              = {}
}

# __generated__ by Terraform from "ack-rds-controller-production-n1"
resource "aws_iam_role" "ack-rds-controller-production-n1" {
  assume_role_policy    = "{\"Statement\":[{\"Action\":\"sts:AssumeRoleWithWebIdentity\",\"Condition\":{\"StringEquals\":{\"oidc.eks.eu-west-2.amazonaws.com/id/396AD637998A7E9A00E04F03FEE30CB1:sub\":\"system:serviceaccount:production-n1:ack-rds-controller\"}},\"Effect\":\"Allow\",\"Principal\":{\"Federated\":\"arn:aws:iam::566972129213:oidc-provider/oidc.eks.eu-west-2.amazonaws.com/id/396AD637998A7E9A00E04F03FEE30CB1\"}}],\"Version\":\"2012-10-17\"}"
  description           = "IRSA role for ACK $SERVICE controller deployment on EKS cluster in $ACK_WATCH_NAMESPACE namespace"
  force_detach_policies = false
  managed_policy_arns   = ["arn:aws:iam::aws:policy/AmazonRDSFullAccess"]
  max_session_duration  = 3600
  name                  = "ack-rds-controller-production-n1"
  name_prefix           = null
  path                  = "/"
  permissions_boundary  = null
  tags                  = {}
  tags_all              = {}
}

# __generated__ by Terraform from "aws-event-driven-architec-InventoryLogGroupTargetR-18MO89L5XR3HD"
resource "aws_iam_role" "aws-event-driven-architec-InventoryLogGroupTargetR-18MO89L5XR3HD" {
  assume_role_policy    = "{\"Statement\":[{\"Action\":\"sts:AssumeRole\",\"Effect\":\"Allow\",\"Principal\":{\"Service\":\"events.amazonaws.com\"}}],\"Version\":\"2012-10-17\"}"
  description           = null
  force_detach_policies = false
  managed_policy_arns   = []
  max_session_duration  = 3600
  name                  = "aws-event-driven-architec-InventoryLogGroupTargetR-18MO89L5XR3HD"
  name_prefix           = null
  path                  = "/"
  permissions_boundary  = null
  tags                  = {}
  tags_all              = {}
  inline_policy {
    name   = "AllowLogging"
    policy = "{\"Version\":\"2012-10-17\",\"Statement\":[{\"Action\":[\"logs:*\"],\"Effect\":\"Allow\",\"Resource\":\"*\"}]}"
  }
}

# __generated__ by Terraform from "at-sechub-demo-IsolateInstanceLambdaRole-1NHTWU5PCIBKR"
resource "aws_iam_role" "at-sechub-demo-IsolateInstanceLambdaRole-1NHTWU5PCIBKR" {
  assume_role_policy    = "{\"Statement\":[{\"Action\":\"sts:AssumeRole\",\"Effect\":\"Allow\",\"Principal\":{\"Service\":\"lambda.amazonaws.com\"}}],\"Version\":\"2012-10-17\"}"
  description           = null
  force_detach_policies = false
  managed_policy_arns   = []
  max_session_duration  = 3600
  name                  = "at-sechub-demo-IsolateInstanceLambdaRole-1NHTWU5PCIBKR"
  name_prefix           = null
  path                  = "/"
  permissions_boundary  = null
  tags                  = {}
  tags_all              = {}
  inline_policy {
    name   = "LambdaPolicyName"
    policy = "{\"Version\":\"2012-10-17\",\"Statement\":[{\"Action\":\"logs:CreateLogGroup\",\"Effect\":\"Allow\",\"Resource\":\"arn:aws:logs:eu-west-2:566972129213:*\"},{\"Action\":[\"logs:CreateLogStream\",\"logs:PutLogEvents\"],\"Effect\":\"Allow\",\"Resource\":\"arn:aws:logs:eu-west-2:566972129213:log-group:/aws/lambda/isolate-ec2-security-group:*\"},{\"Action\":[\"ec2:Describe*\",\"ec2:ModifyInstanceAttribute\",\"ec2:CreateSecurityGroup\",\"ec2:AuthorizeSecurityGroupIngress\"],\"Effect\":\"Allow\",\"Resource\":\"*\"}]}"
  }
}

# __generated__ by Terraform from "ack-s3-controller-production-n1"
resource "aws_iam_role" "ack-s3-controller-production-n1" {
  assume_role_policy    = "{\"Statement\":[{\"Action\":\"sts:AssumeRoleWithWebIdentity\",\"Condition\":{\"StringEquals\":{\"oidc.eks.eu-west-2.amazonaws.com/id/396AD637998A7E9A00E04F03FEE30CB1:sub\":\"system:serviceaccount:production-n1:ack-s3-controller\"}},\"Effect\":\"Allow\",\"Principal\":{\"Federated\":\"arn:aws:iam::566972129213:oidc-provider/oidc.eks.eu-west-2.amazonaws.com/id/396AD637998A7E9A00E04F03FEE30CB1\"}}],\"Version\":\"2012-10-17\"}"
  description           = "IRSA role for ACK $SERVICE controller deployment on EKS cluster in $ACK_WATCH_NAMESPACE namespace"
  force_detach_policies = false
  managed_policy_arns   = ["arn:aws:iam::aws:policy/AmazonS3FullAccess"]
  max_session_duration  = 3600
  name                  = "ack-s3-controller-production-n1"
  name_prefix           = null
  path                  = "/"
  permissions_boundary  = null
  tags                  = {}
  tags_all              = {}
}

# __generated__ by Terraform from "at-sechub-demo-SecretsTem-SecretsManagerRDSMySQLRo-1DEZHSZEB4ITL"
resource "aws_iam_role" "at-sechub-demo-SecretsTem-SecretsManagerRDSMySQLRo-1DEZHSZEB4ITL" {
  assume_role_policy    = "{\"Statement\":[{\"Action\":\"sts:AssumeRole\",\"Effect\":\"Allow\",\"Principal\":{\"Service\":\"lambda.amazonaws.com\"}}],\"Version\":\"2012-10-17\"}"
  description           = null
  force_detach_policies = false
  managed_policy_arns   = ["arn:aws:iam::aws:policy/service-role/AWSLambdaBasicExecutionRole", "arn:aws:iam::aws:policy/service-role/AWSLambdaVPCAccessExecutionRole"]
  max_session_duration  = 3600
  name                  = "at-sechub-demo-SecretsTem-SecretsManagerRDSMySQLRo-1DEZHSZEB4ITL"
  name_prefix           = null
  path                  = "/"
  permissions_boundary  = null
  tags = {
    SecretsManagerLambda             = "Rotation"
    "lambda:createdBy"               = "SAM"
    "serverlessrepo:applicationId"   = "arn:aws:serverlessrepo:us-east-1:297356227824:applications/SecretsManagerRDSMySQLRotationSingleUser"
    "serverlessrepo:semanticVersion" = "1.1.0"
  }
  tags_all = {
    SecretsManagerLambda             = "Rotation"
    "lambda:createdBy"               = "SAM"
    "serverlessrepo:applicationId"   = "arn:aws:serverlessrepo:us-east-1:297356227824:applications/SecretsManagerRDSMySQLRotationSingleUser"
    "serverlessrepo:semanticVersion" = "1.1.0"
  }
  inline_policy {
    name   = "SecretsManagerRDSMySQLRotationSingleUserRolePolicy0"
    policy = "{\"Statement\":[{\"Action\":[\"ec2:CreateNetworkInterface\",\"ec2:DeleteNetworkInterface\",\"ec2:DescribeNetworkInterfaces\",\"ec2:DetachNetworkInterface\"],\"Effect\":\"Allow\",\"Resource\":\"*\"}]}"
  }
  inline_policy {
    name   = "SecretsManagerRDSMySQLRotationSingleUserRolePolicy1"
    policy = "{\"Statement\":[{\"Action\":[\"secretsmanager:DescribeSecret\",\"secretsmanager:GetSecretValue\",\"secretsmanager:PutSecretValue\",\"secretsmanager:UpdateSecretVersionStage\"],\"Condition\":{\"StringEquals\":{\"secretsmanager:resource/AllowRotationLambdaArn\":\"arn:aws:lambda:eu-west-2:566972129213:function:SecretsManagerMySQLRotationLambda\"}},\"Effect\":\"Allow\",\"Resource\":\"arn:aws:secretsmanager:eu-west-2:566972129213:secret:*\"},{\"Action\":[\"secretsmanager:GetRandomPassword\"],\"Effect\":\"Allow\",\"Resource\":\"*\"}]}"
  }
}

# __generated__ by Terraform from "at-rosa-2-ppp4-openshift-machine-api-aws-cloud-credentials"
resource "aws_iam_role" "at-rosa-2-ppp4-openshift-machine-api-aws-cloud-credentials" {
  assume_role_policy    = "{\"Statement\":[{\"Action\":\"sts:AssumeRoleWithWebIdentity\",\"Condition\":{\"StringEquals\":{\"rh-oidc.s3.us-east-1.amazonaws.com/2054p508id3akcb336pavotltbkud5d7:sub\":\"system:serviceaccount:openshift-machine-api:machine-api-controllers\"}},\"Effect\":\"Allow\",\"Principal\":{\"Federated\":\"arn:aws:iam::566972129213:oidc-provider/rh-oidc.s3.us-east-1.amazonaws.com/2054p508id3akcb336pavotltbkud5d7\"}}],\"Version\":\"2012-10-17\"}"
  description           = null
  force_detach_policies = false
  managed_policy_arns   = ["arn:aws:iam::566972129213:policy/ManagedOpenShift-openshift-machine-api-aws-cloud-credentials"]
  max_session_duration  = 3600
  name                  = "at-rosa-2-ppp4-openshift-machine-api-aws-cloud-credentials"
  name_prefix           = null
  path                  = "/"
  permissions_boundary  = null
  tags = {
    operator_name      = "aws-cloud-credentials"
    operator_namespace = "openshift-machine-api"
    rosa_cluster_id    = "2054p508id3akcb336pavotltbkud5d7"
  }
  tags_all = {
    operator_name      = "aws-cloud-credentials"
    operator_namespace = "openshift-machine-api"
    rosa_cluster_id    = "2054p508id3akcb336pavotltbkud5d7"
  }
}

# __generated__ by Terraform from "at-rosa1-ayhm-openshift-ingress-operator-cloud-credentials"
resource "aws_iam_role" "at-rosa1-ayhm-openshift-ingress-operator-cloud-credentials" {
  assume_role_policy    = "{\"Statement\":[{\"Action\":\"sts:AssumeRoleWithWebIdentity\",\"Condition\":{\"StringEquals\":{\"rh-oidc.s3.us-east-1.amazonaws.com/202jnbsonpg7cn6rdrknbu0u88d9feg7:sub\":\"system:serviceaccount:openshift-ingress-operator:ingress-operator\"}},\"Effect\":\"Allow\",\"Principal\":{\"Federated\":\"arn:aws:iam::566972129213:oidc-provider/rh-oidc.s3.us-east-1.amazonaws.com/202jnbsonpg7cn6rdrknbu0u88d9feg7\"}}],\"Version\":\"2012-10-17\"}"
  description           = null
  force_detach_policies = false
  managed_policy_arns   = ["arn:aws:iam::566972129213:policy/ManagedOpenShift-openshift-ingress-operator-cloud-credentials"]
  max_session_duration  = 3600
  name                  = "at-rosa1-ayhm-openshift-ingress-operator-cloud-credentials"
  name_prefix           = null
  path                  = "/"
  permissions_boundary  = null
  tags = {
    operator_name      = "cloud-credentials"
    operator_namespace = "openshift-ingress-operator"
    rosa_cluster_id    = "202jnbsonpg7cn6rdrknbu0u88d9feg7"
  }
  tags_all = {
    operator_name      = "cloud-credentials"
    operator_namespace = "openshift-ingress-operator"
    rosa_cluster_id    = "202jnbsonpg7cn6rdrknbu0u88d9feg7"
  }
}

# __generated__ by Terraform from "AccountGuardian-PVREMaintenanceWindow-DO-NOT-DELETE"
resource "aws_iam_role" "AccountGuardian-PVREMaintenanceWindow-DO-NOT-DELETE" {
  assume_role_policy    = "{\"Statement\":[{\"Action\":\"sts:AssumeRole\",\"Effect\":\"Allow\",\"Principal\":{\"Service\":\"ssm.amazonaws.com\"}}],\"Version\":\"2012-10-17\"}"
  description           = "AccountGuardian created role for PVRE maintenance window. DO NOT DELETE"
  force_detach_policies = false
  managed_policy_arns   = ["arn:aws:iam::aws:policy/service-role/AmazonSSMMaintenanceWindowRole"]
  max_session_duration  = 3600
  name                  = "AccountGuardian-PVREMaintenanceWindow-DO-NOT-DELETE"
  name_prefix           = null
  path                  = "/"
  permissions_boundary  = null
  tags                  = {}
  tags_all              = {}
  inline_policy {
    name   = "SSMPassRole"
    policy = "{\"Version\":\"2012-10-17\",\"Statement\":[{\"Action\":\"iam:PassRole\",\"Condition\":{\"StringEquals\":{\"iam:PassedToService\":\"ssm.amazonaws.com\"}},\"Effect\":\"Allow\",\"Resource\":\"*\"}]}"
  }
}

# __generated__ by Terraform from "aws-event-driven-architectu-CreateUserFunctionRole-JUK7G64OPGO8"
resource "aws_iam_role" "aws-event-driven-architectu-CreateUserFunctionRole-JUK7G64OPGO8" {
  assume_role_policy    = "{\"Statement\":[{\"Action\":\"sts:AssumeRole\",\"Effect\":\"Allow\",\"Principal\":{\"Service\":\"lambda.amazonaws.com\"}}],\"Version\":\"2012-10-17\"}"
  description           = null
  force_detach_policies = false
  managed_policy_arns   = ["arn:aws:iam::aws:policy/service-role/AWSLambdaBasicExecutionRole"]
  max_session_duration  = 3600
  name                  = "aws-event-driven-architectu-CreateUserFunctionRole-JUK7G64OPGO8"
  name_prefix           = null
  path                  = "/"
  permissions_boundary  = null
  tags = {
    "lambda:createdBy" = "SAM"
  }
  tags_all = {
    "lambda:createdBy" = "SAM"
  }
  inline_policy {
    name   = "CreateUserFunctionRolePolicy0"
    policy = "{\"Version\":\"2012-10-17\",\"Statement\":[{\"Action\":[\"cognito-idp:AdminConfirmSignUp\"],\"Effect\":\"Allow\",\"Resource\":\"arn:aws:cognito-idp:eu-west-1:566972129213:userpool/eu-west-1_1aKJgfDfM\"},{\"Action\":[\"cognito-idp:SignUp\"],\"Effect\":\"Allow\",\"Resource\":\"*\"},{\"Action\":[\"secretsmanager:GetSecretValue\"],\"Effect\":\"Allow\",\"Resource\":\"arn:aws:secretsmanager:eu-west-1:566972129213:secret:aws-event-driven-architectures-workshop-CognitoUserPool-20O4WECFBXLV-event-generator-credentials-eFpA9A\"}]}"
  }
}

# __generated__ by Terraform from "at-rosa1-ayhm-openshift-image-registry-installer-cloud-credentia"
resource "aws_iam_role" "at-rosa1-ayhm-openshift-image-registry-installer-cloud-credentia" {
  assume_role_policy    = "{\"Statement\":[{\"Action\":\"sts:AssumeRoleWithWebIdentity\",\"Condition\":{\"StringEquals\":{\"rh-oidc.s3.us-east-1.amazonaws.com/202jnbsonpg7cn6rdrknbu0u88d9feg7:sub\":[\"system:serviceaccount:openshift-image-registry:cluster-image-registry-operator\",\"system:serviceaccount:openshift-image-registry:registry\"]}},\"Effect\":\"Allow\",\"Principal\":{\"Federated\":\"arn:aws:iam::566972129213:oidc-provider/rh-oidc.s3.us-east-1.amazonaws.com/202jnbsonpg7cn6rdrknbu0u88d9feg7\"}}],\"Version\":\"2012-10-17\"}"
  description           = null
  force_detach_policies = false
  managed_policy_arns   = ["arn:aws:iam::566972129213:policy/ManagedOpenShift-openshift-image-registry-installer-cloud-creden"]
  max_session_duration  = 3600
  name                  = "at-rosa1-ayhm-openshift-image-registry-installer-cloud-credentia"
  name_prefix           = null
  path                  = "/"
  permissions_boundary  = null
  tags = {
    operator_name      = "installer-cloud-credentials"
    operator_namespace = "openshift-image-registry"
    rosa_cluster_id    = "202jnbsonpg7cn6rdrknbu0u88d9feg7"
  }
  tags_all = {
    operator_name      = "installer-cloud-credentials"
    operator_namespace = "openshift-image-registry"
    rosa_cluster_id    = "202jnbsonpg7cn6rdrknbu0u88d9feg7"
  }
}

# __generated__ by Terraform from "at-sechub-demo-CloudCusto-CloudCustodianInstanceRo-1WFIB55AS7DK4"
resource "aws_iam_role" "at-sechub-demo-CloudCusto-CloudCustodianInstanceRo-1WFIB55AS7DK4" {
  assume_role_policy    = "{\"Statement\":[{\"Action\":\"sts:AssumeRole\",\"Effect\":\"Allow\",\"Principal\":{\"Service\":[\"ec2.amazonaws.com\",\"ssm.amazonaws.com\"]}}],\"Version\":\"2012-10-17\"}"
  description           = null
  force_detach_policies = false
  managed_policy_arns   = ["arn:aws:iam::aws:policy/AWSSecurityHubFullAccess", "arn:aws:iam::aws:policy/AmazonSSMManagedInstanceCore", "arn:aws:iam::aws:policy/ReadOnlyAccess"]
  max_session_duration  = 3600
  name                  = "at-sechub-demo-CloudCusto-CloudCustodianInstanceRo-1WFIB55AS7DK4"
  name_prefix           = null
  path                  = "/"
  permissions_boundary  = null
  tags                  = {}
  tags_all              = {}
}

# __generated__ by Terraform from "AVMContainersUserRole"
resource "aws_iam_role" "AVMContainersUserRole" {
  assume_role_policy    = "{\"Statement\":[{\"Action\":\"sts:AssumeRole\",\"Condition\":{\"StringEquals\":{\"sts:ExternalId\":\"InspectorEnablementRoleMCb6181MtFko\"}},\"Effect\":\"Allow\",\"Principal\":{\"AWS\":\"arn:aws:iam::214732530209:root\"},\"Sid\":\"\"}],\"Version\":\"2012-10-17\"}"
  description           = null
  force_detach_policies = false
  managed_policy_arns   = []
  max_session_duration  = 3600
  name                  = "AVMContainersUserRole"
  name_prefix           = null
  path                  = "/"
  permissions_boundary  = null
  tags                  = {}
  tags_all              = {}
  inline_policy {
    name   = "AWSContainerAssessmentPolicy"
    policy = "{\"Version\":\"2012-10-17\",\"Statement\":[{\"Action\":[\"inspector2:BatchGetAccountStatus\",\"inspector2:ListCoverage\",\"inspector2:ListCoverageStatistics\",\"inspector2:ListFindingAggregations\",\"inspector2:ListFindings\",\"inspector2:Enable\",\"ecr:PutRegistryScanningConfiguration\",\"ecr:GetRegistryScanningConfiguration\"],\"Effect\":\"Allow\",\"Resource\":\"*\",\"Sid\":\"AVMContainersUserPolicyForStandaloneAccounts\"},{\"Action\":\"iam:CreateServiceLinkedRole\",\"Condition\":{\"StringEquals\":{\"iam:AWSServiceName\":\"inspector2.amazonaws.com\"}},\"Effect\":\"Allow\",\"Resource\":\"arn:*:iam::*:role/aws-service-role/inspector2.amazonaws.com/AWSServiceRoleForAmazonInspector2\"}]}"
  }
}

# __generated__ by Terraform from "AWS-QuickSetup-StackSet-Local-AdministrationRole"
resource "aws_iam_role" "AWS-QuickSetup-StackSet-Local-AdministrationRole" {
  assume_role_policy    = "{\"Statement\":[{\"Action\":\"sts:AssumeRole\",\"Effect\":\"Allow\",\"Principal\":{\"Service\":\"cloudformation.amazonaws.com\"}}],\"Version\":\"2012-10-17\"}"
  description           = null
  force_detach_policies = false
  managed_policy_arns   = []
  max_session_duration  = 3600
  name                  = "AWS-QuickSetup-StackSet-Local-AdministrationRole"
  name_prefix           = null
  path                  = "/"
  permissions_boundary  = null
  tags                  = {}
  tags_all              = {}
  inline_policy {
    name   = "AssumeRole-AWS-QuickSetup-StackSet-Local-ExecutionRole"
    policy = "{\"Version\":\"2012-10-17\",\"Statement\":[{\"Action\":[\"sts:AssumeRole\"],\"Effect\":\"Allow\",\"Resource\":[\"arn:*:iam::*:role/AWS-QuickSetup-StackSet-Local-ExecutionRole\"]}]}"
  }
}
