# __generated__ by Terraform
# Please review these resources and move them into your main configuration files.

# __generated__ by Terraform
resource "aws_vpc" "vpc-0d18b88f8596b92c3" {
  assign_generated_ipv6_cidr_block     = true
  cidr_block                           = "10.1.0.0/24"
  enable_dns_hostnames                 = true
  enable_dns_support                   = true
  enable_network_address_usage_metrics = false
  instance_tenancy                     = "default"
  ipv4_ipam_pool_id                    = null
  ipv4_netmask_length                  = null
  ipv6_cidr_block                      = "2a05:d01c:873:4c00::/56"
  ipv6_cidr_block_network_border_group = "eu-west-2"
  ipv6_ipam_pool_id                    = null
  ipv6_netmask_length                  = 0
  tags = {
    Name = "vpc-andy1"
    RG   = "asgweb1"
  }
  tags_all = {
    Name = "vpc-andy1"
    RG   = "asgweb1"
  }
}

# __generated__ by Terraform
resource "aws_vpc" "vpc-db7c09b3" {
  assign_generated_ipv6_cidr_block     = false
  cidr_block                           = "172.31.0.0/16"
  enable_dns_hostnames                 = true
  enable_dns_support                   = true
  enable_network_address_usage_metrics = false
  instance_tenancy                     = "default"
  ipv4_ipam_pool_id                    = null
  ipv4_netmask_length                  = null
  ipv6_cidr_block                      = null
  ipv6_cidr_block_network_border_group = null
  ipv6_ipam_pool_id                    = null
  ipv6_netmask_length                  = 0
  tags = {
    Name = "DefaultVPC"
  }
  tags_all = {
    Name = "DefaultVPC"
  }
}

# __generated__ by Terraform
resource "aws_vpc" "vpc-00c85f1e05ed48015" {
  assign_generated_ipv6_cidr_block     = true
  cidr_block                           = "192.168.0.0/16"
  enable_dns_hostnames                 = true
  enable_dns_support                   = true
  enable_network_address_usage_metrics = false
  instance_tenancy                     = "default"
  ipv4_ipam_pool_id                    = null
  ipv4_netmask_length                  = null
  ipv6_cidr_block                      = "2a05:d01c:27c:2900::/56"
  ipv6_cidr_block_network_border_group = "eu-west-2"
  ipv6_ipam_pool_id                    = null
  ipv6_netmask_length                  = 0
  tags = {
    Name                                          = "eksctl-eks-ipv6-cluster/VPC"
    "alpha.eksctl.io/cluster-name"                = "eks-ipv6"
    "alpha.eksctl.io/eksctl-version"              = "0.87.0"
    "eksctl.cluster.k8s.io/v1alpha1/cluster-name" = "eks-ipv6"
  }
  tags_all = {
    Name                                          = "eksctl-eks-ipv6-cluster/VPC"
    "alpha.eksctl.io/cluster-name"                = "eks-ipv6"
    "alpha.eksctl.io/eksctl-version"              = "0.87.0"
    "eksctl.cluster.k8s.io/v1alpha1/cluster-name" = "eks-ipv6"
  }
}
