# __generated__ by Terraform
# Please review these resources and move them into your main configuration files.

# __generated__ by Terraform from "igw-022231fe803debcc3"
resource "aws_internet_gateway" "igw-022231fe803debcc3" {
  tags = {
    Name = "LatticeWorkshop"
  }
  tags_all = {
    Name = "LatticeWorkshop"
  }
  vpc_id = "vpc-06e9c4980d3f59ba4"
}

# __generated__ by Terraform from "igw-5b6b683c"
resource "aws_internet_gateway" "igw-5b6b683c" {
  tags     = {}
  tags_all = {}
  vpc_id   = "vpc-d16a7cb7"
}

# __generated__ by Terraform from "igw-0132db3d6c7a2554c"
resource "aws_internet_gateway" "igw-0132db3d6c7a2554c" {
  tags = {
    Name = "LatticeWorkshop"
  }
  tags_all = {
    Name = "LatticeWorkshop"
  }
  vpc_id = "vpc-0c3e932ea11ae7449"
}

# __generated__ by Terraform from "igw-0970baa2605887410"
resource "aws_internet_gateway" "igw-0970baa2605887410" {
  tags = {
    Name = "LatticeWorkshop"
  }
  tags_all = {
    Name = "LatticeWorkshop"
  }
  vpc_id = "vpc-05e85738351f4b792"
}

# __generated__ by Terraform from "igw-03160a1ff844b5fd1"
resource "aws_internet_gateway" "igw-03160a1ff844b5fd1" {
  tags = {
    Name = "LatticeWorkshop"
  }
  tags_all = {
    Name = "LatticeWorkshop"
  }
  vpc_id = "vpc-0fcd130e46ccecf4c"
}

# __generated__ by Terraform from "igw-0cf2c0b014bad688c"
resource "aws_internet_gateway" "igw-0cf2c0b014bad688c" {
  tags = {
    Name = "ecsworkshop-base/BaseVPC"
  }
  tags_all = {
    Name = "ecsworkshop-base/BaseVPC"
  }
  vpc_id = "vpc-0fe42a48edcb93a28"
}
