# __generated__ by Terraform
# Please review these resources and move them into your main configuration files.

# __generated__ by Terraform from "sg-07f864460b6a1e453"
resource "aws_security_group" "sg-07f864460b6a1e453" {
  description = "default VPC security group"
  egress = [{
    cidr_blocks      = ["0.0.0.0/0"]
    description      = ""
    from_port        = 0
    ipv6_cidr_blocks = []
    prefix_list_ids  = []
    protocol         = "-1"
    security_groups  = []
    self             = false
    to_port          = 0
  }]
  ingress = [{
    cidr_blocks      = []
    description      = ""
    from_port        = 0
    ipv6_cidr_blocks = []
    prefix_list_ids  = []
    protocol         = "-1"
    security_groups  = []
    self             = true
    to_port          = 0
  }]
  name                   = "default"
  name_prefix            = null
  revoke_rules_on_delete = null
  tags                   = {}
  tags_all               = {}
  vpc_id                 = "vpc-0fcd130e46ccecf4c"
}

# __generated__ by Terraform from "sg-0ad16cd9808b468df"
resource "aws_security_group" "sg-0ad16cd9808b468df" {
  description = "This security group was generated by AWS Marketplace and is based on recommended settings for Amazon Linux 2 AMI with Amazon Inspector Agent version 1.0 provided by Amazon Web Services"
  egress = [{
    cidr_blocks      = ["0.0.0.0/0"]
    description      = ""
    from_port        = 0
    ipv6_cidr_blocks = []
    prefix_list_ids  = []
    protocol         = "-1"
    security_groups  = []
    self             = false
    to_port          = 0
  }]
  ingress = [{
    cidr_blocks      = ["0.0.0.0/0"]
    description      = ""
    from_port        = 22
    ipv6_cidr_blocks = []
    prefix_list_ids  = []
    protocol         = "tcp"
    security_groups  = []
    self             = false
    to_port          = 22
    }, {
    cidr_blocks      = ["0.0.0.0/0"]
    description      = ""
    from_port        = 80
    ipv6_cidr_blocks = []
    prefix_list_ids  = []
    protocol         = "tcp"
    security_groups  = []
    self             = false
    to_port          = 80
  }]
  name                   = "Amazon Linux 2 AMI with Amazon Inspector Agent-1-0-AutogenByAWSMP-1"
  name_prefix            = null
  revoke_rules_on_delete = null
  tags                   = {}
  tags_all               = {}
  vpc_id                 = "vpc-d16a7cb7"
}

# __generated__ by Terraform from "sg-0a95692fb9e4baa8a"
resource "aws_security_group" "sg-0a95692fb9e4baa8a" {
  description = "[DO NOT DELETE] Security Group that allows inbound NFS traffic for SageMaker Notebooks Domain [d-p9uargalovio]"
  egress      = []
  ingress = [{
    cidr_blocks      = []
    description      = ""
    from_port        = 2049
    ipv6_cidr_blocks = []
    prefix_list_ids  = []
    protocol         = "tcp"
    security_groups  = ["sg-01c8b3e4e3e4153b6"]
    self             = false
    to_port          = 2049
  }]
  name                   = "security-group-for-inbound-nfs-d-p9uargalovio"
  name_prefix            = null
  revoke_rules_on_delete = null
  tags = {
    ManagedByAmazonSageMakerResource = "arn:aws:sagemaker:eu-west-1:566972129213:domain/d-p9uargalovio"
  }
  tags_all = {
    ManagedByAmazonSageMakerResource = "arn:aws:sagemaker:eu-west-1:566972129213:domain/d-p9uargalovio"
  }
  vpc_id = "vpc-d16a7cb7"
}

# __generated__ by Terraform from "sg-0925b07f6871c4c52"
resource "aws_security_group" "sg-0925b07f6871c4c52" {
  description = "[DO NOT DELETE] Security Group that allows inbound NFS traffic for SageMaker Notebooks Domain [d-m9yvrgodylyf]"
  egress      = []
  ingress = [{
    cidr_blocks      = []
    description      = ""
    from_port        = 2049
    ipv6_cidr_blocks = []
    prefix_list_ids  = []
    protocol         = "tcp"
    security_groups  = ["sg-0347e007a39664254"]
    self             = false
    to_port          = 2049
  }]
  name                   = "security-group-for-inbound-nfs-d-m9yvrgodylyf"
  name_prefix            = null
  revoke_rules_on_delete = null
  tags = {
    ManagedByAmazonSageMakerResource = "arn:aws:sagemaker:eu-west-1:566972129213:domain/d-m9yvrgodylyf"
  }
  tags_all = {
    ManagedByAmazonSageMakerResource = "arn:aws:sagemaker:eu-west-1:566972129213:domain/d-m9yvrgodylyf"
  }
  vpc_id = "vpc-d16a7cb7"
}

# __generated__ by Terraform from "sg-0d973ba3cbf43974d"
resource "aws_security_group" "sg-0d973ba3cbf43974d" {
  description = "Security group for AWS Cloud9 environment aws-cloud9-ecr-sign-ea29311879824fa993341b6b1f16494d"
  egress = [{
    cidr_blocks      = ["0.0.0.0/0"]
    description      = ""
    from_port        = 0
    ipv6_cidr_blocks = []
    prefix_list_ids  = []
    protocol         = "-1"
    security_groups  = []
    self             = false
    to_port          = 0
  }]
  ingress                = []
  name                   = "aws-cloud9-ecr-sign-ea29311879824fa993341b6b1f16494d-InstanceSecurityGroup-14QIVSI12YSAG"
  name_prefix            = null
  revoke_rules_on_delete = null
  tags = {
    Name = "aws-cloud9-ecr-sign-ea29311879824fa993341b6b1f16494d"
  }
  tags_all = {
    Name = "aws-cloud9-ecr-sign-ea29311879824fa993341b6b1f16494d"
  }
  vpc_id = "vpc-d16a7cb7"
}

# __generated__ by Terraform from "sg-00e1779fed4725350"
resource "aws_security_group" "sg-00e1779fed4725350" {
  description = "[DO NOT DELETE] Security Group that allows inbound NFS traffic for SageMaker Notebooks Domain [d-rxwdhk4uxg9w]"
  egress      = []
  ingress = [{
    cidr_blocks      = []
    description      = ""
    from_port        = 2049
    ipv6_cidr_blocks = []
    prefix_list_ids  = []
    protocol         = "tcp"
    security_groups  = ["sg-06bd201e736d2b3b7"]
    self             = false
    to_port          = 2049
  }]
  name                   = "security-group-for-inbound-nfs-d-rxwdhk4uxg9w"
  name_prefix            = null
  revoke_rules_on_delete = null
  tags = {
    ManagedByAmazonSageMakerResource = "arn:aws:sagemaker:eu-west-1:566972129213:domain/d-rxwdhk4uxg9w"
  }
  tags_all = {
    ManagedByAmazonSageMakerResource = "arn:aws:sagemaker:eu-west-1:566972129213:domain/d-rxwdhk4uxg9w"
  }
  vpc_id = "vpc-d16a7cb7"
}

# __generated__ by Terraform from "sg-021bee5af01e26a5a"
resource "aws_security_group" "sg-021bee5af01e26a5a" {
  description = "This security group was generated by AWS Marketplace and is based on recommended settings for Amazon Linux 2 AMI with Amazon Inspector Agent version 1.0 provided by Amazon Web Services"
  egress = [{
    cidr_blocks      = ["0.0.0.0/0"]
    description      = ""
    from_port        = 0
    ipv6_cidr_blocks = []
    prefix_list_ids  = []
    protocol         = "-1"
    security_groups  = []
    self             = false
    to_port          = 0
  }]
  ingress = [{
    cidr_blocks      = ["0.0.0.0/0"]
    description      = ""
    from_port        = 22
    ipv6_cidr_blocks = []
    prefix_list_ids  = []
    protocol         = "tcp"
    security_groups  = []
    self             = false
    to_port          = 22
    }, {
    cidr_blocks      = ["0.0.0.0/0"]
    description      = ""
    from_port        = 80
    ipv6_cidr_blocks = []
    prefix_list_ids  = []
    protocol         = "tcp"
    security_groups  = []
    self             = false
    to_port          = 80
  }]
  name                   = "Amazon Linux 2 AMI with Amazon Inspector Agent-1-0-AutogenByAWSMP-"
  name_prefix            = null
  revoke_rules_on_delete = null
  tags                   = {}
  tags_all               = {}
  vpc_id                 = "vpc-d16a7cb7"
}

# __generated__ by Terraform
resource "aws_security_group" "sg-04f2ae7127ea5424d" {
  description = "ecsworkshop-base/MeshGW-Proxy-Fargate-Service/Service/SecurityGroup"
  egress = [{
    cidr_blocks      = ["0.0.0.0/0"]
    description      = "Allow all outbound traffic by default"
    from_port        = 0
    ipv6_cidr_blocks = []
    prefix_list_ids  = []
    protocol         = "-1"
    security_groups  = []
    self             = false
    to_port          = 0
  }]
  ingress = [{
    cidr_blocks      = ["0.0.0.0/0"]
    description      = "Allow NLB connections on port 3000"
    from_port        = 3000
    ipv6_cidr_blocks = []
    prefix_list_ids  = []
    protocol         = "tcp"
    security_groups  = []
    self             = false
    to_port          = 3000
    }, {
    cidr_blocks      = ["0.0.0.0/0"]
    description      = "Allow NLB connections on port 8080"
    from_port        = 443
    ipv6_cidr_blocks = []
    prefix_list_ids  = []
    protocol         = "tcp"
    security_groups  = []
    self             = false
    to_port          = 443
    }, {
    cidr_blocks      = ["0.0.0.0/0"]
    description      = "Allow NLB connections on port 8080"
    from_port        = 8080
    ipv6_cidr_blocks = []
    prefix_list_ids  = []
    protocol         = "tcp"
    security_groups  = []
    self             = false
    to_port          = 8080
  }]
  name                   = "terraform-20230716075609604700000017"
  name_prefix            = "terraform-"
  revoke_rules_on_delete = null
  tags                   = {}
  tags_all               = {}
  vpc_id                 = "vpc-0fe42a48edcb93a28"
}

# __generated__ by Terraform from "sg-0d9bebdba9356a2d5"
resource "aws_security_group" "sg-0d9bebdba9356a2d5" {
  description = "[DO NOT DELETE] Security Group that allows outbound NFS traffic for SageMaker Notebooks Domain [d-hm3bgqzqwysg]"
  egress = [{
    cidr_blocks      = []
    description      = ""
    from_port        = 2049
    ipv6_cidr_blocks = []
    prefix_list_ids  = []
    protocol         = "tcp"
    security_groups  = ["sg-0345e2f63cf1b7640"]
    self             = false
    to_port          = 2049
  }]
  ingress                = []
  name                   = "security-group-for-outbound-nfs-d-hm3bgqzqwysg"
  name_prefix            = null
  revoke_rules_on_delete = null
  tags = {
    ManagedByAmazonSageMakerResource = "arn:aws:sagemaker:eu-west-1:566972129213:domain/d-hm3bgqzqwysg"
  }
  tags_all = {
    ManagedByAmazonSageMakerResource = "arn:aws:sagemaker:eu-west-1:566972129213:domain/d-hm3bgqzqwysg"
  }
  vpc_id = "vpc-d16a7cb7"
}

# __generated__ by Terraform from "sg-0415addcd3ada9f27"
resource "aws_security_group" "sg-0415addcd3ada9f27" {
  description = "[DO NOT DELETE] Security Group that allows outbound NFS traffic for SageMaker Notebooks Domain [d-sbktdptyz37x]"
  egress = [{
    cidr_blocks      = []
    description      = ""
    from_port        = 2049
    ipv6_cidr_blocks = []
    prefix_list_ids  = []
    protocol         = "tcp"
    security_groups  = ["sg-07fd426eb23b040c7"]
    self             = false
    to_port          = 2049
  }]
  ingress                = []
  name                   = "security-group-for-outbound-nfs-d-sbktdptyz37x"
  name_prefix            = null
  revoke_rules_on_delete = null
  tags = {
    ManagedByAmazonSageMakerResource = "arn:aws:sagemaker:eu-west-1:566972129213:domain/d-sbktdptyz37x"
  }
  tags_all = {
    ManagedByAmazonSageMakerResource = "arn:aws:sagemaker:eu-west-1:566972129213:domain/d-sbktdptyz37x"
  }
  vpc_id = "vpc-d16a7cb7"
}

# __generated__ by Terraform from "sg-0cc13753231633739"
resource "aws_security_group" "sg-0cc13753231633739" {
  description = "[DO NOT DELETE] Security Group that allows inbound NFS traffic for SageMaker Notebooks Domain [d-hhrxgyjoezog]"
  egress      = []
  ingress = [{
    cidr_blocks      = []
    description      = ""
    from_port        = 2049
    ipv6_cidr_blocks = []
    prefix_list_ids  = []
    protocol         = "tcp"
    security_groups  = ["sg-0e49847b1788bdc1e"]
    self             = false
    to_port          = 2049
  }]
  name                   = "security-group-for-inbound-nfs-d-hhrxgyjoezog"
  name_prefix            = null
  revoke_rules_on_delete = null
  tags = {
    ManagedByAmazonSageMakerResource = "arn:aws:sagemaker:eu-west-1:566972129213:domain/d-hhrxgyjoezog"
  }
  tags_all = {
    ManagedByAmazonSageMakerResource = "arn:aws:sagemaker:eu-west-1:566972129213:domain/d-hhrxgyjoezog"
  }
  vpc_id = "vpc-d16a7cb7"
}

# __generated__ by Terraform from "sg-0345e2f63cf1b7640"
resource "aws_security_group" "sg-0345e2f63cf1b7640" {
  description = "[DO NOT DELETE] Security Group that allows inbound NFS traffic for SageMaker Notebooks Domain [d-hm3bgqzqwysg]"
  egress      = []
  ingress = [{
    cidr_blocks      = []
    description      = ""
    from_port        = 2049
    ipv6_cidr_blocks = []
    prefix_list_ids  = []
    protocol         = "tcp"
    security_groups  = ["sg-0d9bebdba9356a2d5"]
    self             = false
    to_port          = 2049
  }]
  name                   = "security-group-for-inbound-nfs-d-hm3bgqzqwysg"
  name_prefix            = null
  revoke_rules_on_delete = null
  tags = {
    ManagedByAmazonSageMakerResource = "arn:aws:sagemaker:eu-west-1:566972129213:domain/d-hm3bgqzqwysg"
  }
  tags_all = {
    ManagedByAmazonSageMakerResource = "arn:aws:sagemaker:eu-west-1:566972129213:domain/d-hm3bgqzqwysg"
  }
  vpc_id = "vpc-d16a7cb7"
}

# __generated__ by Terraform from "sg-0d9f60806e3189323"
resource "aws_security_group" "sg-0d9f60806e3189323" {
  description = "[DO NOT DELETE] Security Group that allows inbound NFS traffic for SageMaker Notebooks Domain [d-f1ggcpwannta]"
  egress      = []
  ingress = [{
    cidr_blocks      = []
    description      = ""
    from_port        = 2049
    ipv6_cidr_blocks = []
    prefix_list_ids  = []
    protocol         = "tcp"
    security_groups  = ["sg-0d3b09f470ab791ae"]
    self             = false
    to_port          = 2049
  }]
  name                   = "security-group-for-inbound-nfs-d-f1ggcpwannta"
  name_prefix            = null
  revoke_rules_on_delete = null
  tags = {
    ManagedByAmazonSageMakerResource = "arn:aws:sagemaker:eu-west-1:566972129213:domain/d-f1ggcpwannta"
  }
  tags_all = {
    ManagedByAmazonSageMakerResource = "arn:aws:sagemaker:eu-west-1:566972129213:domain/d-f1ggcpwannta"
  }
  vpc_id = "vpc-02dd2936ab232ef7e"
}

# __generated__ by Terraform from "sg-0724f1dddc5ef2dba"
resource "aws_security_group" "sg-0724f1dddc5ef2dba" {
  description = "launch-wizard-1 created 2021-02-24T15:47:23.836+00:00"
  egress = [{
    cidr_blocks      = ["0.0.0.0/0"]
    description      = ""
    from_port        = 0
    ipv6_cidr_blocks = []
    prefix_list_ids  = []
    protocol         = "-1"
    security_groups  = []
    self             = false
    to_port          = 0
  }]
  ingress = [{
    cidr_blocks      = ["0.0.0.0/0"]
    description      = ""
    from_port        = 22
    ipv6_cidr_blocks = []
    prefix_list_ids  = []
    protocol         = "tcp"
    security_groups  = []
    self             = false
    to_port          = 22
  }]
  name                   = "launch-wizard-1"
  name_prefix            = null
  revoke_rules_on_delete = null
  tags                   = {}
  tags_all               = {}
  vpc_id                 = "vpc-d16a7cb7"
}

# __generated__ by Terraform from "sg-0b44c8f8d0a838403"
resource "aws_security_group" "sg-0b44c8f8d0a838403" {
  description = "default VPC security group"
  egress = [{
    cidr_blocks      = ["0.0.0.0/0"]
    description      = ""
    from_port        = 0
    ipv6_cidr_blocks = []
    prefix_list_ids  = []
    protocol         = "-1"
    security_groups  = []
    self             = false
    to_port          = 0
  }]
  ingress = [{
    cidr_blocks      = []
    description      = ""
    from_port        = 0
    ipv6_cidr_blocks = []
    prefix_list_ids  = []
    protocol         = "-1"
    security_groups  = []
    self             = true
    to_port          = 0
  }]
  name                   = "default"
  name_prefix            = null
  revoke_rules_on_delete = null
  tags                   = {}
  tags_all               = {}
  vpc_id                 = "vpc-02dd2936ab232ef7e"
}

# __generated__ by Terraform from "sg-0d8d91367b1a377e7"
resource "aws_security_group" "sg-0d8d91367b1a377e7" {
  description = "launch-wizard created 2022-05-13T14:40:21.613Z"
  egress = [{
    cidr_blocks      = ["0.0.0.0/0"]
    description      = ""
    from_port        = 0
    ipv6_cidr_blocks = []
    prefix_list_ids  = []
    protocol         = "-1"
    security_groups  = []
    self             = false
    to_port          = 0
  }]
  ingress = [{
    cidr_blocks      = ["0.0.0.0/0"]
    description      = ""
    from_port        = -1
    ipv6_cidr_blocks = []
    prefix_list_ids  = []
    protocol         = "icmp"
    security_groups  = []
    self             = false
    to_port          = -1
    }, {
    cidr_blocks      = ["0.0.0.0/0"]
    description      = ""
    from_port        = 22
    ipv6_cidr_blocks = []
    prefix_list_ids  = []
    protocol         = "tcp"
    security_groups  = []
    self             = false
    to_port          = 22
    }, {
    cidr_blocks      = ["0.0.0.0/0"]
    description      = ""
    from_port        = 443
    ipv6_cidr_blocks = []
    prefix_list_ids  = []
    protocol         = "tcp"
    security_groups  = []
    self             = false
    to_port          = 443
    }, {
    cidr_blocks      = ["0.0.0.0/0"]
    description      = ""
    from_port        = 80
    ipv6_cidr_blocks = []
    prefix_list_ids  = []
    protocol         = "tcp"
    security_groups  = []
    self             = false
    to_port          = 80
  }]
  name                   = "launch-wizard-2"
  name_prefix            = null
  revoke_rules_on_delete = null
  tags                   = {}
  tags_all               = {}
  vpc_id                 = "vpc-d16a7cb7"
}

# __generated__ by Terraform from "sg-09b449dac0e751ab6"
resource "aws_security_group" "sg-09b449dac0e751ab6" {
  description = "Allow HTTP for VPC Endpoint"
  egress = [{
    cidr_blocks      = ["0.0.0.0/0"]
    description      = ""
    from_port        = 0
    ipv6_cidr_blocks = []
    prefix_list_ids  = []
    protocol         = "-1"
    security_groups  = []
    self             = false
    to_port          = 0
  }]
  ingress = [{
    cidr_blocks      = []
    description      = ""
    from_port        = 80
    ipv6_cidr_blocks = []
    prefix_list_ids  = []
    protocol         = "tcp"
    security_groups  = ["sg-02fc8b58ffb52ffb0"]
    self             = false
    to_port          = 80
  }]
  name                   = "secure-ds-shared-service-SharedSageMakerNetwork-16N9A7MKFQVIP-SharedServicesVPCEndpointSecurityGroup-IR5JM95A41BZ"
  name_prefix            = null
  revoke_rules_on_delete = null
  tags = {
    Name = "ds-vpc-http-ingress-sg-DSSharedServices"
  }
  tags_all = {
    Name = "ds-vpc-http-ingress-sg-DSSharedServices"
  }
  vpc_id = "vpc-02dd2936ab232ef7e"
}

# __generated__ by Terraform from "sg-05c5a3801704fcf59"
resource "aws_security_group" "sg-05c5a3801704fcf59" {
  description = "Allow all for workshop"
  egress = [{
    cidr_blocks      = ["0.0.0.0/0"]
    description      = ""
    from_port        = 0
    ipv6_cidr_blocks = []
    prefix_list_ids  = []
    protocol         = "-1"
    security_groups  = []
    self             = false
    to_port          = 0
  }]
  ingress = [{
    cidr_blocks      = ["0.0.0.0/0"]
    description      = "Allow Lattice"
    from_port        = 22
    ipv6_cidr_blocks = []
    prefix_list_ids  = []
    protocol         = "tcp"
    security_groups  = []
    self             = false
    to_port          = 22
    }, {
    cidr_blocks      = ["10.0.0.0/16"]
    description      = "Allow Lattice"
    from_port        = 0
    ipv6_cidr_blocks = []
    prefix_list_ids  = []
    protocol         = "-1"
    security_groups  = []
    self             = false
    to_port          = 0
  }]
  name                   = "clients-sg"
  name_prefix            = null
  revoke_rules_on_delete = null
  tags = {
    Name = "clients-sg"
  }
  tags_all = {
    Name = "clients-sg"
  }
  vpc_id = "vpc-0fcd130e46ccecf4c"
}

# __generated__ by Terraform from "sg-0f878e5791439c940"
resource "aws_security_group" "sg-0f878e5791439c940" {
  description = "[DO NOT DELETE] Security Group that allows outbound NFS traffic for SageMaker Notebooks Domain [d-draaek9gx0qg]"
  egress = [{
    cidr_blocks      = []
    description      = ""
    from_port        = 2049
    ipv6_cidr_blocks = []
    prefix_list_ids  = []
    protocol         = "tcp"
    security_groups  = ["sg-0ae02282d6e846ce7"]
    self             = false
    to_port          = 2049
  }]
  ingress                = []
  name                   = "security-group-for-outbound-nfs-d-draaek9gx0qg"
  name_prefix            = null
  revoke_rules_on_delete = null
  tags = {
    ManagedByAmazonSageMakerResource = "arn:aws:sagemaker:eu-west-1:566972129213:domain/d-draaek9gx0qg"
  }
  tags_all = {
    ManagedByAmazonSageMakerResource = "arn:aws:sagemaker:eu-west-1:566972129213:domain/d-draaek9gx0qg"
  }
  vpc_id = "vpc-d16a7cb7"
}

# __generated__ by Terraform from "sg-0fb48f75ebc7f7bd5"
resource "aws_security_group" "sg-0fb48f75ebc7f7bd5" {
  description = "Security group for AWS Cloud9 environment aws-cloud9-eksworkshop2-5f490f0940024ca8b107816eb8e23748"
  egress = [{
    cidr_blocks      = ["0.0.0.0/0"]
    description      = ""
    from_port        = 0
    ipv6_cidr_blocks = []
    prefix_list_ids  = []
    protocol         = "-1"
    security_groups  = []
    self             = false
    to_port          = 0
  }]
  ingress                = []
  name                   = "aws-cloud9-eksworkshop2-5f490f0940024ca8b107816eb8e23748-InstanceSecurityGroup-IJ856DV4N69D"
  name_prefix            = null
  revoke_rules_on_delete = null
  tags = {
    Name = "aws-cloud9-eksworkshop2-5f490f0940024ca8b107816eb8e23748"
  }
  tags_all = {
    Name = "aws-cloud9-eksworkshop2-5f490f0940024ca8b107816eb8e23748"
  }
  vpc_id = "vpc-d16a7cb7"
}

# __generated__ by Terraform from "sg-00e5d0dd7ae31550b"
resource "aws_security_group" "sg-00e5d0dd7ae31550b" {
  description = "Created by RDS management console"
  egress = [{
    cidr_blocks      = ["0.0.0.0/0"]
    description      = ""
    from_port        = 0
    ipv6_cidr_blocks = []
    prefix_list_ids  = []
    protocol         = "-1"
    security_groups  = []
    self             = false
    to_port          = 0
  }]
  ingress = [{
    cidr_blocks      = ["192.168.0.0/16"]
    description      = ""
    from_port        = 1433
    ipv6_cidr_blocks = []
    prefix_list_ids  = []
    protocol         = "tcp"
    security_groups  = []
    self             = false
    to_port          = 1433
  }]
  name                   = "dbsqlmyhealth1"
  name_prefix            = null
  revoke_rules_on_delete = null
  tags                   = {}
  tags_all               = {}
  vpc_id                 = "vpc-d16a7cb7"
}

# __generated__ by Terraform from "sg-0b49e7f1e576d908d"
resource "aws_security_group" "sg-0b49e7f1e576d908d" {
  description = "Allow TLS for VPC Endpoint"
  egress = [{
    cidr_blocks      = ["0.0.0.0/0"]
    description      = ""
    from_port        = 0
    ipv6_cidr_blocks = []
    prefix_list_ids  = []
    protocol         = "-1"
    security_groups  = []
    self             = false
    to_port          = 0
  }]
  ingress = [{
    cidr_blocks      = []
    description      = ""
    from_port        = 443
    ipv6_cidr_blocks = []
    prefix_list_ids  = []
    protocol         = "tcp"
    security_groups  = ["sg-02fc8b58ffb52ffb0"]
    self             = false
    to_port          = 443
  }]
  name                   = "secure-ds-shared-service-SharedSageMakerNetwork-16N9A7MKFQVIP-VPCEndpointSecurityGroup-HPV0OEJ2U8S"
  name_prefix            = null
  revoke_rules_on_delete = null
  tags = {
    Name = "ds-vpc-https-ingress-sg-DSSharedServices"
  }
  tags_all = {
    Name = "ds-vpc-https-ingress-sg-DSSharedServices"
  }
  vpc_id = "vpc-02dd2936ab232ef7e"
}

# __generated__ by Terraform from "sg-0d3b09f470ab791ae"
resource "aws_security_group" "sg-0d3b09f470ab791ae" {
  description = "[DO NOT DELETE] Security Group that allows outbound NFS traffic for SageMaker Notebooks Domain [d-f1ggcpwannta]"
  egress = [{
    cidr_blocks      = []
    description      = ""
    from_port        = 2049
    ipv6_cidr_blocks = []
    prefix_list_ids  = []
    protocol         = "tcp"
    security_groups  = ["sg-0d9f60806e3189323"]
    self             = false
    to_port          = 2049
  }]
  ingress                = []
  name                   = "security-group-for-outbound-nfs-d-f1ggcpwannta"
  name_prefix            = null
  revoke_rules_on_delete = null
  tags = {
    ManagedByAmazonSageMakerResource = "arn:aws:sagemaker:eu-west-1:566972129213:domain/d-f1ggcpwannta"
  }
  tags_all = {
    ManagedByAmazonSageMakerResource = "arn:aws:sagemaker:eu-west-1:566972129213:domain/d-f1ggcpwannta"
  }
  vpc_id = "vpc-02dd2936ab232ef7e"
}

# __generated__ by Terraform from "sg-02bba0b75f7648d3d"
resource "aws_security_group" "sg-02bba0b75f7648d3d" {
  description = "Security group for AWS Cloud9 environment aws-cloud9-scraper-27f3b7c828754f238526bba4ee0478cb"
  egress = [{
    cidr_blocks      = ["0.0.0.0/0"]
    description      = ""
    from_port        = 0
    ipv6_cidr_blocks = []
    prefix_list_ids  = []
    protocol         = "-1"
    security_groups  = []
    self             = false
    to_port          = 0
  }]
  ingress = [{
    cidr_blocks      = ["81.96.210.11/32"]
    description      = "streamlit"
    from_port        = 8501
    ipv6_cidr_blocks = []
    prefix_list_ids  = []
    protocol         = "tcp"
    security_groups  = []
    self             = false
    to_port          = 8501
  }]
  name                   = "aws-cloud9-scraper-27f3b7c828754f238526bba4ee0478cb-InstanceSecurityGroup-VIG6ISQCGTGQ"
  name_prefix            = null
  revoke_rules_on_delete = null
  tags = {
    Name = "aws-cloud9-scraper-27f3b7c828754f238526bba4ee0478cb"
  }
  tags_all = {
    Name = "aws-cloud9-scraper-27f3b7c828754f238526bba4ee0478cb"
  }
  vpc_id = "vpc-d16a7cb7"
}

# __generated__ by Terraform from "sg-06eecd11329c00258"
resource "aws_security_group" "sg-06eecd11329c00258" {
  description = "Allow all for workshop"
  egress = [{
    cidr_blocks      = ["0.0.0.0/0"]
    description      = ""
    from_port        = 0
    ipv6_cidr_blocks = []
    prefix_list_ids  = []
    protocol         = "-1"
    security_groups  = []
    self             = false
    to_port          = 0
  }]
  ingress = [{
    cidr_blocks      = ["10.0.0.0/16"]
    description      = "Allow local cidr"
    from_port        = 0
    ipv6_cidr_blocks = []
    prefix_list_ids  = []
    protocol         = "-1"
    security_groups  = []
    self             = false
    to_port          = 0
    }, {
    cidr_blocks      = ["169.254.0.0/16"]
    description      = "Allow Lattice"
    from_port        = 0
    ipv6_cidr_blocks = []
    prefix_list_ids  = []
    protocol         = "-1"
    security_groups  = []
    self             = false
    to_port          = 0
  }]
  name                   = "payments-sg"
  name_prefix            = null
  revoke_rules_on_delete = null
  tags                   = {}
  tags_all               = {}
  vpc_id                 = "vpc-0c3e932ea11ae7449"
}

# __generated__ by Terraform
resource "aws_security_group" "sg-01a807f06cffb8c52" {
  description = "Allow all for workshop"
  egress = [{
    cidr_blocks      = ["0.0.0.0/0"]
    description      = ""
    from_port        = 0
    ipv6_cidr_blocks = []
    prefix_list_ids  = []
    protocol         = "-1"
    security_groups  = []
    self             = false
    to_port          = 0
  }]
  ingress = [{
    cidr_blocks      = ["169.254.0.0/16"]
    description      = "Allow Lattice"
    from_port        = 0
    ipv6_cidr_blocks = []
    prefix_list_ids  = []
    protocol         = "-1"
    security_groups  = []
    self             = false
    to_port          = 0
  }]
  name                   = "terraform-20230922113328294000000005"
  name_prefix            = "terraform-"
  revoke_rules_on_delete = null
  tags                   = {}
  tags_all               = {}
  vpc_id                 = "vpc-05e85738351f4b792"
}

# __generated__ by Terraform from "sg-0b2532b833faa985a"
resource "aws_security_group" "sg-0b2532b833faa985a" {
  description = "Default Fargate CLI SG"
  egress = [{
    cidr_blocks      = ["0.0.0.0/0"]
    description      = ""
    from_port        = 0
    ipv6_cidr_blocks = []
    prefix_list_ids  = []
    protocol         = "-1"
    security_groups  = []
    self             = false
    to_port          = 0
  }]
  ingress = [{
    cidr_blocks      = ["0.0.0.0/0"]
    description      = ""
    from_port        = 0
    ipv6_cidr_blocks = []
    prefix_list_ids  = []
    protocol         = "-1"
    security_groups  = []
    self             = false
    to_port          = 0
  }]
  name                   = "fargate-default"
  name_prefix            = null
  revoke_rules_on_delete = null
  tags                   = {}
  tags_all               = {}
  vpc_id                 = "vpc-d16a7cb7"
}

# __generated__ by Terraform from "sg-01c8b3e4e3e4153b6"
resource "aws_security_group" "sg-01c8b3e4e3e4153b6" {
  description = "[DO NOT DELETE] Security Group that allows outbound NFS traffic for SageMaker Notebooks Domain [d-p9uargalovio]"
  egress = [{
    cidr_blocks      = []
    description      = ""
    from_port        = 2049
    ipv6_cidr_blocks = []
    prefix_list_ids  = []
    protocol         = "tcp"
    security_groups  = ["sg-0a95692fb9e4baa8a"]
    self             = false
    to_port          = 2049
  }]
  ingress                = []
  name                   = "security-group-for-outbound-nfs-d-p9uargalovio"
  name_prefix            = null
  revoke_rules_on_delete = null
  tags = {
    ManagedByAmazonSageMakerResource = "arn:aws:sagemaker:eu-west-1:566972129213:domain/d-p9uargalovio"
  }
  tags_all = {
    ManagedByAmazonSageMakerResource = "arn:aws:sagemaker:eu-west-1:566972129213:domain/d-p9uargalovio"
  }
  vpc_id = "vpc-d16a7cb7"
}

# __generated__ by Terraform
resource "aws_security_group" "sg-03fc692dff0b21b23" {
  description = "Security group for frontend service to talk to backend services"
  egress = [{
    cidr_blocks      = ["0.0.0.0/0"]
    description      = "Allow all outbound traffic by default"
    from_port        = 0
    ipv6_cidr_blocks = []
    prefix_list_ids  = []
    protocol         = "-1"
    security_groups  = []
    self             = false
    to_port          = 0
  }]
  ingress = [{
    cidr_blocks      = ["0.0.0.0/0"]
    description      = "Allow TCP connections on port 3000"
    from_port        = 3000
    ipv6_cidr_blocks = []
    prefix_list_ids  = []
    protocol         = "tcp"
    security_groups  = []
    self             = false
    to_port          = 3000
    }, {
    cidr_blocks      = ["0.0.0.0/0"]
    description      = "Allow TCP connections on port 3000"
    from_port        = 443
    ipv6_cidr_blocks = []
    prefix_list_ids  = []
    protocol         = "tcp"
    security_groups  = []
    self             = false
    to_port          = 443
    }, {
    cidr_blocks      = ["0.0.0.0/0"]
    description      = "Allow TCP connections on port 3000"
    from_port        = 8080
    ipv6_cidr_blocks = []
    prefix_list_ids  = []
    protocol         = "tcp"
    security_groups  = []
    self             = false
    to_port          = 8080
    }, {
    cidr_blocks      = []
    description      = ""
    from_port        = 3000
    ipv6_cidr_blocks = []
    prefix_list_ids  = []
    protocol         = "tcp"
    security_groups  = []
    self             = true
    to_port          = 3000
    }, {
    cidr_blocks      = []
    description      = ""
    from_port        = 8080
    ipv6_cidr_blocks = []
    prefix_list_ids  = []
    protocol         = "tcp"
    security_groups  = []
    self             = true
    to_port          = 8080
  }]
  name                   = "terraform-20230716075609603900000016"
  name_prefix            = "terraform-"
  revoke_rules_on_delete = null
  tags                   = {}
  tags_all               = {}
  vpc_id                 = "vpc-0fe42a48edcb93a28"
}

# __generated__ by Terraform from "sg-004b3e74cf260a2c7"
resource "aws_security_group" "sg-004b3e74cf260a2c7" {
  description = "default VPC security group"
  egress = [{
    cidr_blocks      = ["0.0.0.0/0"]
    description      = ""
    from_port        = 0
    ipv6_cidr_blocks = []
    prefix_list_ids  = []
    protocol         = "-1"
    security_groups  = []
    self             = false
    to_port          = 0
  }]
  ingress = [{
    cidr_blocks      = []
    description      = ""
    from_port        = 0
    ipv6_cidr_blocks = []
    prefix_list_ids  = []
    protocol         = "-1"
    security_groups  = []
    self             = true
    to_port          = 0
  }]
  name                   = "default"
  name_prefix            = null
  revoke_rules_on_delete = null
  tags                   = {}
  tags_all               = {}
  vpc_id                 = "vpc-05e85738351f4b792"
}

# __generated__ by Terraform from "sg-082949624c5dc4d8c"
resource "aws_security_group" "sg-082949624c5dc4d8c" {
  description = "default VPC security group"
  egress = [{
    cidr_blocks      = ["0.0.0.0/0"]
    description      = ""
    from_port        = 0
    ipv6_cidr_blocks = ["::/0"]
    prefix_list_ids  = []
    protocol         = "-1"
    security_groups  = []
    self             = false
    to_port          = 0
  }]
  ingress = [{
    cidr_blocks      = []
    description      = ""
    from_port        = 0
    ipv6_cidr_blocks = []
    prefix_list_ids  = []
    protocol         = "-1"
    security_groups  = []
    self             = true
    to_port          = 0
  }]
  name                   = "default"
  name_prefix            = null
  revoke_rules_on_delete = null
  tags                   = {}
  tags_all               = {}
  vpc_id                 = "vpc-0cd3d5fd5e121e4a0"
}

# __generated__ by Terraform
resource "aws_security_group" "sg-0e3a3f0214fc54db7" {
  description = "Allow all for workshop"
  egress = [{
    cidr_blocks      = ["0.0.0.0/0"]
    description      = ""
    from_port        = 0
    ipv6_cidr_blocks = []
    prefix_list_ids  = []
    protocol         = "-1"
    security_groups  = []
    self             = false
    to_port          = 0
  }]
  ingress = [{
    cidr_blocks      = ["0.0.0.0/0"]
    description      = "Allow Lattice"
    from_port        = 22
    ipv6_cidr_blocks = []
    prefix_list_ids  = []
    protocol         = "tcp"
    security_groups  = []
    self             = false
    to_port          = 22
    }, {
    cidr_blocks      = ["169.254.0.0/16"]
    description      = "Allow Lattice"
    from_port        = 0
    ipv6_cidr_blocks = []
    prefix_list_ids  = []
    protocol         = "-1"
    security_groups  = []
    self             = false
    to_port          = 0
  }]
  name                   = "terraform-20230922113325635700000004"
  name_prefix            = "terraform-"
  revoke_rules_on_delete = null
  tags                   = {}
  tags_all               = {}
  vpc_id                 = "vpc-06e9c4980d3f59ba4"
}

# __generated__ by Terraform from "sg-0ae02282d6e846ce7"
resource "aws_security_group" "sg-0ae02282d6e846ce7" {
  description = "[DO NOT DELETE] Security Group that allows inbound NFS traffic for SageMaker Notebooks Domain [d-draaek9gx0qg]"
  egress      = []
  ingress = [{
    cidr_blocks      = []
    description      = ""
    from_port        = 2049
    ipv6_cidr_blocks = []
    prefix_list_ids  = []
    protocol         = "tcp"
    security_groups  = ["sg-0f878e5791439c940"]
    self             = false
    to_port          = 2049
  }]
  name                   = "security-group-for-inbound-nfs-d-draaek9gx0qg"
  name_prefix            = null
  revoke_rules_on_delete = null
  tags = {
    ManagedByAmazonSageMakerResource = "arn:aws:sagemaker:eu-west-1:566972129213:domain/d-draaek9gx0qg"
  }
  tags_all = {
    ManagedByAmazonSageMakerResource = "arn:aws:sagemaker:eu-west-1:566972129213:domain/d-draaek9gx0qg"
  }
  vpc_id = "vpc-d16a7cb7"
}

# __generated__ by Terraform from "sg-c20e17b5"
resource "aws_security_group" "sg-c20e17b5" {
  description = "default VPC security group"
  egress = [{
    cidr_blocks      = ["0.0.0.0/0"]
    description      = ""
    from_port        = 0
    ipv6_cidr_blocks = []
    prefix_list_ids  = []
    protocol         = "-1"
    security_groups  = []
    self             = false
    to_port          = 0
  }]
  ingress = [{
    cidr_blocks      = ["0.0.0.0/0"]
    description      = ""
    from_port        = 80
    ipv6_cidr_blocks = []
    prefix_list_ids  = []
    protocol         = "tcp"
    security_groups  = []
    self             = false
    to_port          = 80
    }, {
    cidr_blocks      = ["54.239.6.184/32"]
    description      = ""
    from_port        = 22
    ipv6_cidr_blocks = []
    prefix_list_ids  = []
    protocol         = "tcp"
    security_groups  = []
    self             = false
    to_port          = 22
    }, {
    cidr_blocks      = ["81.96.210.11/32"]
    description      = ""
    from_port        = 0
    ipv6_cidr_blocks = []
    prefix_list_ids  = []
    protocol         = "-1"
    security_groups  = []
    self             = true
    to_port          = 0
  }]
  name                   = "default"
  name_prefix            = null
  revoke_rules_on_delete = null
  tags                   = {}
  tags_all               = {}
  vpc_id                 = "vpc-d16a7cb7"
}

# __generated__ by Terraform from "sg-0da7b43c2865239bd"
resource "aws_security_group" "sg-0da7b43c2865239bd" {
  description = "default VPC security group"
  egress = [{
    cidr_blocks      = ["0.0.0.0/0"]
    description      = ""
    from_port        = 0
    ipv6_cidr_blocks = []
    prefix_list_ids  = []
    protocol         = "-1"
    security_groups  = []
    self             = false
    to_port          = 0
  }]
  ingress = [{
    cidr_blocks      = []
    description      = ""
    from_port        = 0
    ipv6_cidr_blocks = []
    prefix_list_ids  = []
    protocol         = "-1"
    security_groups  = []
    self             = true
    to_port          = 0
  }]
  name                   = "default"
  name_prefix            = null
  revoke_rules_on_delete = null
  tags                   = {}
  tags_all               = {}
  vpc_id                 = "vpc-06e9c4980d3f59ba4"
}

# __generated__ by Terraform from "sg-06bd201e736d2b3b7"
resource "aws_security_group" "sg-06bd201e736d2b3b7" {
  description = "[DO NOT DELETE] Security Group that allows outbound NFS traffic for SageMaker Notebooks Domain [d-rxwdhk4uxg9w]"
  egress = [{
    cidr_blocks      = []
    description      = ""
    from_port        = 2049
    ipv6_cidr_blocks = []
    prefix_list_ids  = []
    protocol         = "tcp"
    security_groups  = ["sg-00e1779fed4725350"]
    self             = false
    to_port          = 2049
  }]
  ingress                = []
  name                   = "security-group-for-outbound-nfs-d-rxwdhk4uxg9w"
  name_prefix            = null
  revoke_rules_on_delete = null
  tags = {
    ManagedByAmazonSageMakerResource = "arn:aws:sagemaker:eu-west-1:566972129213:domain/d-rxwdhk4uxg9w"
  }
  tags_all = {
    ManagedByAmazonSageMakerResource = "arn:aws:sagemaker:eu-west-1:566972129213:domain/d-rxwdhk4uxg9w"
  }
  vpc_id = "vpc-d16a7cb7"
}

# __generated__ by Terraform from "sg-0347e007a39664254"
resource "aws_security_group" "sg-0347e007a39664254" {
  description = "[DO NOT DELETE] Security Group that allows outbound NFS traffic for SageMaker Notebooks Domain [d-m9yvrgodylyf]"
  egress = [{
    cidr_blocks      = []
    description      = ""
    from_port        = 2049
    ipv6_cidr_blocks = []
    prefix_list_ids  = []
    protocol         = "tcp"
    security_groups  = ["sg-0925b07f6871c4c52"]
    self             = false
    to_port          = 2049
  }]
  ingress                = []
  name                   = "security-group-for-outbound-nfs-d-m9yvrgodylyf"
  name_prefix            = null
  revoke_rules_on_delete = null
  tags = {
    ManagedByAmazonSageMakerResource = "arn:aws:sagemaker:eu-west-1:566972129213:domain/d-m9yvrgodylyf"
  }
  tags_all = {
    ManagedByAmazonSageMakerResource = "arn:aws:sagemaker:eu-west-1:566972129213:domain/d-m9yvrgodylyf"
  }
  vpc_id = "vpc-d16a7cb7"
}

# __generated__ by Terraform from "sg-02fc8b58ffb52ffb0"
resource "aws_security_group" "sg-02fc8b58ffb52ffb0" {
  description = "Security Group for SageMaker Studio Notebook, Training Job and Hosting Endpoint"
  egress = [{
    cidr_blocks      = ["0.0.0.0/0"]
    description      = ""
    from_port        = 0
    ipv6_cidr_blocks = []
    prefix_list_ids  = []
    protocol         = "-1"
    security_groups  = []
    self             = false
    to_port          = 0
  }]
  ingress = [{
    cidr_blocks      = []
    description      = ""
    from_port        = 0
    ipv6_cidr_blocks = []
    prefix_list_ids  = []
    protocol         = "-1"
    security_groups  = []
    self             = true
    to_port          = 0
  }]
  name                   = "secure-ds-shared-service-SharedSageMakerNetwork-16N9A7MKFQVIP-SageMakerSecurityGroup-165X5FDW6DH0P"
  name_prefix            = null
  revoke_rules_on_delete = null
  tags = {
    Name = "ds-sagemaker-vpc-sg-DSSharedServices"
  }
  tags_all = {
    Name = "ds-sagemaker-vpc-sg-DSSharedServices"
  }
  vpc_id = "vpc-02dd2936ab232ef7e"
}

# __generated__ by Terraform
resource "aws_security_group" "sg-0d59576e478abe52c" {
  description = "ecsworkshop-frontend/FrontEndFargateService/SecurityGroup"
  egress = [{
    cidr_blocks      = ["0.0.0.0/0"]
    description      = "Allow all outbound traffic by default"
    from_port        = 0
    ipv6_cidr_blocks = []
    prefix_list_ids  = []
    protocol         = "-1"
    security_groups  = []
    self             = false
    to_port          = 0
  }]
  ingress = [{
    cidr_blocks      = ["0.0.0.0/0"]
    description      = "Allow TCP connections on port 3000"
    from_port        = 3000
    ipv6_cidr_blocks = []
    prefix_list_ids  = []
    protocol         = "tcp"
    security_groups  = []
    self             = false
    to_port          = 3000
    }, {
    cidr_blocks      = ["0.0.0.0/0"]
    description      = "Allow TCP connections on port 8080"
    from_port        = 443
    ipv6_cidr_blocks = []
    prefix_list_ids  = []
    protocol         = "tcp"
    security_groups  = []
    self             = false
    to_port          = 443
    }, {
    cidr_blocks      = ["0.0.0.0/0"]
    description      = "Allow TCP connections on port 8080"
    from_port        = 8080
    ipv6_cidr_blocks = []
    prefix_list_ids  = []
    protocol         = "tcp"
    security_groups  = []
    self             = false
    to_port          = 8080
  }]
  name                   = "terraform-20230716075610210400000019"
  name_prefix            = "terraform-"
  revoke_rules_on_delete = null
  tags                   = {}
  tags_all               = {}
  vpc_id                 = "vpc-0fe42a48edcb93a28"
}

# __generated__ by Terraform from "sg-0a3cf43961d051d6e"
resource "aws_security_group" "sg-0a3cf43961d051d6e" {
  description = "launch-wizard-3 created 2022-11-30T16:08:55.684Z"
  egress = [{
    cidr_blocks      = ["0.0.0.0/0"]
    description      = ""
    from_port        = 0
    ipv6_cidr_blocks = []
    prefix_list_ids  = []
    protocol         = "-1"
    security_groups  = []
    self             = false
    to_port          = 0
  }]
  ingress = [{
    cidr_blocks      = ["81.96.210.11/32"]
    description      = ""
    from_port        = 22
    ipv6_cidr_blocks = []
    prefix_list_ids  = []
    protocol         = "tcp"
    security_groups  = []
    self             = false
    to_port          = 22
  }]
  name                   = "launch-wizard-3"
  name_prefix            = null
  revoke_rules_on_delete = null
  tags                   = {}
  tags_all               = {}
  vpc_id                 = "vpc-d16a7cb7"
}

# __generated__ by Terraform from "sg-04671ea940dc57bbe"
resource "aws_security_group" "sg-04671ea940dc57bbe" {
  description = "default VPC security group"
  egress = [{
    cidr_blocks      = ["0.0.0.0/0"]
    description      = ""
    from_port        = 0
    ipv6_cidr_blocks = []
    prefix_list_ids  = []
    protocol         = "-1"
    security_groups  = []
    self             = false
    to_port          = 0
  }]
  ingress = [{
    cidr_blocks      = []
    description      = ""
    from_port        = 0
    ipv6_cidr_blocks = []
    prefix_list_ids  = []
    protocol         = "-1"
    security_groups  = []
    self             = true
    to_port          = 0
  }]
  name                   = "default"
  name_prefix            = null
  revoke_rules_on_delete = null
  tags                   = {}
  tags_all               = {}
  vpc_id                 = "vpc-0c3e932ea11ae7449"
}

# __generated__ by Terraform from "sg-0e49847b1788bdc1e"
resource "aws_security_group" "sg-0e49847b1788bdc1e" {
  description = "[DO NOT DELETE] Security Group that allows outbound NFS traffic for SageMaker Notebooks Domain [d-hhrxgyjoezog]"
  egress = [{
    cidr_blocks      = []
    description      = ""
    from_port        = 2049
    ipv6_cidr_blocks = []
    prefix_list_ids  = []
    protocol         = "tcp"
    security_groups  = ["sg-0cc13753231633739"]
    self             = false
    to_port          = 2049
  }]
  ingress                = []
  name                   = "security-group-for-outbound-nfs-d-hhrxgyjoezog"
  name_prefix            = null
  revoke_rules_on_delete = null
  tags = {
    ManagedByAmazonSageMakerResource = "arn:aws:sagemaker:eu-west-1:566972129213:domain/d-hhrxgyjoezog"
  }
  tags_all = {
    ManagedByAmazonSageMakerResource = "arn:aws:sagemaker:eu-west-1:566972129213:domain/d-hhrxgyjoezog"
  }
  vpc_id = "vpc-d16a7cb7"
}

# __generated__ by Terraform from "sg-031d35a4adfd833e1"
resource "aws_security_group" "sg-031d35a4adfd833e1" {
  description = "Security group for AWS Cloud9 environment aws-cloud9-latticeC9-7c0193e6032147389175c3ae44502418"
  egress = [{
    cidr_blocks      = ["0.0.0.0/0"]
    description      = ""
    from_port        = 0
    ipv6_cidr_blocks = []
    prefix_list_ids  = []
    protocol         = "-1"
    security_groups  = []
    self             = false
    to_port          = 0
  }]
  ingress                = []
  name                   = "aws-cloud9-latticeC9-7c0193e6032147389175c3ae44502418-InstanceSecurityGroup-FMJNFL83XT9Q"
  name_prefix            = null
  revoke_rules_on_delete = null
  tags = {
    Name = "aws-cloud9-latticeC9-7c0193e6032147389175c3ae44502418"
  }
  tags_all = {
    Name = "aws-cloud9-latticeC9-7c0193e6032147389175c3ae44502418"
  }
  vpc_id = "vpc-d16a7cb7"
}

# __generated__ by Terraform from "sg-07fd426eb23b040c7"
resource "aws_security_group" "sg-07fd426eb23b040c7" {
  description = "[DO NOT DELETE] Security Group that allows inbound NFS traffic for SageMaker Notebooks Domain [d-sbktdptyz37x]"
  egress      = []
  ingress = [{
    cidr_blocks      = []
    description      = ""
    from_port        = 2049
    ipv6_cidr_blocks = []
    prefix_list_ids  = []
    protocol         = "tcp"
    security_groups  = ["sg-0415addcd3ada9f27"]
    self             = false
    to_port          = 2049
  }]
  name                   = "security-group-for-inbound-nfs-d-sbktdptyz37x"
  name_prefix            = null
  revoke_rules_on_delete = null
  tags = {
    ManagedByAmazonSageMakerResource = "arn:aws:sagemaker:eu-west-1:566972129213:domain/d-sbktdptyz37x"
  }
  tags_all = {
    ManagedByAmazonSageMakerResource = "arn:aws:sagemaker:eu-west-1:566972129213:domain/d-sbktdptyz37x"
  }
  vpc_id = "vpc-d16a7cb7"
}

# __generated__ by Terraform from "sg-05693ef11fe88d51d"
resource "aws_security_group" "sg-05693ef11fe88d51d" {
  description = "default VPC security group"
  egress = [{
    cidr_blocks      = ["0.0.0.0/0"]
    description      = ""
    from_port        = 0
    ipv6_cidr_blocks = []
    prefix_list_ids  = []
    protocol         = "-1"
    security_groups  = []
    self             = false
    to_port          = 0
  }]
  ingress = [{
    cidr_blocks      = []
    description      = ""
    from_port        = 0
    ipv6_cidr_blocks = []
    prefix_list_ids  = []
    protocol         = "-1"
    security_groups  = []
    self             = true
    to_port          = 0
  }]
  name                   = "default"
  name_prefix            = null
  revoke_rules_on_delete = null
  tags                   = {}
  tags_all               = {}
  vpc_id                 = "vpc-08226808095e0f3f3"
}

# __generated__ by Terraform from "sg-0ca566e944532bb78"
resource "aws_security_group" "sg-0ca566e944532bb78" {
  description = "default VPC security group"
  egress = [{
    cidr_blocks      = ["0.0.0.0/0"]
    description      = ""
    from_port        = 0
    ipv6_cidr_blocks = []
    prefix_list_ids  = []
    protocol         = "-1"
    security_groups  = []
    self             = false
    to_port          = 0
  }]
  ingress = [{
    cidr_blocks      = []
    description      = ""
    from_port        = 0
    ipv6_cidr_blocks = []
    prefix_list_ids  = []
    protocol         = "-1"
    security_groups  = []
    self             = true
    to_port          = 0
  }]
  name                   = "default"
  name_prefix            = null
  revoke_rules_on_delete = null
  tags                   = {}
  tags_all               = {}
  vpc_id                 = "vpc-0fe42a48edcb93a28"
}
