# __generated__ by Terraform
# Please review these resources and move them into your main configuration files.

# __generated__ by Terraform from "ssm-andyt"
resource "aws_s3_bucket_request_payment_configuration" "b-ssm-andyt" {
  bucket                = "ssm-andyt"
  expected_bucket_owner = null
  payer                 = "BucketOwner"
}

# __generated__ by Terraform from "ssm-andyt"
resource "aws_s3_bucket_server_side_encryption_configuration" "b-ssm-andyt" {
  bucket                = "ssm-andyt"
  expected_bucket_owner = null
  rule {
    bucket_key_enabled = false
    apply_server_side_encryption_by_default {
      kms_master_key_id = null
      sse_algorithm     = "AES256"
    }
  }
}

# __generated__ by Terraform from "ssm-andyt"
resource "aws_s3_bucket_acl" "b-ssm-andyt" {
  acl                   = null
  bucket                = "ssm-andyt"
  expected_bucket_owner = null
  access_control_policy {
    grant {
      permission = "FULL_CONTROL"
      grantee {
        email_address = null
        id            = "933bc14c654883941a8b501b020f73412d6222043cb2cc2a745323e547b4c4a9"
        type          = "CanonicalUser"
        uri           = null
      }
    }
    owner {
      display_name = null
      id           = "933bc14c654883941a8b501b020f73412d6222043cb2cc2a745323e547b4c4a9"
    }
  }
}

# __generated__ by Terraform from "ssm-andyt"
resource "aws_s3_bucket" "b-ssm-andyt" {
  bucket              = "ssm-andyt"
  bucket_prefix       = null
  force_destroy       = null
  object_lock_enabled = false
  tags                = {}
  tags_all            = {}
}
