resource "aws_iam_role" "aws-event-driven-architec-IdentityPoolAuthenticate-1N99WA4N6AV6P" {
  assume_role_policy    = "{\"Statement\":[{\"Action\":\"sts:AssumeRoleWithWebIdentity\",\"Effect\":\"Allow\",\"Principal\":{\"Federated\":\"cognito-identity.amazonaws.com\"}}],\"Version\":\"2012-10-17\"}"
  description           = null
  force_detach_policies = false
  managed_policy_arns   = []
  max_session_duration  = 3600
  name                  = "aws-event-driven-architec-IdentityPoolAuthenticate-1N99WA4N6AV6P"
  name_prefix           = null
  path                  = "/"
  permissions_boundary  = null
  tags                  = {}
  tags_all              = {}
  inline_policy {
    name   = "eventBridgePolicy"
    policy = "{\"Version\":\"2012-10-17\",\"Statement\":[{\"Action\":[\"events:ListEventBuses\",\"events:PutEvents\"],\"Effect\":\"Allow\",\"Resource\":\"*\"}]}"
  }
  inline_policy {
    name   = "snsPolicy"
    policy = "{\"Version\":\"2012-10-17\",\"Statement\":[{\"Action\":[\"sns:ListTopics\",\"sns:Publish\"],\"Effect\":\"Allow\",\"Resource\":\"*\"}]}"
  }
}

