resource "aws_iam_role" "at-rosa1-ayhm-openshift-cluster-csi-drivers-ebs-cloud-credential" {
  assume_role_policy    = "{\"Statement\":[{\"Action\":\"sts:AssumeRoleWithWebIdentity\",\"Condition\":{\"StringEquals\":{\"rh-oidc.s3.us-east-1.amazonaws.com/202jnbsonpg7cn6rdrknbu0u88d9feg7:sub\":[\"system:serviceaccount:openshift-cluster-csi-drivers:aws-ebs-csi-driver-operator\",\"system:serviceaccount:openshift-cluster-csi-drivers:aws-ebs-csi-driver-controller-sa\"]}},\"Effect\":\"Allow\",\"Principal\":{\"Federated\":\"arn:aws:iam::566972129213:oidc-provider/rh-oidc.s3.us-east-1.amazonaws.com/202jnbsonpg7cn6rdrknbu0u88d9feg7\"}}],\"Version\":\"2012-10-17\"}"
  description           = null
  force_detach_policies = false
  managed_policy_arns   = ["arn:aws:iam::566972129213:policy/ManagedOpenShift-openshift-cluster-csi-drivers-ebs-cloud-credent"]
  max_session_duration  = 3600
  name                  = "at-rosa1-ayhm-openshift-cluster-csi-drivers-ebs-cloud-credential"
  name_prefix           = null
  path                  = "/"
  permissions_boundary  = null
  tags = {
    operator_name      = "ebs-cloud-credentials"
    operator_namespace = "openshift-cluster-csi-drivers"
    rosa_cluster_id    = "202jnbsonpg7cn6rdrknbu0u88d9feg7"
  }
  tags_all = {
    operator_name      = "ebs-cloud-credentials"
    operator_namespace = "openshift-cluster-csi-drivers"
    rosa_cluster_id    = "202jnbsonpg7cn6rdrknbu0u88d9feg7"
  }
}

