resource "aws_security_group" "sg-03ef2234013b05f2c" {
  description = "sg for mysql lambda test"
  egress = [{
    cidr_blocks      = ["0.0.0.0/0"]
    description      = ""
    from_port        = 0
    ipv6_cidr_blocks = ["::/0"]
    prefix_list_ids  = []
    protocol         = "-1"
    security_groups  = []
    self             = false
    to_port          = 0
  }]
  ingress                = []
  name                   = "dbmysql"
  name_prefix            = null
  revoke_rules_on_delete = null
  tags = {
    Name = "dbsg-mysql"
  }
  tags_all = {
    Name = "dbsg-mysql"
  }
  vpc_id = "vpc-0d18b88f8596b92c3"
}

