resource "aws_subnet" "subnet-8c6e3dc4" {
  assign_ipv6_address_on_creation                = false
  availability_zone                              = "eu-west-1c"
  availability_zone_id                           = "euw1-az2"
  cidr_block                                     = "172.31.16.0/20"
  customer_owned_ipv4_pool                       = null
  enable_dns64                                   = false
  enable_lni_at_device_index                     = 0
  enable_resource_name_dns_a_record_on_launch    = false
  enable_resource_name_dns_aaaa_record_on_launch = false
  ipv6_cidr_block                                = null
  ipv6_native                                    = false
  map_customer_owned_ip_on_launch                = false
  map_public_ip_on_launch                        = true
  outpost_arn                                    = null
  private_dns_hostname_type_on_launch            = "ip-name"
  tags = {
    Name = "pub-default3"
  }
  tags_all = {
    Name = "pub-default3"
  }
  vpc_id = "vpc-d16a7cb7"
}

