resource "aws_security_group" "sg-02fc8b58ffb52ffb0" {
  description = "Security Group for SageMaker Studio Notebook, Training Job and Hosting Endpoint"
  egress = [{
    cidr_blocks      = ["0.0.0.0/0"]
    description      = ""
    from_port        = 0
    ipv6_cidr_blocks = []
    prefix_list_ids  = []
    protocol         = "-1"
    security_groups  = []
    self             = false
    to_port          = 0
  }]
  ingress = [{
    cidr_blocks      = []
    description      = ""
    from_port        = 0
    ipv6_cidr_blocks = []
    prefix_list_ids  = []
    protocol         = "-1"
    security_groups  = []
    self             = true
    to_port          = 0
  }]
  name                   = "secure-ds-shared-service-SharedSageMakerNetwork-16N9A7MKFQVIP-SageMakerSecurityGroup-165X5FDW6DH0P"
  name_prefix            = null
  revoke_rules_on_delete = null
  tags = {
    Name = "ds-sagemaker-vpc-sg-DSSharedServices"
  }
  tags_all = {
    Name = "ds-sagemaker-vpc-sg-DSSharedServices"
  }
  vpc_id = "vpc-02dd2936ab232ef7e"
}

