resource "aws_security_group" "sg-0d9f60806e3189323" {
  description = "[DO NOT DELETE] Security Group that allows inbound NFS traffic for SageMaker Notebooks Domain [d-f1ggcpwannta]"
  egress      = []
  ingress = [{
    cidr_blocks      = []
    description      = ""
    from_port        = 2049
    ipv6_cidr_blocks = []
    prefix_list_ids  = []
    protocol         = "tcp"
    security_groups  = ["sg-0d3b09f470ab791ae"]
    self             = false
    to_port          = 2049
  }]
  name                   = "security-group-for-inbound-nfs-d-f1ggcpwannta"
  name_prefix            = null
  revoke_rules_on_delete = null
  tags = {
    ManagedByAmazonSageMakerResource = "arn:aws:sagemaker:eu-west-1:566972129213:domain/d-f1ggcpwannta"
  }
  tags_all = {
    ManagedByAmazonSageMakerResource = "arn:aws:sagemaker:eu-west-1:566972129213:domain/d-f1ggcpwannta"
  }
  vpc_id = "vpc-02dd2936ab232ef7e"
}

