resource "aws_vpc" "vpc-0cd3d5fd5e121e4a0" {
  assign_generated_ipv6_cidr_block     = true
  cidr_block                           = "10.0.0.0/24"
  enable_dns_hostnames                 = false
  enable_dns_support                   = true
  enable_network_address_usage_metrics = false
  instance_tenancy                     = "default"
  ipv4_ipam_pool_id                    = null
  ipv4_netmask_length                  = null
  ipv6_cidr_block                      = "2a05:d018:12fa:4b00::/56"
  ipv6_cidr_block_network_border_group = "eu-west-1"
  ipv6_ipam_pool_id                    = null
  ipv6_netmask_length                  = 0
  tags = {
    Name = "ipv6-only"
  }
  tags_all = {
    Name = "ipv6-only"
  }
}

