resource "aws_iam_role" "at-rosa-2-ppp4-openshift-image-registry-installer-cloud-credenti" {
  assume_role_policy    = "{\"Statement\":[{\"Action\":\"sts:AssumeRoleWithWebIdentity\",\"Condition\":{\"StringEquals\":{\"rh-oidc.s3.us-east-1.amazonaws.com/2054p508id3akcb336pavotltbkud5d7:sub\":[\"system:serviceaccount:openshift-image-registry:cluster-image-registry-operator\",\"system:serviceaccount:openshift-image-registry:registry\"]}},\"Effect\":\"Allow\",\"Principal\":{\"Federated\":\"arn:aws:iam::566972129213:oidc-provider/rh-oidc.s3.us-east-1.amazonaws.com/2054p508id3akcb336pavotltbkud5d7\"}}],\"Version\":\"2012-10-17\"}"
  description           = null
  force_detach_policies = false
  managed_policy_arns   = ["arn:aws:iam::566972129213:policy/ManagedOpenShift-openshift-image-registry-installer-cloud-creden"]
  max_session_duration  = 3600
  name                  = "at-rosa-2-ppp4-openshift-image-registry-installer-cloud-credenti"
  name_prefix           = null
  path                  = "/"
  permissions_boundary  = null
  tags = {
    operator_name      = "installer-cloud-credentials"
    operator_namespace = "openshift-image-registry"
    rosa_cluster_id    = "2054p508id3akcb336pavotltbkud5d7"
  }
  tags_all = {
    operator_name      = "installer-cloud-credentials"
    operator_namespace = "openshift-image-registry"
    rosa_cluster_id    = "2054p508id3akcb336pavotltbkud5d7"
  }
}

