resource "aws_iam_role" "aws-event-driven-architectures-OrdersFunctionRole-190ZY19BAT572" {
  assume_role_policy    = "{\"Statement\":[{\"Action\":\"sts:AssumeRole\",\"Effect\":\"Allow\",\"Principal\":{\"Service\":\"lambda.amazonaws.com\"}}],\"Version\":\"2012-10-17\"}"
  description           = null
  force_detach_policies = false
  managed_policy_arns   = ["arn:aws:iam::aws:policy/service-role/AWSLambdaBasicExecutionRole"]
  max_session_duration  = 3600
  name                  = "aws-event-driven-architectures-OrdersFunctionRole-190ZY19BAT572"
  name_prefix           = null
  path                  = "/"
  permissions_boundary  = null
  tags = {
    "lambda:createdBy" = "SAM"
  }
  tags_all = {
    "lambda:createdBy" = "SAM"
  }
  inline_policy {
    name   = "OrdersFunctionRolePolicy0"
    policy = "{\"Version\":\"2012-10-17\",\"Statement\":[{\"Action\":[\"events:PutEvents\"],\"Effect\":\"Allow\",\"Resource\":\"*\"},{\"Action\":[\"sqs:SendMessage\"],\"Effect\":\"Allow\",\"Resource\":\"*\"}]}"
  }
}

