resource "aws_iam_role" "at-rosa-2-ppp4-openshift-machine-api-aws-cloud-credentials" {
  assume_role_policy    = "{\"Statement\":[{\"Action\":\"sts:AssumeRoleWithWebIdentity\",\"Condition\":{\"StringEquals\":{\"rh-oidc.s3.us-east-1.amazonaws.com/2054p508id3akcb336pavotltbkud5d7:sub\":\"system:serviceaccount:openshift-machine-api:machine-api-controllers\"}},\"Effect\":\"Allow\",\"Principal\":{\"Federated\":\"arn:aws:iam::566972129213:oidc-provider/rh-oidc.s3.us-east-1.amazonaws.com/2054p508id3akcb336pavotltbkud5d7\"}}],\"Version\":\"2012-10-17\"}"
  description           = null
  force_detach_policies = false
  managed_policy_arns   = ["arn:aws:iam::566972129213:policy/ManagedOpenShift-openshift-machine-api-aws-cloud-credentials"]
  max_session_duration  = 3600
  name                  = "at-rosa-2-ppp4-openshift-machine-api-aws-cloud-credentials"
  name_prefix           = null
  path                  = "/"
  permissions_boundary  = null
  tags = {
    operator_name      = "aws-cloud-credentials"
    operator_namespace = "openshift-machine-api"
    rosa_cluster_id    = "2054p508id3akcb336pavotltbkud5d7"
  }
  tags_all = {
    operator_name      = "aws-cloud-credentials"
    operator_namespace = "openshift-machine-api"
    rosa_cluster_id    = "2054p508id3akcb336pavotltbkud5d7"
  }
}

