resource "aws_security_group" "sg-0586247ebc5f63f83" {
  description = "allow 5432"
  egress = [{
    cidr_blocks      = ["0.0.0.0/0"]
    description      = ""
    from_port        = 0
    ipv6_cidr_blocks = ["::/0"]
    prefix_list_ids  = []
    protocol         = "-1"
    security_groups  = []
    self             = false
    to_port          = 0
  }]
  ingress = [{
    cidr_blocks      = ["0.0.0.0/0"]
    description      = ""
    from_port        = 5432
    ipv6_cidr_blocks = ["::/0"]
    prefix_list_ids  = []
    protocol         = "tcp"
    security_groups  = []
    self             = false
    to_port          = 5432
  }]
  name                   = "mypostgres"
  name_prefix            = null
  revoke_rules_on_delete = null
  tags                   = {}
  tags_all               = {}
  vpc_id                 = "vpc-0d18b88f8596b92c3"
}

