resource "aws_security_group" "sg-004d5a3344fe6ec77" {
  description = "launch-wizard-4 created 2020-02-29T18:57:56.162+00:00"
  egress = [{
    cidr_blocks      = ["0.0.0.0/0"]
    description      = ""
    from_port        = 0
    ipv6_cidr_blocks = ["::/0"]
    prefix_list_ids  = []
    protocol         = "-1"
    security_groups  = []
    self             = false
    to_port          = 0
  }]
  ingress = [{
    cidr_blocks      = ["0.0.0.0/0"]
    description      = ""
    from_port        = 22
    ipv6_cidr_blocks = []
    prefix_list_ids  = []
    protocol         = "tcp"
    security_groups  = []
    self             = false
    to_port          = 22
    }, {
    cidr_blocks      = []
    description      = ""
    from_port        = 2049
    ipv6_cidr_blocks = []
    prefix_list_ids  = []
    protocol         = "tcp"
    security_groups  = ["sg-0581e8343af7a9120"]
    self             = false
    to_port          = 2049
  }]
  name                   = "hmrc-ec2"
  name_prefix            = null
  revoke_rules_on_delete = null
  tags                   = {}
  tags_all               = {}
  vpc_id                 = "vpc-0d18b88f8596b92c3"
}

