resource "aws_security_group" "sg-0aa2cd28fed522988" {
  description = "AWS created security group for d-9c67238930 directory controllers"
  egress = [{
    cidr_blocks      = []
    description      = ""
    from_port        = 0
    ipv6_cidr_blocks = ["::/0"]
    prefix_list_ids  = []
    protocol         = "-1"
    security_groups  = []
    self             = true
    to_port          = 0
  }]
  ingress = [{
    cidr_blocks      = ["0.0.0.0/0"]
    description      = ""
    from_port        = -1
    ipv6_cidr_blocks = []
    prefix_list_ids  = []
    protocol         = "icmp"
    security_groups  = []
    self             = false
    to_port          = -1
    }, {
    cidr_blocks      = ["0.0.0.0/0"]
    description      = ""
    from_port        = 1024
    ipv6_cidr_blocks = []
    prefix_list_ids  = []
    protocol         = "tcp"
    security_groups  = []
    self             = false
    to_port          = 65535
    }, {
    cidr_blocks      = ["0.0.0.0/0"]
    description      = ""
    from_port        = 123
    ipv6_cidr_blocks = []
    prefix_list_ids  = []
    protocol         = "udp"
    security_groups  = []
    self             = false
    to_port          = 123
    }, {
    cidr_blocks      = ["0.0.0.0/0"]
    description      = ""
    from_port        = 135
    ipv6_cidr_blocks = []
    prefix_list_ids  = []
    protocol         = "tcp"
    security_groups  = []
    self             = false
    to_port          = 135
    }, {
    cidr_blocks      = ["0.0.0.0/0"]
    description      = ""
    from_port        = 138
    ipv6_cidr_blocks = []
    prefix_list_ids  = []
    protocol         = "udp"
    security_groups  = []
    self             = false
    to_port          = 138
    }, {
    cidr_blocks      = ["0.0.0.0/0"]
    description      = ""
    from_port        = 3268
    ipv6_cidr_blocks = []
    prefix_list_ids  = []
    protocol         = "tcp"
    security_groups  = []
    self             = false
    to_port          = 3269
    }, {
    cidr_blocks      = ["0.0.0.0/0"]
    description      = ""
    from_port        = 389
    ipv6_cidr_blocks = []
    prefix_list_ids  = []
    protocol         = "tcp"
    security_groups  = []
    self             = false
    to_port          = 389
    }, {
    cidr_blocks      = ["0.0.0.0/0"]
    description      = ""
    from_port        = 389
    ipv6_cidr_blocks = []
    prefix_list_ids  = []
    protocol         = "udp"
    security_groups  = []
    self             = false
    to_port          = 389
    }, {
    cidr_blocks      = ["0.0.0.0/0"]
    description      = ""
    from_port        = 445
    ipv6_cidr_blocks = []
    prefix_list_ids  = []
    protocol         = "tcp"
    security_groups  = []
    self             = false
    to_port          = 445
    }, {
    cidr_blocks      = ["0.0.0.0/0"]
    description      = ""
    from_port        = 445
    ipv6_cidr_blocks = []
    prefix_list_ids  = []
    protocol         = "udp"
    security_groups  = []
    self             = false
    to_port          = 445
    }, {
    cidr_blocks      = ["0.0.0.0/0"]
    description      = ""
    from_port        = 464
    ipv6_cidr_blocks = []
    prefix_list_ids  = []
    protocol         = "tcp"
    security_groups  = []
    self             = false
    to_port          = 464
    }, {
    cidr_blocks      = ["0.0.0.0/0"]
    description      = ""
    from_port        = 464
    ipv6_cidr_blocks = []
    prefix_list_ids  = []
    protocol         = "udp"
    security_groups  = []
    self             = false
    to_port          = 464
    }, {
    cidr_blocks      = ["0.0.0.0/0"]
    description      = ""
    from_port        = 53
    ipv6_cidr_blocks = []
    prefix_list_ids  = []
    protocol         = "tcp"
    security_groups  = []
    self             = false
    to_port          = 53
    }, {
    cidr_blocks      = ["0.0.0.0/0"]
    description      = ""
    from_port        = 53
    ipv6_cidr_blocks = []
    prefix_list_ids  = []
    protocol         = "udp"
    security_groups  = []
    self             = false
    to_port          = 53
    }, {
    cidr_blocks      = ["0.0.0.0/0"]
    description      = ""
    from_port        = 636
    ipv6_cidr_blocks = []
    prefix_list_ids  = []
    protocol         = "tcp"
    security_groups  = []
    self             = false
    to_port          = 636
    }, {
    cidr_blocks      = ["0.0.0.0/0"]
    description      = ""
    from_port        = 88
    ipv6_cidr_blocks = []
    prefix_list_ids  = []
    protocol         = "tcp"
    security_groups  = []
    self             = false
    to_port          = 88
    }, {
    cidr_blocks      = ["0.0.0.0/0"]
    description      = ""
    from_port        = 88
    ipv6_cidr_blocks = []
    prefix_list_ids  = []
    protocol         = "udp"
    security_groups  = []
    self             = false
    to_port          = 88
    }, {
    cidr_blocks      = []
    description      = ""
    from_port        = 0
    ipv6_cidr_blocks = []
    prefix_list_ids  = []
    protocol         = "-1"
    security_groups  = []
    self             = true
    to_port          = 0
  }]
  name                   = "d-9c67238930_controllers"
  name_prefix            = null
  revoke_rules_on_delete = null
  tags                   = {}
  tags_all               = {}
  vpc_id                 = "vpc-0d18b88f8596b92c3"
}

