resource "aws_route_table" "rtb-02055fcf137b43efb" {
  propagating_vgws = []
  route = [{
    carrier_gateway_id         = ""
    cidr_block                 = "0.0.0.0/0"
    core_network_arn           = ""
    destination_prefix_list_id = ""
    egress_only_gateway_id     = ""
    gateway_id                 = ""
    ipv6_cidr_block            = ""
    local_gateway_id           = ""
    nat_gateway_id             = "nat-0c7b691eca5219301"
    network_interface_id       = ""
    transit_gateway_id         = ""
    vpc_endpoint_id            = ""
    vpc_peering_connection_id  = ""
  }]
  tags = {
    Name = "route-table-priv1"
  }
  tags_all = {
    Name = "route-table-priv1"
  }
  vpc_id = "vpc-0d18b88f8596b92c3"
}

