resource "aws_security_group" "sg-046816932ca539c69" {
  description = "This security group was generated by AWS Marketplace and is based on recommended settings for CIS Microsoft Windows Server 2016 Benchmark - Level 2 version 1.1.0.12 provided by Center for Internet Security"
  egress = [{
    cidr_blocks      = ["0.0.0.0/0"]
    description      = ""
    from_port        = 0
    ipv6_cidr_blocks = ["::/0"]
    prefix_list_ids  = []
    protocol         = "-1"
    security_groups  = []
    self             = false
    to_port          = 0
  }]
  ingress = [{
    cidr_blocks      = ["0.0.0.0/0"]
    description      = ""
    from_port        = 3389
    ipv6_cidr_blocks = []
    prefix_list_ids  = []
    protocol         = "tcp"
    security_groups  = []
    self             = false
    to_port          = 3389
  }]
  name                   = "CIS Microsoft Windows Server 2016 Benchmark - Level 2-1-1-0-12-AutogenByAWSMP-1"
  name_prefix            = null
  revoke_rules_on_delete = null
  tags                   = {}
  tags_all               = {}
  vpc_id                 = "vpc-0d18b88f8596b92c3"
}

