resource "aws_security_group" "sg-00be273af6047769f" {
  description = "sg-lb-atasg"
  egress = [{
    cidr_blocks      = ["0.0.0.0/0"]
    description      = ""
    from_port        = 0
    ipv6_cidr_blocks = ["::/0"]
    prefix_list_ids  = []
    protocol         = "-1"
    security_groups  = []
    self             = false
    to_port          = 0
  }]
  ingress = [{
    cidr_blocks      = ["0.0.0.0/0"]
    description      = ""
    from_port        = 5000
    ipv6_cidr_blocks = []
    prefix_list_ids  = []
    protocol         = "tcp"
    security_groups  = []
    self             = false
    to_port          = 5000
    }, {
    cidr_blocks      = ["0.0.0.0/0"]
    description      = ""
    from_port        = 80
    ipv6_cidr_blocks = ["::/0"]
    prefix_list_ids  = []
    protocol         = "tcp"
    security_groups  = []
    self             = false
    to_port          = 80
  }]
  name                   = "sglbatasg"
  name_prefix            = null
  revoke_rules_on_delete = null
  tags                   = {}
  tags_all               = {}
  vpc_id                 = "vpc-0d18b88f8596b92c3"
}

