resource "aws_security_group" "sg-0a67d4d889051720b" {
  description = "Managed by Terraform"
  egress = [{
    cidr_blocks      = ["0.0.0.0/0"]
    description      = ""
    from_port        = 0
    ipv6_cidr_blocks = []
    prefix_list_ids  = []
    protocol         = "-1"
    security_groups  = []
    self             = false
    to_port          = 0
  }]
  ingress = [{
    cidr_blocks      = ["0.0.0.0/0"]
    description      = ""
    from_port        = -1
    ipv6_cidr_blocks = ["::/0"]
    prefix_list_ids  = []
    protocol         = "icmp"
    security_groups  = []
    self             = false
    to_port          = -1
    }, {
    cidr_blocks      = ["0.0.0.0/0"]
    description      = ""
    from_port        = 443
    ipv6_cidr_blocks = []
    prefix_list_ids  = []
    protocol         = "tcp"
    security_groups  = []
    self             = false
    to_port          = 443
    }, {
    cidr_blocks      = ["10.16.16.0/24", "54.240.197.0/24"]
    description      = ""
    from_port        = 3389
    ipv6_cidr_blocks = []
    prefix_list_ids  = []
    protocol         = "tcp"
    security_groups  = []
    self             = false
    to_port          = 3389
    }, {
    cidr_blocks      = ["100.64.0.0/16"]
    description      = ""
    from_port        = 2049
    ipv6_cidr_blocks = []
    prefix_list_ids  = []
    protocol         = "tcp"
    security_groups  = []
    self             = false
    to_port          = 2049
    }, {
    cidr_blocks      = ["54.240.197.0/24", "81.96.210.11/32"]
    description      = ""
    from_port        = 22
    ipv6_cidr_blocks = []
    prefix_list_ids  = []
    protocol         = "tcp"
    security_groups  = []
    self             = false
    to_port          = 22
    }, {
    cidr_blocks      = []
    description      = ""
    from_port        = 0
    ipv6_cidr_blocks = []
    prefix_list_ids  = []
    protocol         = "-1"
    security_groups  = ["sg-0c8444a8f846d6c50"]
    self             = false
    to_port          = 0
    }, {
    cidr_blocks      = []
    description      = ""
    from_port        = 80
    ipv6_cidr_blocks = []
    prefix_list_ids  = []
    protocol         = "tcp"
    security_groups  = ["sg-00be273af6047769f"]
    self             = false
    to_port          = 80
  }]
  name                   = "allow-at-sg"
  name_prefix            = null
  revoke_rules_on_delete = null
  tags = {
    Name = "allow-at-sg"
  }
  tags_all = {
    Name = "allow-at-sg"
  }
  vpc_id = "vpc-0d18b88f8596b92c3"
}

