resource "aws_vpc" "vpc-0d18b88f8596b92c3" {
  assign_generated_ipv6_cidr_block     = true
  cidr_block                           = "10.1.0.0/24"
  enable_dns_hostnames                 = true
  enable_dns_support                   = true
  enable_network_address_usage_metrics = false
  instance_tenancy                     = "default"
  ipv4_ipam_pool_id                    = null
  ipv4_netmask_length                  = null
  ipv6_cidr_block                      = "2a05:d01c:873:4c00::/56"
  ipv6_cidr_block_network_border_group = "eu-west-2"
  ipv6_ipam_pool_id                    = null
  ipv6_netmask_length                  = 0
  tags = {
    Name = "vpc-andy1"
    RG   = "asgweb1"
  }
  tags_all = {
    Name = "vpc-andy1"
    RG   = "asgweb1"
  }
}

